<?xml version="1.0" encoding="UTF-8"?>
<testsuite name="com.jan.web.security.authentication.AuthenticationEntryPointJwtTest" tests="1" skipped="0" failures="0" errors="0" timestamp="2022-03-12T23:51:33" hostname="jan-mac" time="0.074">
  <properties/>
  <testcase name="whenCommenceMethodIsCalled_thenErrorWithUnauthorizedMessageIsSent()" classname="com.jan.web.security.authentication.AuthenticationEntryPointJwtTest" time="0.074"/>
  <system-out><![CDATA[2022-03-13 00:51:33.208 ERROR 44828 --- [    Test worker] c.j.w.s.a.AuthenticationEntryPointJwt    : Unauthorized error: null
]]></system-out>
  <system-err><![CDATA[]]></system-err>
</testsuite>
