<?xml version="1.0" encoding="UTF-8"?>
<testsuite name="com.jan.web.security.TestControllerTest" tests="1" skipped="0" failures="0" errors="0" timestamp="2022-03-12T23:51:32" hostname="jan-mac" time="0.071">
  <properties/>
  <testcase name="whenUserTriesToAccessAdminContent_thenUnauthorizedResponseIsReturned()" classname="com.jan.web.security.TestControllerTest" time="0.071"/>
  <system-out><![CDATA[2022-03-13 00:51:31.526  INFO 44828 --- [    Test worker] .b.t.c.SpringBootTestContextBootstrapper : Neither @ContextConfiguration nor @ContextHierarchy found for test class [com.jan.web.security.TestControllerTest], using SpringBootContextLoader
2022-03-13 00:51:31.527  INFO 44828 --- [    Test worker] o.s.t.c.support.AbstractContextLoader    : Could not detect default resource locations for test class [com.jan.web.security.TestControllerTest]: no resource found for suffixes {-context.xml, Context.groovy}.
2022-03-13 00:51:31.527  INFO 44828 --- [    Test worker] t.c.s.AnnotationConfigContextLoaderUtils : Could not detect default configuration classes for test class [com.jan.web.security.TestControllerTest]: TestControllerTest does not declare any static, non-private, non-final, nested classes annotated with @Configuration.
2022-03-13 00:51:31.541  INFO 44828 --- [    Test worker] .b.t.c.SpringBootTestContextBootstrapper : Found @SpringBootConfiguration com.jan.web.WebApplication for test class com.jan.web.security.TestControllerTest
2022-03-13 00:51:31.542  INFO 44828 --- [    Test worker] .b.t.c.SpringBootTestContextBootstrapper : Loaded default TestExecutionListener class names from location [META-INF/spring.factories]: [org.springframework.security.test.context.support.WithSecurityContextTestExecutionListener, org.springframework.security.test.context.support.ReactorContextTestExecutionListener, org.springframework.boot.test.autoconfigure.restdocs.RestDocsTestExecutionListener, org.springframework.boot.test.autoconfigure.web.client.MockRestServiceServerResetTestExecutionListener, org.springframework.boot.test.autoconfigure.web.servlet.MockMvcPrintOnlyOnFailureTestExecutionListener, org.springframework.boot.test.autoconfigure.web.servlet.WebDriverTestExecutionListener, org.springframework.boot.test.autoconfigure.webservices.client.MockWebServiceServerTestExecutionListener, org.springframework.boot.test.mock.mockito.MockitoTestExecutionListener, org.springframework.boot.test.mock.mockito.ResetMocksTestExecutionListener, org.springframework.test.context.web.ServletTestExecutionListener, org.springframework.test.context.support.DirtiesContextBeforeModesTestExecutionListener, org.springframework.test.context.event.ApplicationEventsTestExecutionListener, org.springframework.test.context.support.DependencyInjectionTestExecutionListener, org.springframework.test.context.support.DirtiesContextTestExecutionListener, org.springframework.test.context.transaction.TransactionalTestExecutionListener, org.springframework.test.context.jdbc.SqlScriptsTestExecutionListener, org.springframework.test.context.event.EventPublishingTestExecutionListener]
2022-03-13 00:51:31.543  INFO 44828 --- [    Test worker] .b.t.c.SpringBootTestContextBootstrapper : Using TestExecutionListeners: [org.springframework.test.context.web.ServletTestExecutionListener@47d0127f, org.springframework.test.context.support.DirtiesContextBeforeModesTestExecutionListener@c4ef770, org.springframework.test.context.event.ApplicationEventsTestExecutionListener@228f15de, org.springframework.boot.test.mock.mockito.MockitoTestExecutionListener@2f8a82e9, org.springframework.boot.test.autoconfigure.SpringBootDependencyInjectionTestExecutionListener@688e2e8d, org.springframework.test.context.support.DirtiesContextTestExecutionListener@1380a19b, org.springframework.test.context.transaction.TransactionalTestExecutionListener@49fb77d0, org.springframework.test.context.jdbc.SqlScriptsTestExecutionListener@321d39cc, org.springframework.security.test.context.support.WithSecurityContextTestExecutionListener@2bfe9344, org.springframework.test.context.event.EventPublishingTestExecutionListener@3de473d9, org.springframework.security.test.context.support.ReactorContextTestExecutionListener@2fb3c642, org.springframework.boot.test.autoconfigure.restdocs.RestDocsTestExecutionListener@743b4921, org.springframework.boot.test.autoconfigure.web.client.MockRestServiceServerResetTestExecutionListener@2b009051, org.springframework.boot.test.autoconfigure.web.servlet.MockMvcPrintOnlyOnFailureTestExecutionListener@35645453, org.springframework.boot.test.autoconfigure.web.servlet.WebDriverTestExecutionListener@454056b, org.springframework.boot.test.autoconfigure.webservices.client.MockWebServiceServerTestExecutionListener@2a882681, org.springframework.boot.test.mock.mockito.ResetMocksTestExecutionListener@525b999]

  .   ____          _            __ _ _
 /\\ / ___'_ __ _ _(_)_ __  __ _ \ \ \ \
( ( )\___ | '_ | '_| | '_ \/ _` | \ \ \ \
 \\/  ___)| |_)| | | | | || (_| |  ) ) ) )
  '  |____| .__|_| |_|_| |_\__, | / / / /
 =========|_|==============|___/=/_/_/_/
 :: Spring Boot ::                (v2.5.5)

2022-03-13 00:51:31.579  WARN 44828 --- [    Test worker] ory$DuplicateJsonObjectContextCustomizer : 

Found multiple occurrences of org.json.JSONObject on the class path:

	jar:file:/Users/jan/.gradle/caches/modules-2/files-2.1/org.json/json/20090211/c183aa3a2a6250293808bba12262c8920ce5a51c/json-20090211.jar!/org/json/JSONObject.class
	jar:file:/Users/jan/.gradle/caches/modules-2/files-2.1/com.vaadin.external.google/android-json/0.0.20131108.vaadin1/fa26d351fe62a6a17f5cda1287c1c6110dec413f/android-json-0.0.20131108.vaadin1.jar!/org/json/JSONObject.class

You may wish to exclude one of them to ensure predictable runtime behavior

2022-03-13 00:51:31.580  INFO 44828 --- [    Test worker] com.jan.web.security.TestControllerTest  : Starting TestControllerTest using Java 17 on jan-mac with PID 44828 (started by jan in /Users/jan/dev/thesis/ml_runner/java/web)
2022-03-13 00:51:31.581  INFO 44828 --- [    Test worker] com.jan.web.security.TestControllerTest  : No active profile set, falling back to default profiles: default
2022-03-13 00:51:31.781  INFO 44828 --- [    Test worker] .s.d.r.c.RepositoryConfigurationDelegate : Bootstrapping Spring Data JPA repositories in DEFAULT mode.
2022-03-13 00:51:31.799  INFO 44828 --- [    Test worker] .s.d.r.c.RepositoryConfigurationDelegate : Finished Spring Data repository scanning in 17 ms. Found 6 JPA repository interfaces.
2022-03-13 00:51:31.875  INFO 44828 --- [    Test worker] trationDelegate$BeanPostProcessorChecker : Bean 'org.springframework.security.access.expression.method.DefaultMethodSecurityExpressionHandler@43e587cd' of type [org.springframework.security.access.expression.method.DefaultMethodSecurityExpressionHandler] is not eligible for getting processed by all BeanPostProcessors (for example: not eligible for auto-proxying)
2022-03-13 00:51:31.880  INFO 44828 --- [    Test worker] trationDelegate$BeanPostProcessorChecker : Bean 'methodSecurityMetadataSource' of type [org.springframework.security.access.method.DelegatingMethodSecurityMetadataSource] is not eligible for getting processed by all BeanPostProcessors (for example: not eligible for auto-proxying)
2022-03-13 00:51:31.935  INFO 44828 --- [    Test worker] com.zaxxer.hikari.HikariDataSource       : HikariPool-2 - Starting...
2022-03-13 00:51:31.936  INFO 44828 --- [    Test worker] com.zaxxer.hikari.HikariDataSource       : HikariPool-2 - Start completed.
2022-03-13 00:51:31.947  INFO 44828 --- [    Test worker] o.hibernate.jpa.internal.util.LogHelper  : HHH000204: Processing PersistenceUnitInfo [name: default]
2022-03-13 00:51:31.949 DEBUG 44828 --- [    Test worker] org.hibernate.type.BasicTypeRegistry     : Adding type registration boolean -> org.hibernate.type.BooleanType@7e2c6702
2022-03-13 00:51:31.949 DEBUG 44828 --- [    Test worker] org.hibernate.type.BasicTypeRegistry     : Adding type registration boolean -> org.hibernate.type.BooleanType@7e2c6702
2022-03-13 00:51:31.949 DEBUG 44828 --- [    Test worker] org.hibernate.type.BasicTypeRegistry     : Adding type registration java.lang.Boolean -> org.hibernate.type.BooleanType@7e2c6702
2022-03-13 00:51:31.949 DEBUG 44828 --- [    Test worker] org.hibernate.type.BasicTypeRegistry     : Adding type registration numeric_boolean -> org.hibernate.type.NumericBooleanType@4ce267cc
2022-03-13 00:51:31.949 DEBUG 44828 --- [    Test worker] org.hibernate.type.BasicTypeRegistry     : Adding type registration true_false -> org.hibernate.type.TrueFalseType@38f617f4
2022-03-13 00:51:31.950 DEBUG 44828 --- [    Test worker] org.hibernate.type.BasicTypeRegistry     : Adding type registration yes_no -> org.hibernate.type.YesNoType@7c91fe86
2022-03-13 00:51:31.950 DEBUG 44828 --- [    Test worker] org.hibernate.type.BasicTypeRegistry     : Adding type registration byte -> org.hibernate.type.ByteType@12cd129c
2022-03-13 00:51:31.950 DEBUG 44828 --- [    Test worker] org.hibernate.type.BasicTypeRegistry     : Adding type registration byte -> org.hibernate.type.ByteType@12cd129c
2022-03-13 00:51:31.950 DEBUG 44828 --- [    Test worker] org.hibernate.type.BasicTypeRegistry     : Adding type registration java.lang.Byte -> org.hibernate.type.ByteType@12cd129c
2022-03-13 00:51:31.950 DEBUG 44828 --- [    Test worker] org.hibernate.type.BasicTypeRegistry     : Adding type registration character -> org.hibernate.type.CharacterType@51ed2f68
2022-03-13 00:51:31.950 DEBUG 44828 --- [    Test worker] org.hibernate.type.BasicTypeRegistry     : Adding type registration char -> org.hibernate.type.CharacterType@51ed2f68
2022-03-13 00:51:31.950 DEBUG 44828 --- [    Test worker] org.hibernate.type.BasicTypeRegistry     : Adding type registration java.lang.Character -> org.hibernate.type.CharacterType@51ed2f68
2022-03-13 00:51:31.950 DEBUG 44828 --- [    Test worker] org.hibernate.type.BasicTypeRegistry     : Adding type registration short -> org.hibernate.type.ShortType@4fbaa7f5
2022-03-13 00:51:31.950 DEBUG 44828 --- [    Test worker] org.hibernate.type.BasicTypeRegistry     : Adding type registration short -> org.hibernate.type.ShortType@4fbaa7f5
2022-03-13 00:51:31.950 DEBUG 44828 --- [    Test worker] org.hibernate.type.BasicTypeRegistry     : Adding type registration java.lang.Short -> org.hibernate.type.ShortType@4fbaa7f5
2022-03-13 00:51:31.950 DEBUG 44828 --- [    Test worker] org.hibernate.type.BasicTypeRegistry     : Adding type registration integer -> org.hibernate.type.IntegerType@597a7afa
2022-03-13 00:51:31.950 DEBUG 44828 --- [    Test worker] org.hibernate.type.BasicTypeRegistry     : Adding type registration int -> org.hibernate.type.IntegerType@597a7afa
2022-03-13 00:51:31.950 DEBUG 44828 --- [    Test worker] org.hibernate.type.BasicTypeRegistry     : Adding type registration java.lang.Integer -> org.hibernate.type.IntegerType@597a7afa
2022-03-13 00:51:31.951 DEBUG 44828 --- [    Test worker] org.hibernate.type.BasicTypeRegistry     : Adding type registration long -> org.hibernate.type.LongType@5599b5bb
2022-03-13 00:51:31.951 DEBUG 44828 --- [    Test worker] org.hibernate.type.BasicTypeRegistry     : Adding type registration long -> org.hibernate.type.LongType@5599b5bb
2022-03-13 00:51:31.951 DEBUG 44828 --- [    Test worker] org.hibernate.type.BasicTypeRegistry     : Adding type registration java.lang.Long -> org.hibernate.type.LongType@5599b5bb
2022-03-13 00:51:31.951 DEBUG 44828 --- [    Test worker] org.hibernate.type.BasicTypeRegistry     : Adding type registration float -> org.hibernate.type.FloatType@7ead1d80
2022-03-13 00:51:31.951 DEBUG 44828 --- [    Test worker] org.hibernate.type.BasicTypeRegistry     : Adding type registration float -> org.hibernate.type.FloatType@7ead1d80
2022-03-13 00:51:31.951 DEBUG 44828 --- [    Test worker] org.hibernate.type.BasicTypeRegistry     : Adding type registration java.lang.Float -> org.hibernate.type.FloatType@7ead1d80
2022-03-13 00:51:31.951 DEBUG 44828 --- [    Test worker] org.hibernate.type.BasicTypeRegistry     : Adding type registration double -> org.hibernate.type.DoubleType@4a660b34
2022-03-13 00:51:31.951 DEBUG 44828 --- [    Test worker] org.hibernate.type.BasicTypeRegistry     : Adding type registration double -> org.hibernate.type.DoubleType@4a660b34
2022-03-13 00:51:31.951 DEBUG 44828 --- [    Test worker] org.hibernate.type.BasicTypeRegistry     : Adding type registration java.lang.Double -> org.hibernate.type.DoubleType@4a660b34
2022-03-13 00:51:31.951 DEBUG 44828 --- [    Test worker] org.hibernate.type.BasicTypeRegistry     : Adding type registration big_decimal -> org.hibernate.type.BigDecimalType@40c76f5a
2022-03-13 00:51:31.951 DEBUG 44828 --- [    Test worker] org.hibernate.type.BasicTypeRegistry     : Adding type registration java.math.BigDecimal -> org.hibernate.type.BigDecimalType@40c76f5a
2022-03-13 00:51:31.951 DEBUG 44828 --- [    Test worker] org.hibernate.type.BasicTypeRegistry     : Adding type registration big_integer -> org.hibernate.type.BigIntegerType@7f642bf
2022-03-13 00:51:31.951 DEBUG 44828 --- [    Test worker] org.hibernate.type.BasicTypeRegistry     : Adding type registration java.math.BigInteger -> org.hibernate.type.BigIntegerType@7f642bf
2022-03-13 00:51:31.952 DEBUG 44828 --- [    Test worker] org.hibernate.type.BasicTypeRegistry     : Adding type registration string -> org.hibernate.type.StringType@19bfbe28
2022-03-13 00:51:31.952 DEBUG 44828 --- [    Test worker] org.hibernate.type.BasicTypeRegistry     : Adding type registration java.lang.String -> org.hibernate.type.StringType@19bfbe28
2022-03-13 00:51:31.952 DEBUG 44828 --- [    Test worker] org.hibernate.type.BasicTypeRegistry     : Adding type registration nstring -> org.hibernate.type.StringNVarcharType@75ed125a
2022-03-13 00:51:31.952 DEBUG 44828 --- [    Test worker] org.hibernate.type.BasicTypeRegistry     : Adding type registration ncharacter -> org.hibernate.type.CharacterNCharType@6b09ce57
2022-03-13 00:51:31.952 DEBUG 44828 --- [    Test worker] org.hibernate.type.BasicTypeRegistry     : Adding type registration url -> org.hibernate.type.UrlType@5bb2fb2b
2022-03-13 00:51:31.952 DEBUG 44828 --- [    Test worker] org.hibernate.type.BasicTypeRegistry     : Adding type registration java.net.URL -> org.hibernate.type.UrlType@5bb2fb2b
2022-03-13 00:51:31.952 DEBUG 44828 --- [    Test worker] org.hibernate.type.BasicTypeRegistry     : Adding type registration Duration -> org.hibernate.type.DurationType@3d512652
2022-03-13 00:51:31.952 DEBUG 44828 --- [    Test worker] org.hibernate.type.BasicTypeRegistry     : Adding type registration java.time.Duration -> org.hibernate.type.DurationType@3d512652
2022-03-13 00:51:31.952 DEBUG 44828 --- [    Test worker] org.hibernate.type.BasicTypeRegistry     : Adding type registration Instant -> org.hibernate.type.InstantType@5d829ef0
2022-03-13 00:51:31.952 DEBUG 44828 --- [    Test worker] org.hibernate.type.BasicTypeRegistry     : Adding type registration java.time.Instant -> org.hibernate.type.InstantType@5d829ef0
2022-03-13 00:51:31.952 DEBUG 44828 --- [    Test worker] org.hibernate.type.BasicTypeRegistry     : Adding type registration LocalDateTime -> org.hibernate.type.LocalDateTimeType@439d545c
2022-03-13 00:51:31.952 DEBUG 44828 --- [    Test worker] org.hibernate.type.BasicTypeRegistry     : Adding type registration java.time.LocalDateTime -> org.hibernate.type.LocalDateTimeType@439d545c
2022-03-13 00:51:31.952 DEBUG 44828 --- [    Test worker] org.hibernate.type.BasicTypeRegistry     : Adding type registration LocalDate -> org.hibernate.type.LocalDateType@7a1371
2022-03-13 00:51:31.953 DEBUG 44828 --- [    Test worker] org.hibernate.type.BasicTypeRegistry     : Adding type registration java.time.LocalDate -> org.hibernate.type.LocalDateType@7a1371
2022-03-13 00:51:31.953 DEBUG 44828 --- [    Test worker] org.hibernate.type.BasicTypeRegistry     : Adding type registration LocalTime -> org.hibernate.type.LocalTimeType@49038f97
2022-03-13 00:51:31.953 DEBUG 44828 --- [    Test worker] org.hibernate.type.BasicTypeRegistry     : Adding type registration java.time.LocalTime -> org.hibernate.type.LocalTimeType@49038f97
2022-03-13 00:51:31.953 DEBUG 44828 --- [    Test worker] org.hibernate.type.BasicTypeRegistry     : Adding type registration OffsetDateTime -> org.hibernate.type.OffsetDateTimeType@4fe8f2ae
2022-03-13 00:51:31.953 DEBUG 44828 --- [    Test worker] org.hibernate.type.BasicTypeRegistry     : Adding type registration java.time.OffsetDateTime -> org.hibernate.type.OffsetDateTimeType@4fe8f2ae
2022-03-13 00:51:31.953 DEBUG 44828 --- [    Test worker] org.hibernate.type.BasicTypeRegistry     : Adding type registration OffsetTime -> org.hibernate.type.OffsetTimeType@10bf1ec9
2022-03-13 00:51:31.953 DEBUG 44828 --- [    Test worker] org.hibernate.type.BasicTypeRegistry     : Adding type registration java.time.OffsetTime -> org.hibernate.type.OffsetTimeType@10bf1ec9
2022-03-13 00:51:31.953 DEBUG 44828 --- [    Test worker] org.hibernate.type.BasicTypeRegistry     : Adding type registration ZonedDateTime -> org.hibernate.type.ZonedDateTimeType@7606bd03
2022-03-13 00:51:31.953 DEBUG 44828 --- [    Test worker] org.hibernate.type.BasicTypeRegistry     : Adding type registration java.time.ZonedDateTime -> org.hibernate.type.ZonedDateTimeType@7606bd03
2022-03-13 00:51:31.953 DEBUG 44828 --- [    Test worker] org.hibernate.type.BasicTypeRegistry     : Adding type registration date -> org.hibernate.type.DateType@4c063cb9
2022-03-13 00:51:31.953 DEBUG 44828 --- [    Test worker] org.hibernate.type.BasicTypeRegistry     : Adding type registration java.sql.Date -> org.hibernate.type.DateType@4c063cb9
2022-03-13 00:51:31.953 DEBUG 44828 --- [    Test worker] org.hibernate.type.BasicTypeRegistry     : Adding type registration time -> org.hibernate.type.TimeType@7b1a30e5
2022-03-13 00:51:31.953 DEBUG 44828 --- [    Test worker] org.hibernate.type.BasicTypeRegistry     : Adding type registration java.sql.Time -> org.hibernate.type.TimeType@7b1a30e5
2022-03-13 00:51:31.953 DEBUG 44828 --- [    Test worker] org.hibernate.type.BasicTypeRegistry     : Adding type registration timestamp -> org.hibernate.type.TimestampType@2fba0dac
2022-03-13 00:51:31.954 DEBUG 44828 --- [    Test worker] org.hibernate.type.BasicTypeRegistry     : Adding type registration java.sql.Timestamp -> org.hibernate.type.TimestampType@2fba0dac
2022-03-13 00:51:31.954 DEBUG 44828 --- [    Test worker] org.hibernate.type.BasicTypeRegistry     : Adding type registration java.util.Date -> org.hibernate.type.TimestampType@2fba0dac
2022-03-13 00:51:31.954 DEBUG 44828 --- [    Test worker] org.hibernate.type.BasicTypeRegistry     : Adding type registration dbtimestamp -> org.hibernate.type.DbTimestampType@7be38eba
2022-03-13 00:51:31.954 DEBUG 44828 --- [    Test worker] org.hibernate.type.BasicTypeRegistry     : Adding type registration calendar -> org.hibernate.type.CalendarType@b5c902
2022-03-13 00:51:31.954 DEBUG 44828 --- [    Test worker] org.hibernate.type.BasicTypeRegistry     : Adding type registration java.util.Calendar -> org.hibernate.type.CalendarType@b5c902
2022-03-13 00:51:31.954 DEBUG 44828 --- [    Test worker] org.hibernate.type.BasicTypeRegistry     : Adding type registration java.util.GregorianCalendar -> org.hibernate.type.CalendarType@b5c902
2022-03-13 00:51:31.954 DEBUG 44828 --- [    Test worker] org.hibernate.type.BasicTypeRegistry     : Adding type registration calendar_date -> org.hibernate.type.CalendarDateType@56da96b3
2022-03-13 00:51:31.954 DEBUG 44828 --- [    Test worker] org.hibernate.type.BasicTypeRegistry     : Adding type registration calendar_time -> org.hibernate.type.CalendarTimeType@2ba9f986
2022-03-13 00:51:31.954 DEBUG 44828 --- [    Test worker] org.hibernate.type.BasicTypeRegistry     : Adding type registration locale -> org.hibernate.type.LocaleType@3302035b
2022-03-13 00:51:31.954 DEBUG 44828 --- [    Test worker] org.hibernate.type.BasicTypeRegistry     : Adding type registration java.util.Locale -> org.hibernate.type.LocaleType@3302035b
2022-03-13 00:51:31.954 DEBUG 44828 --- [    Test worker] org.hibernate.type.BasicTypeRegistry     : Adding type registration currency -> org.hibernate.type.CurrencyType@21be14c2
2022-03-13 00:51:31.954 DEBUG 44828 --- [    Test worker] org.hibernate.type.BasicTypeRegistry     : Adding type registration java.util.Currency -> org.hibernate.type.CurrencyType@21be14c2
2022-03-13 00:51:31.954 DEBUG 44828 --- [    Test worker] org.hibernate.type.BasicTypeRegistry     : Adding type registration timezone -> org.hibernate.type.TimeZoneType@22b82ddf
2022-03-13 00:51:31.954 DEBUG 44828 --- [    Test worker] org.hibernate.type.BasicTypeRegistry     : Adding type registration java.util.TimeZone -> org.hibernate.type.TimeZoneType@22b82ddf
2022-03-13 00:51:31.955 DEBUG 44828 --- [    Test worker] org.hibernate.type.BasicTypeRegistry     : Adding type registration class -> org.hibernate.type.ClassType@2de3b052
2022-03-13 00:51:31.955 DEBUG 44828 --- [    Test worker] org.hibernate.type.BasicTypeRegistry     : Adding type registration java.lang.Class -> org.hibernate.type.ClassType@2de3b052
2022-03-13 00:51:31.955 DEBUG 44828 --- [    Test worker] org.hibernate.type.BasicTypeRegistry     : Adding type registration uuid-binary -> org.hibernate.type.UUIDBinaryType@b3857e2
2022-03-13 00:51:31.955 DEBUG 44828 --- [    Test worker] org.hibernate.type.BasicTypeRegistry     : Adding type registration java.util.UUID -> org.hibernate.type.UUIDBinaryType@b3857e2
2022-03-13 00:51:31.955 DEBUG 44828 --- [    Test worker] org.hibernate.type.BasicTypeRegistry     : Adding type registration uuid-char -> org.hibernate.type.UUIDCharType@99c4993
2022-03-13 00:51:31.955 DEBUG 44828 --- [    Test worker] org.hibernate.type.BasicTypeRegistry     : Adding type registration binary -> org.hibernate.type.BinaryType@64bba0eb
2022-03-13 00:51:31.955 DEBUG 44828 --- [    Test worker] org.hibernate.type.BasicTypeRegistry     : Adding type registration byte[] -> org.hibernate.type.BinaryType@64bba0eb
2022-03-13 00:51:31.955 DEBUG 44828 --- [    Test worker] org.hibernate.type.BasicTypeRegistry     : Adding type registration [B -> org.hibernate.type.BinaryType@64bba0eb
2022-03-13 00:51:31.955 DEBUG 44828 --- [    Test worker] org.hibernate.type.BasicTypeRegistry     : Adding type registration wrapper-binary -> org.hibernate.type.WrapperBinaryType@729cd862
2022-03-13 00:51:31.955 DEBUG 44828 --- [    Test worker] org.hibernate.type.BasicTypeRegistry     : Adding type registration Byte[] -> org.hibernate.type.WrapperBinaryType@729cd862
2022-03-13 00:51:31.955 DEBUG 44828 --- [    Test worker] org.hibernate.type.BasicTypeRegistry     : Adding type registration [Ljava.lang.Byte; -> org.hibernate.type.WrapperBinaryType@729cd862
2022-03-13 00:51:31.955 DEBUG 44828 --- [    Test worker] org.hibernate.type.BasicTypeRegistry     : Adding type registration row_version -> org.hibernate.type.RowVersionType@100d0218
2022-03-13 00:51:31.955 DEBUG 44828 --- [    Test worker] org.hibernate.type.BasicTypeRegistry     : Adding type registration image -> org.hibernate.type.ImageType@4baf997
2022-03-13 00:51:31.955 DEBUG 44828 --- [    Test worker] org.hibernate.type.BasicTypeRegistry     : Adding type registration characters -> org.hibernate.type.CharArrayType@52c46334
2022-03-13 00:51:31.955 DEBUG 44828 --- [    Test worker] org.hibernate.type.BasicTypeRegistry     : Adding type registration char[] -> org.hibernate.type.CharArrayType@52c46334
2022-03-13 00:51:31.955 DEBUG 44828 --- [    Test worker] org.hibernate.type.BasicTypeRegistry     : Adding type registration [C -> org.hibernate.type.CharArrayType@52c46334
2022-03-13 00:51:31.956 DEBUG 44828 --- [    Test worker] org.hibernate.type.BasicTypeRegistry     : Adding type registration wrapper-characters -> org.hibernate.type.CharacterArrayType@6546371
2022-03-13 00:51:31.956 DEBUG 44828 --- [    Test worker] org.hibernate.type.BasicTypeRegistry     : Adding type registration [Ljava.lang.Character; -> org.hibernate.type.CharacterArrayType@6546371
2022-03-13 00:51:31.956 DEBUG 44828 --- [    Test worker] org.hibernate.type.BasicTypeRegistry     : Adding type registration Character[] -> org.hibernate.type.CharacterArrayType@6546371
2022-03-13 00:51:31.956 DEBUG 44828 --- [    Test worker] org.hibernate.type.BasicTypeRegistry     : Adding type registration text -> org.hibernate.type.TextType@227a933d
2022-03-13 00:51:31.956 DEBUG 44828 --- [    Test worker] org.hibernate.type.BasicTypeRegistry     : Adding type registration ntext -> org.hibernate.type.NTextType@7bc2ae16
2022-03-13 00:51:31.956 DEBUG 44828 --- [    Test worker] org.hibernate.type.BasicTypeRegistry     : Adding type registration blob -> org.hibernate.type.BlobType@334540a0
2022-03-13 00:51:31.956 DEBUG 44828 --- [    Test worker] org.hibernate.type.BasicTypeRegistry     : Adding type registration java.sql.Blob -> org.hibernate.type.BlobType@334540a0
2022-03-13 00:51:31.956 DEBUG 44828 --- [    Test worker] org.hibernate.type.BasicTypeRegistry     : Adding type registration materialized_blob -> org.hibernate.type.MaterializedBlobType@42aa1324
2022-03-13 00:51:31.956 DEBUG 44828 --- [    Test worker] org.hibernate.type.BasicTypeRegistry     : Adding type registration clob -> org.hibernate.type.ClobType@72eed547
2022-03-13 00:51:31.956 DEBUG 44828 --- [    Test worker] org.hibernate.type.BasicTypeRegistry     : Adding type registration java.sql.Clob -> org.hibernate.type.ClobType@72eed547
2022-03-13 00:51:31.956 DEBUG 44828 --- [    Test worker] org.hibernate.type.BasicTypeRegistry     : Adding type registration nclob -> org.hibernate.type.NClobType@3c17bd0b
2022-03-13 00:51:31.956 DEBUG 44828 --- [    Test worker] org.hibernate.type.BasicTypeRegistry     : Adding type registration java.sql.NClob -> org.hibernate.type.NClobType@3c17bd0b
2022-03-13 00:51:31.956 DEBUG 44828 --- [    Test worker] org.hibernate.type.BasicTypeRegistry     : Adding type registration materialized_clob -> org.hibernate.type.MaterializedClobType@d0b814d
2022-03-13 00:51:31.957 DEBUG 44828 --- [    Test worker] org.hibernate.type.BasicTypeRegistry     : Adding type registration materialized_nclob -> org.hibernate.type.MaterializedNClobType@7af0d91b
2022-03-13 00:51:31.957 DEBUG 44828 --- [    Test worker] org.hibernate.type.BasicTypeRegistry     : Adding type registration serializable -> org.hibernate.type.SerializableType@74f4a2ba
2022-03-13 00:51:31.957 DEBUG 44828 --- [    Test worker] org.hibernate.type.BasicTypeRegistry     : Adding type registration object -> org.hibernate.type.ObjectType@18026052
2022-03-13 00:51:31.957 DEBUG 44828 --- [    Test worker] org.hibernate.type.BasicTypeRegistry     : Adding type registration java.lang.Object -> org.hibernate.type.ObjectType@18026052
2022-03-13 00:51:31.957 DEBUG 44828 --- [    Test worker] org.hibernate.type.BasicTypeRegistry     : Adding type registration imm_date -> org.hibernate.type.AdaptedImmutableType@5c9844a4
2022-03-13 00:51:31.957 DEBUG 44828 --- [    Test worker] org.hibernate.type.BasicTypeRegistry     : Adding type registration imm_time -> org.hibernate.type.AdaptedImmutableType@3beee525
2022-03-13 00:51:31.957 DEBUG 44828 --- [    Test worker] org.hibernate.type.BasicTypeRegistry     : Adding type registration imm_timestamp -> org.hibernate.type.AdaptedImmutableType@2324e26c
2022-03-13 00:51:31.957 DEBUG 44828 --- [    Test worker] org.hibernate.type.BasicTypeRegistry     : Adding type registration imm_dbtimestamp -> org.hibernate.type.AdaptedImmutableType@716205f9
2022-03-13 00:51:31.957 DEBUG 44828 --- [    Test worker] org.hibernate.type.BasicTypeRegistry     : Adding type registration imm_calendar -> org.hibernate.type.AdaptedImmutableType@6fc1d215
2022-03-13 00:51:31.957 DEBUG 44828 --- [    Test worker] org.hibernate.type.BasicTypeRegistry     : Adding type registration imm_calendar_date -> org.hibernate.type.AdaptedImmutableType@234ad505
2022-03-13 00:51:31.957 DEBUG 44828 --- [    Test worker] org.hibernate.type.BasicTypeRegistry     : Adding type registration imm_binary -> org.hibernate.type.AdaptedImmutableType@27796482
2022-03-13 00:51:31.957 DEBUG 44828 --- [    Test worker] org.hibernate.type.BasicTypeRegistry     : Adding type registration imm_serializable -> org.hibernate.type.AdaptedImmutableType@4655e059
2022-03-13 00:51:31.960  INFO 44828 --- [    Test worker] org.hibernate.dialect.Dialect            : HHH000400: Using dialect: org.hibernate.dialect.H2Dialect
2022-03-13 00:51:31.967 DEBUG 44828 --- [    Test worker] o.h.type.spi.TypeConfiguration$Scope     : Scoping TypeConfiguration [org.hibernate.type.spi.TypeConfiguration@1828069a] to MetadataBuildingContext [org.hibernate.boot.internal.MetadataBuildingContextRootImpl@3e2afba0]
2022-03-13 00:51:31.979 DEBUG 44828 --- [    Test worker] org.hibernate.type.EnumType              : Using NAMED-based conversion for Enum com.jan.web.security.role.RoleType
2022-03-13 00:51:31.980 DEBUG 44828 --- [    Test worker] o.h.type.spi.TypeConfiguration$Scope     : Scoping TypeConfiguration [org.hibernate.type.spi.TypeConfiguration@1828069a] to SessionFactoryImpl [org.hibernate.internal.SessionFactoryImpl@2baf9cd4]
Hibernate: 
    
    drop table if exists containers CASCADE 
Hibernate: 
    
    drop table if exists project CASCADE 
Hibernate: 
    
    drop table if exists result CASCADE 
Hibernate: 
    
    drop table if exists role CASCADE 
Hibernate: 
    
    drop table if exists runner CASCADE 
Hibernate: 
    
    drop table if exists user_roles CASCADE 
Hibernate: 
    
    drop table if exists users CASCADE 
Hibernate: 
    
    drop sequence if exists hibernate_sequence
Hibernate: 
    
    drop sequence if exists seq_post
Hibernate: create sequence hibernate_sequence start with 1 increment by 1
Hibernate: create sequence seq_post start with 20000 increment by 1
Hibernate: 
    
    create table containers (
       id bigint not null,
        user_id bigint,
        primary key (id)
    )
Hibernate: 
    
    create table project (
       id bigint not null,
        first_label varchar(255),
        first_label_folder varchar(255),
        name varchar(255),
        second_label varchar(255),
        second_label_folder varchar(255),
        selected_model varchar(255),
        user_id bigint,
        primary key (id)
    )
Hibernate: 
    
    create table result (
       id bigint generated by default as identity,
        first_label_result double not null,
        second_label_result double not null,
        runner_id bigint,
        primary key (id)
    )
Hibernate: 
    
    create table role (
       id integer generated by default as identity,
        name varchar(20),
        primary key (id)
    )
Hibernate: 
    
    create table runner (
       id bigint generated by default as identity,
        c_parameter double not null,
        gamma_parameter double not null,
        is_finished boolean not null,
        project_id bigint,
        primary key (id)
    )
Hibernate: 
    
    create table user_roles (
       user_id bigint not null,
        role_id integer not null,
        primary key (user_id, role_id)
    )
Hibernate: 
    
    create table users (
       id bigint generated by default as identity,
        password varchar(255),
        username varchar(255),
        primary key (id)
    )
Hibernate: 
    
    alter table users 
       add constraint UKr43af9ap4edm43mmtq01oddj6 unique (username)
Hibernate: 
    
    alter table containers 
       add constraint FKhbpjtq3c7kl92xdx31xxk40xe 
       foreign key (user_id) 
       references users
Hibernate: 
    
    alter table project 
       add constraint FKf1va93taog6qokr6sqmtgr93h 
       foreign key (user_id) 
       references users
Hibernate: 
    
    alter table result 
       add constraint FKt5ci3kune1ey9ycnj257g9nrw 
       foreign key (runner_id) 
       references runner
Hibernate: 
    
    alter table runner 
       add constraint FKa69kamy8ccjs0xffv9rdaukw4 
       foreign key (project_id) 
       references project
Hibernate: 
    
    alter table user_roles 
       add constraint FKrhfovtciq1l558cw6udg0h0d3 
       foreign key (role_id) 
       references role
Hibernate: 
    
    alter table user_roles 
       add constraint FKhfh9dx7w3ubf1co1vdev94g3f 
       foreign key (user_id) 
       references users
2022-03-13 00:51:32.042  INFO 44828 --- [    Test worker] o.h.t.schema.internal.SchemaCreatorImpl  : HHH000476: Executing import script 'file:/Users/jan/dev/thesis/ml_runner/java/web/build/resources/main/import.sql'
Hibernate: 
    INSERT INTO role(name) VALUES('ROLE_USER')
Hibernate: 
    INSERT INTO role(name) VALUES('ROLE_ADMIN')
2022-03-13 00:51:32.044  INFO 44828 --- [    Test worker] o.h.e.t.j.p.i.JtaPlatformInitiator       : HHH000490: Using JtaPlatform implementation: [org.hibernate.engine.transaction.jta.platform.internal.NoJtaPlatform]
2022-03-13 00:51:32.044 TRACE 44828 --- [    Test worker] o.h.type.spi.TypeConfiguration$Scope     : Handling #sessionFactoryCreated from [org.hibernate.internal.SessionFactoryImpl@2baf9cd4] for TypeConfiguration
2022-03-13 00:51:32.044  INFO 44828 --- [    Test worker] j.LocalContainerEntityManagerFactoryBean : Initialized JPA EntityManagerFactory for persistence unit 'default'
2022-03-13 00:51:32.145  WARN 44828 --- [    Test worker] c.g.dockerjava.core.DockerClientBuilder  : 'dockerHttpClient' should be set.Falling back to Jersey, will be an error in future releases.
2022-03-13 00:51:32.195  WARN 44828 --- [    Test worker] JpaBaseConfiguration$JpaWebConfiguration : spring.jpa.open-in-view is enabled by default. Therefore, database queries may be performed during view rendering. Explicitly configure spring.jpa.open-in-view to disable this warning
2022-03-13 00:51:32.446  INFO 44828 --- [    Test worker] o.s.b.a.h2.H2ConsoleAutoConfiguration    : H2 console available at '/console'. Database available at 'jdbc:h2:mem:testdb'
2022-03-13 00:51:32.561  INFO 44828 --- [    Test worker] o.s.s.web.DefaultSecurityFilterChain     : Will secure any request with [org.springframework.security.web.context.request.async.WebAsyncManagerIntegrationFilter@3fde6c3b, org.springframework.security.web.context.SecurityContextPersistenceFilter@31b70b2a, org.springframework.security.web.header.HeaderWriterFilter@7b74883, org.springframework.web.filter.CorsFilter@36810c06, org.springframework.security.web.authentication.logout.LogoutFilter@3697cfee, com.jan.web.security.authentication.AuthorizationTokenFilter@6896ef29, org.springframework.security.web.savedrequest.RequestCacheAwareFilter@513babf3, org.springframework.security.web.servletapi.SecurityContextHolderAwareRequestFilter@6cf50207, org.springframework.security.web.authentication.AnonymousAuthenticationFilter@4015ebf1, org.springframework.security.web.session.SessionManagementFilter@75f4c44c, org.springframework.security.web.access.ExceptionTranslationFilter@bfd7235, org.springframework.security.web.access.intercept.FilterSecurityInterceptor@b7da2c4]
2022-03-13 00:51:32.821  INFO 44828 --- [    Test worker] o.s.b.t.m.w.SpringBootMockServletContext : Initializing Spring TestDispatcherServlet ''
2022-03-13 00:51:32.821  INFO 44828 --- [    Test worker] o.s.t.web.servlet.TestDispatcherServlet  : Initializing Servlet ''
2022-03-13 00:51:32.822  INFO 44828 --- [    Test worker] o.s.t.web.servlet.TestDispatcherServlet  : Completed initialization in 1 ms
2022-03-13 00:51:32.836  INFO 44828 --- [    Test worker] com.jan.web.security.TestControllerTest  : Started TestControllerTest in 1.291 seconds (JVM running for 229.542)
]]></system-out>
  <system-err><![CDATA[]]></system-err>
</testsuite>
