<?xml version="1.0" encoding="UTF-8"?>
<testsuite name="com.jan.web.request.ContainerRequestMakerTest" tests="1" skipped="0" failures="0" errors="0" timestamp="2022-03-12T23:51:37" hostname="jan-mac" time="0.083">
  <properties/>
  <testcase name="whenRequestIsMade_thenResponseIsReturned()" classname="com.jan.web.request.ContainerRequestMakerTest" time="0.083"/>
  <system-out><![CDATA[]]></system-out>
  <system-err><![CDATA[]]></system-err>
</testsuite>
