<?xml version="1.0" encoding="UTF-8"?>
<testsuite name="com.jan.web.runner.RunnerControllerTest" tests="9" skipped="0" failures="0" errors="0" timestamp="2022-03-12T23:51:33" hostname="jan-mac" time="0.276">
  <properties/>
  <testcase name="whenRequestForResultForFinishedRunnerForFirstTime_thenResultIsPersisted()" classname="com.jan.web.runner.RunnerControllerTest" time="0.239"/>
  <testcase name="whenRequestForFinished_thenInformationIsObtainedFromContainer()" classname="com.jan.web.runner.RunnerControllerTest" time="0.013"/>
  <testcase name="whenRunnerIsFinished_thenFinishedInformationIsPersisted()" classname="com.jan.web.runner.RunnerControllerTest" time="0.002"/>
  <testcase name="whenRunnerIsNotFinished_thenNotFinishedInformationIsPersisted()" classname="com.jan.web.runner.RunnerControllerTest" time="0.002"/>
  <testcase name="whenRequestForResultForFinishedRunnerForFirstTime_thenResultIsObtainedFromContainer()" classname="com.jan.web.runner.RunnerControllerTest" time="0.002"/>
  <testcase name="whenRequestForRunningProject_thenRunnerIsPersisted()" classname="com.jan.web.runner.RunnerControllerTest" time="0.001"/>
  <testcase name="whenRequestForResultForUnfinishedRunner_thenMessageInReturned()" classname="com.jan.web.runner.RunnerControllerTest" time="0.001"/>
  <testcase name="whenRequestForResultForFinishedRunnerForSecondTime_thenResultIsObtainedFromLocalSource()" classname="com.jan.web.runner.RunnerControllerTest" time="0.011"/>
  <testcase name="whenRequestForFinishedForAlreadyFinishedRunner_thenInformationIsObtainedFromLocalSource()" classname="com.jan.web.runner.RunnerControllerTest" time="0.001"/>
  <system-out><![CDATA[]]></system-out>
  <system-err><![CDATA[]]></system-err>
</testsuite>
