<?xml version="1.0" encoding="UTF-8"?>
<testsuite name="com.jan.web.runner.ContainerProjectRunnerTest" tests="2" skipped="0" failures="0" errors="0" timestamp="2022-03-12T23:51:33" hostname="jan-mac" time="0.014">
  <properties/>
  <testcase name="whenStopMethodIsCalled_thenContainerIsInformed()" classname="com.jan.web.runner.ContainerProjectRunnerTest" time="0.001"/>
  <testcase name="whenRunMethodIsCalled_thenContainerIsInformed()" classname="com.jan.web.runner.ContainerProjectRunnerTest" time="0.013"/>
  <system-out><![CDATA[]]></system-out>
  <system-err><![CDATA[]]></system-err>
</testsuite>
