<?xml version="1.0" encoding="UTF-8"?>
<testsuite name="com.jan.web.docker.DockerServiceTest" tests="2" skipped="0" failures="0" errors="0" timestamp="2022-03-12T23:51:10" hostname="jan-mac" time="21.021">
  <properties/>
  <testcase name="whenContainerHasBeenAlreadyBuilt_thenContainerWillBeStarted()" classname="com.jan.web.docker.DockerServiceTest" time="0.111"/>
  <testcase name="whenContainerHasNotBeenBuiltYet_thenNewContainerWillBeCreated()" classname="com.jan.web.docker.DockerServiceTest" time="20.909"/>
  <system-out><![CDATA[2022-03-13 00:51:10.484  INFO 44828 --- [    Test worker] .b.t.c.SpringBootTestContextBootstrapper : Neither @ContextConfiguration nor @ContextHierarchy found for test class [com.jan.web.docker.DockerServiceTest], using SpringBootContextLoader
2022-03-13 00:51:10.485  INFO 44828 --- [    Test worker] o.s.t.c.support.AbstractContextLoader    : Could not detect default resource locations for test class [com.jan.web.docker.DockerServiceTest]: no resource found for suffixes {-context.xml, Context.groovy}.
2022-03-13 00:51:10.485  INFO 44828 --- [    Test worker] t.c.s.AnnotationConfigContextLoaderUtils : Could not detect default configuration classes for test class [com.jan.web.docker.DockerServiceTest]: DockerServiceTest does not declare any static, non-private, non-final, nested classes annotated with @Configuration.
2022-03-13 00:51:10.497  INFO 44828 --- [    Test worker] .b.t.c.SpringBootTestContextBootstrapper : Found @SpringBootConfiguration com.jan.web.WebApplication for test class com.jan.web.docker.DockerServiceTest
2022-03-13 00:51:10.499  INFO 44828 --- [    Test worker] .b.t.c.SpringBootTestContextBootstrapper : Loaded default TestExecutionListener class names from location [META-INF/spring.factories]: [org.springframework.security.test.context.support.WithSecurityContextTestExecutionListener, org.springframework.security.test.context.support.ReactorContextTestExecutionListener, org.springframework.boot.test.autoconfigure.restdocs.RestDocsTestExecutionListener, org.springframework.boot.test.autoconfigure.web.client.MockRestServiceServerResetTestExecutionListener, org.springframework.boot.test.autoconfigure.web.servlet.MockMvcPrintOnlyOnFailureTestExecutionListener, org.springframework.boot.test.autoconfigure.web.servlet.WebDriverTestExecutionListener, org.springframework.boot.test.autoconfigure.webservices.client.MockWebServiceServerTestExecutionListener, org.springframework.boot.test.mock.mockito.MockitoTestExecutionListener, org.springframework.boot.test.mock.mockito.ResetMocksTestExecutionListener, org.springframework.test.context.web.ServletTestExecutionListener, org.springframework.test.context.support.DirtiesContextBeforeModesTestExecutionListener, org.springframework.test.context.event.ApplicationEventsTestExecutionListener, org.springframework.test.context.support.DependencyInjectionTestExecutionListener, org.springframework.test.context.support.DirtiesContextTestExecutionListener, org.springframework.test.context.transaction.TransactionalTestExecutionListener, org.springframework.test.context.jdbc.SqlScriptsTestExecutionListener, org.springframework.test.context.event.EventPublishingTestExecutionListener]
2022-03-13 00:51:10.499  INFO 44828 --- [    Test worker] .b.t.c.SpringBootTestContextBootstrapper : Using TestExecutionListeners: [org.springframework.test.context.web.ServletTestExecutionListener@8dcc25, org.springframework.test.context.support.DirtiesContextBeforeModesTestExecutionListener@2693b289, org.springframework.test.context.event.ApplicationEventsTestExecutionListener@66c58c03, org.springframework.boot.test.mock.mockito.MockitoTestExecutionListener@29e40db1, org.springframework.boot.test.autoconfigure.SpringBootDependencyInjectionTestExecutionListener@47e6004c, org.springframework.test.context.support.DirtiesContextTestExecutionListener@7c5ae5c3, org.springframework.test.context.transaction.TransactionalTestExecutionListener@36b5dbdf, org.springframework.test.context.jdbc.SqlScriptsTestExecutionListener@3f35d13d, org.springframework.security.test.context.support.WithSecurityContextTestExecutionListener@482652f7, org.springframework.test.context.event.EventPublishingTestExecutionListener@63f9c2cd, org.springframework.security.test.context.support.ReactorContextTestExecutionListener@7b0a864e, org.springframework.boot.test.autoconfigure.restdocs.RestDocsTestExecutionListener@6a271c2b, org.springframework.boot.test.autoconfigure.web.client.MockRestServiceServerResetTestExecutionListener@106c4a72, org.springframework.boot.test.autoconfigure.web.servlet.MockMvcPrintOnlyOnFailureTestExecutionListener@3d2e1d18, org.springframework.boot.test.autoconfigure.web.servlet.WebDriverTestExecutionListener@12b9d405, org.springframework.boot.test.autoconfigure.webservices.client.MockWebServiceServerTestExecutionListener@402d443d, org.springframework.boot.test.mock.mockito.ResetMocksTestExecutionListener@32e0b990]
2022-03-13 00:51:10.506  WARN 44828 --- [    Test worker] c.g.dockerjava.core.DockerClientBuilder  : 'dockerHttpClient' should be set.Falling back to Jersey, will be an error in future releases.
2022-03-13 00:51:10.616  WARN 44828 --- [    Test worker] c.g.dockerjava.core.DockerClientBuilder  : 'dockerHttpClient' should be set.Falling back to Jersey, will be an error in future releases.
]]></system-out>
  <system-err><![CDATA[]]></system-err>
</testsuite>
