<?xml version="1.0" encoding="UTF-8"?>
<testsuite name="com.jan.web.security.user.UserDetailsServiceImplTest" tests="2" skipped="0" failures="0" errors="0" timestamp="2022-03-12T23:51:32" hostname="jan-mac" time="0.208">
  <properties/>
  <testcase name="whenUserIsNotFound_thenExceptionIsThrown()" classname="com.jan.web.security.user.UserDetailsServiceImplTest" time="0.15"/>
  <testcase name="whenUserIsFound_thenUserIsReturned()" classname="com.jan.web.security.user.UserDetailsServiceImplTest" time="0.057"/>
  <system-out><![CDATA[2022-03-13 00:51:32.913  INFO 44828 --- [    Test worker] .b.t.c.SpringBootTestContextBootstrapper : Neither @ContextConfiguration nor @ContextHierarchy found for test class [com.jan.web.security.user.UserDetailsServiceImplTest], using SpringBootContextLoader
2022-03-13 00:51:32.914  INFO 44828 --- [    Test worker] o.s.t.c.support.AbstractContextLoader    : Could not detect default resource locations for test class [com.jan.web.security.user.UserDetailsServiceImplTest]: no resource found for suffixes {-context.xml, Context.groovy}.
2022-03-13 00:51:32.914  INFO 44828 --- [    Test worker] t.c.s.AnnotationConfigContextLoaderUtils : Could not detect default configuration classes for test class [com.jan.web.security.user.UserDetailsServiceImplTest]: UserDetailsServiceImplTest does not declare any static, non-private, non-final, nested classes annotated with @Configuration.
2022-03-13 00:51:32.920  INFO 44828 --- [    Test worker] .b.t.c.SpringBootTestContextBootstrapper : Found @SpringBootConfiguration com.jan.web.WebApplication for test class com.jan.web.security.user.UserDetailsServiceImplTest
2022-03-13 00:51:32.922  INFO 44828 --- [    Test worker] .b.t.c.SpringBootTestContextBootstrapper : Loaded default TestExecutionListener class names from location [META-INF/spring.factories]: [org.springframework.security.test.context.support.WithSecurityContextTestExecutionListener, org.springframework.security.test.context.support.ReactorContextTestExecutionListener, org.springframework.boot.test.autoconfigure.restdocs.RestDocsTestExecutionListener, org.springframework.boot.test.autoconfigure.web.client.MockRestServiceServerResetTestExecutionListener, org.springframework.boot.test.autoconfigure.web.servlet.MockMvcPrintOnlyOnFailureTestExecutionListener, org.springframework.boot.test.autoconfigure.web.servlet.WebDriverTestExecutionListener, org.springframework.boot.test.autoconfigure.webservices.client.MockWebServiceServerTestExecutionListener, org.springframework.boot.test.mock.mockito.MockitoTestExecutionListener, org.springframework.boot.test.mock.mockito.ResetMocksTestExecutionListener, org.springframework.test.context.web.ServletTestExecutionListener, org.springframework.test.context.support.DirtiesContextBeforeModesTestExecutionListener, org.springframework.test.context.event.ApplicationEventsTestExecutionListener, org.springframework.test.context.support.DependencyInjectionTestExecutionListener, org.springframework.test.context.support.DirtiesContextTestExecutionListener, org.springframework.test.context.transaction.TransactionalTestExecutionListener, org.springframework.test.context.jdbc.SqlScriptsTestExecutionListener, org.springframework.test.context.event.EventPublishingTestExecutionListener]
2022-03-13 00:51:32.922  INFO 44828 --- [    Test worker] .b.t.c.SpringBootTestContextBootstrapper : Using TestExecutionListeners: [org.springframework.test.context.web.ServletTestExecutionListener@69e67993, org.springframework.test.context.support.DirtiesContextBeforeModesTestExecutionListener@435e857c, org.springframework.test.context.event.ApplicationEventsTestExecutionListener@f11fe28, org.springframework.boot.test.mock.mockito.MockitoTestExecutionListener@4f1502d7, org.springframework.boot.test.autoconfigure.SpringBootDependencyInjectionTestExecutionListener@1565c047, org.springframework.test.context.support.DirtiesContextTestExecutionListener@22a7d2f2, org.springframework.test.context.transaction.TransactionalTestExecutionListener@22479830, org.springframework.test.context.jdbc.SqlScriptsTestExecutionListener@45a33515, org.springframework.security.test.context.support.WithSecurityContextTestExecutionListener@7effa21e, org.springframework.test.context.event.EventPublishingTestExecutionListener@6253df71, org.springframework.security.test.context.support.ReactorContextTestExecutionListener@7c4b5d13, org.springframework.boot.test.autoconfigure.restdocs.RestDocsTestExecutionListener@201cc412, org.springframework.boot.test.autoconfigure.web.client.MockRestServiceServerResetTestExecutionListener@23707d5d, org.springframework.boot.test.autoconfigure.web.servlet.MockMvcPrintOnlyOnFailureTestExecutionListener@5fa49615, org.springframework.boot.test.autoconfigure.web.servlet.WebDriverTestExecutionListener@7921eb37, org.springframework.boot.test.autoconfigure.webservices.client.MockWebServiceServerTestExecutionListener@3fdb9c55, org.springframework.boot.test.mock.mockito.ResetMocksTestExecutionListener@1f619466]
Hibernate: 
    /* select
        generatedAlias0 
    from
        User as generatedAlias0 
    where
        generatedAlias0.username=:param0 */ select
            user0_.id as id1_6_,
            user0_.password as password2_6_,
            user0_.username as username3_6_ 
        from
            users user0_ 
        where
            user0_.username=?
2022-03-13 00:51:33.067 TRACE 44828 --- [    Test worker] o.h.type.descriptor.sql.BasicBinder      : binding parameter [1] as [VARCHAR] - [NonExistingUsername]
Hibernate: 
    /* insert com.jan.web.security.user.User
        */ insert 
        into
            users
            (id, password, username) 
        values
            (null, ?, ?)
2022-03-13 00:51:33.102 TRACE 44828 --- [    Test worker] o.h.type.descriptor.sql.BasicBinder      : binding parameter [1] as [VARCHAR] - [password]
2022-03-13 00:51:33.102 TRACE 44828 --- [    Test worker] o.h.type.descriptor.sql.BasicBinder      : binding parameter [2] as [VARCHAR] - [user@email.com]
Hibernate: 
    /* select
        generatedAlias0 
    from
        User as generatedAlias0 
    where
        generatedAlias0.username=:param0 */ select
            user0_.id as id1_6_,
            user0_.password as password2_6_,
            user0_.username as username3_6_ 
        from
            users user0_ 
        where
            user0_.username=?
2022-03-13 00:51:33.115 TRACE 44828 --- [    Test worker] o.h.type.descriptor.sql.BasicBinder      : binding parameter [1] as [VARCHAR] - [user@email.com]
2022-03-13 00:51:33.117 TRACE 44828 --- [    Test worker] o.h.type.descriptor.sql.BasicExtractor   : extracted value ([id1_6_] : [BIGINT]) - [1]
2022-03-13 00:51:33.119 TRACE 44828 --- [    Test worker] o.h.type.descriptor.sql.BasicExtractor   : extracted value ([password2_6_] : [VARCHAR]) - [password]
2022-03-13 00:51:33.119 TRACE 44828 --- [    Test worker] o.h.type.descriptor.sql.BasicExtractor   : extracted value ([username3_6_] : [VARCHAR]) - [user@email.com]
2022-03-13 00:51:33.123 TRACE 44828 --- [    Test worker] org.hibernate.type.CollectionType        : Created collection wrapper: [com.jan.web.security.user.User.roles#1]
Hibernate: 
    select
        roles0_.user_id as user_id1_5_0_,
        roles0_.role_id as role_id2_5_0_,
        role1_.id as id1_3_1_,
        role1_.name as name2_3_1_ 
    from
        user_roles roles0_ 
    inner join
        role role1_ 
            on roles0_.role_id=role1_.id 
    where
        roles0_.user_id=?
2022-03-13 00:51:33.127 TRACE 44828 --- [    Test worker] o.h.type.descriptor.sql.BasicBinder      : binding parameter [1] as [BIGINT] - [1]
]]></system-out>
  <system-err><![CDATA[]]></system-err>
</testsuite>
