<?xml version="1.0" encoding="UTF-8"?>
<testsuite name="com.jan.web.api.ApiTest" tests="7" skipped="0" failures="0" errors="0" timestamp="2022-03-12T23:51:35" hostname="jan-mac" time="1.857">
  <properties/>
  <testcase name="publicContent()" classname="com.jan.web.api.ApiTest" time="0.485"/>
  <testcase name="whenUserHasCreatedProjects_thenProjectsAreReturned()" classname="com.jan.web.api.ApiTest" time="0.266"/>
  <testcase name="userContent()" classname="com.jan.web.api.ApiTest" time="0.183"/>
  <testcase name="whenProjectHasNoRunners_thenNoRunnersAreReturned()" classname="com.jan.web.api.ApiTest" time="0.245"/>
  <testcase name="whenProjectHasRunners_thenRunnersAreReturned()" classname="com.jan.web.api.ApiTest" time="0.283"/>
  <testcase name="whenUserTriesToCreateProject_thenProjectIsCreated()" classname="com.jan.web.api.ApiTest" time="0.208"/>
  <testcase name="whenUserHasNoProjectsCreated_thenNoProjectIsReturned()" classname="com.jan.web.api.ApiTest" time="0.181"/>
  <system-out><![CDATA[2022-03-13 00:51:33.717  INFO 44828 --- [    Test worker] .b.t.c.SpringBootTestContextBootstrapper : Neither @ContextConfiguration nor @ContextHierarchy found for test class [com.jan.web.api.ApiTest], using SpringBootContextLoader
2022-03-13 00:51:33.718  INFO 44828 --- [    Test worker] o.s.t.c.support.AbstractContextLoader    : Could not detect default resource locations for test class [com.jan.web.api.ApiTest]: no resource found for suffixes {-context.xml, Context.groovy}.
2022-03-13 00:51:33.718  INFO 44828 --- [    Test worker] t.c.s.AnnotationConfigContextLoaderUtils : Could not detect default configuration classes for test class [com.jan.web.api.ApiTest]: ApiTest does not declare any static, non-private, non-final, nested classes annotated with @Configuration.
2022-03-13 00:51:33.721  INFO 44828 --- [    Test worker] .b.t.c.SpringBootTestContextBootstrapper : Found @SpringBootConfiguration com.jan.web.WebApplication for test class com.jan.web.api.ApiTest
2022-03-13 00:51:33.722  INFO 44828 --- [    Test worker] .b.t.c.SpringBootTestContextBootstrapper : Loaded default TestExecutionListener class names from location [META-INF/spring.factories]: [org.springframework.security.test.context.support.WithSecurityContextTestExecutionListener, org.springframework.security.test.context.support.ReactorContextTestExecutionListener, org.springframework.boot.test.autoconfigure.restdocs.RestDocsTestExecutionListener, org.springframework.boot.test.autoconfigure.web.client.MockRestServiceServerResetTestExecutionListener, org.springframework.boot.test.autoconfigure.web.servlet.MockMvcPrintOnlyOnFailureTestExecutionListener, org.springframework.boot.test.autoconfigure.web.servlet.WebDriverTestExecutionListener, org.springframework.boot.test.autoconfigure.webservices.client.MockWebServiceServerTestExecutionListener, org.springframework.boot.test.mock.mockito.MockitoTestExecutionListener, org.springframework.boot.test.mock.mockito.ResetMocksTestExecutionListener, org.springframework.test.context.web.ServletTestExecutionListener, org.springframework.test.context.support.DirtiesContextBeforeModesTestExecutionListener, org.springframework.test.context.event.ApplicationEventsTestExecutionListener, org.springframework.test.context.support.DependencyInjectionTestExecutionListener, org.springframework.test.context.support.DirtiesContextTestExecutionListener, org.springframework.test.context.transaction.TransactionalTestExecutionListener, org.springframework.test.context.jdbc.SqlScriptsTestExecutionListener, org.springframework.test.context.event.EventPublishingTestExecutionListener]
2022-03-13 00:51:33.722  INFO 44828 --- [    Test worker] .b.t.c.SpringBootTestContextBootstrapper : Using TestExecutionListeners: [org.springframework.test.context.web.ServletTestExecutionListener@3e12aa8b, org.springframework.test.context.support.DirtiesContextBeforeModesTestExecutionListener@29c947d0, org.springframework.test.context.event.ApplicationEventsTestExecutionListener@676a2d36, org.springframework.boot.test.mock.mockito.MockitoTestExecutionListener@6cfa6a04, org.springframework.boot.test.autoconfigure.SpringBootDependencyInjectionTestExecutionListener@4797c3e2, org.springframework.test.context.support.DirtiesContextTestExecutionListener@2483eb07, org.springframework.test.context.transaction.TransactionalTestExecutionListener@12b6713c, org.springframework.test.context.jdbc.SqlScriptsTestExecutionListener@2d239324, org.springframework.security.test.context.support.WithSecurityContextTestExecutionListener@54d2cdb1, org.springframework.test.context.event.EventPublishingTestExecutionListener@6f32cfff, org.springframework.security.test.context.support.ReactorContextTestExecutionListener@4eac6cb4, org.springframework.boot.test.autoconfigure.restdocs.RestDocsTestExecutionListener@7f277cf6, org.springframework.boot.test.autoconfigure.web.client.MockRestServiceServerResetTestExecutionListener@3d5a99e6, org.springframework.boot.test.autoconfigure.web.servlet.MockMvcPrintOnlyOnFailureTestExecutionListener@44eee485, org.springframework.boot.test.autoconfigure.web.servlet.WebDriverTestExecutionListener@698af960, org.springframework.boot.test.autoconfigure.webservices.client.MockWebServiceServerTestExecutionListener@2d8ef86b, org.springframework.boot.test.mock.mockito.ResetMocksTestExecutionListener@44f2d195]

  .   ____          _            __ _ _
 /\\ / ___'_ __ _ _(_)_ __  __ _ \ \ \ \
( ( )\___ | '_ | '_| | '_ \/ _` | \ \ \ \
 \\/  ___)| |_)| | | | | || (_| |  ) ) ) )
  '  |____| .__|_| |_|_| |_\__, | / / / /
 =========|_|==============|___/=/_/_/_/
 :: Spring Boot ::                (v2.5.5)

2022-03-13 00:51:33.747  WARN 44828 --- [    Test worker] ory$DuplicateJsonObjectContextCustomizer : 

Found multiple occurrences of org.json.JSONObject on the class path:

	jar:file:/Users/jan/.gradle/caches/modules-2/files-2.1/org.json/json/20090211/c183aa3a2a6250293808bba12262c8920ce5a51c/json-20090211.jar!/org/json/JSONObject.class
	jar:file:/Users/jan/.gradle/caches/modules-2/files-2.1/com.vaadin.external.google/android-json/0.0.20131108.vaadin1/fa26d351fe62a6a17f5cda1287c1c6110dec413f/android-json-0.0.20131108.vaadin1.jar!/org/json/JSONObject.class

You may wish to exclude one of them to ensure predictable runtime behavior

2022-03-13 00:51:33.749  INFO 44828 --- [    Test worker] com.jan.web.api.ApiTest                  : Starting ApiTest using Java 17 on jan-mac with PID 44828 (started by jan in /Users/jan/dev/thesis/ml_runner/java/web)
2022-03-13 00:51:33.749  INFO 44828 --- [    Test worker] com.jan.web.api.ApiTest                  : No active profile set, falling back to default profiles: default
2022-03-13 00:51:33.881  INFO 44828 --- [    Test worker] .s.d.r.c.RepositoryConfigurationDelegate : Bootstrapping Spring Data JPA repositories in DEFAULT mode.
2022-03-13 00:51:33.905  INFO 44828 --- [    Test worker] .s.d.r.c.RepositoryConfigurationDelegate : Finished Spring Data repository scanning in 22 ms. Found 6 JPA repository interfaces.
2022-03-13 00:51:33.972  INFO 44828 --- [    Test worker] trationDelegate$BeanPostProcessorChecker : Bean 'org.springframework.security.access.expression.method.DefaultMethodSecurityExpressionHandler@1bee92f9' of type [org.springframework.security.access.expression.method.DefaultMethodSecurityExpressionHandler] is not eligible for getting processed by all BeanPostProcessors (for example: not eligible for auto-proxying)
2022-03-13 00:51:33.978  INFO 44828 --- [    Test worker] trationDelegate$BeanPostProcessorChecker : Bean 'methodSecurityMetadataSource' of type [org.springframework.security.access.method.DelegatingMethodSecurityMetadataSource] is not eligible for getting processed by all BeanPostProcessors (for example: not eligible for auto-proxying)
2022-03-13 00:51:34.183  INFO 44828 --- [    Test worker] o.s.b.w.embedded.tomcat.TomcatWebServer  : Tomcat initialized with port(s): 0 (http)
2022-03-13 00:51:34.197  INFO 44828 --- [    Test worker] o.apache.catalina.core.StandardService   : Starting service [Tomcat]
2022-03-13 00:51:34.197  INFO 44828 --- [    Test worker] org.apache.catalina.core.StandardEngine  : Starting Servlet engine: [Apache Tomcat/9.0.53]
2022-03-13 00:51:34.325  INFO 44828 --- [    Test worker] o.a.c.c.C.[Tomcat].[localhost].[/]       : Initializing Spring embedded WebApplicationContext
2022-03-13 00:51:34.325  INFO 44828 --- [    Test worker] w.s.c.ServletWebServerApplicationContext : Root WebApplicationContext: initialization completed in 574 ms
2022-03-13 00:51:34.353  INFO 44828 --- [    Test worker] com.zaxxer.hikari.HikariDataSource       : HikariPool-3 - Starting...
2022-03-13 00:51:34.355  INFO 44828 --- [    Test worker] com.zaxxer.hikari.HikariDataSource       : HikariPool-3 - Start completed.
2022-03-13 00:51:34.355  INFO 44828 --- [    Test worker] o.s.b.a.h2.H2ConsoleAutoConfiguration    : H2 console available at '/console'. Database available at 'jdbc:h2:mem:testdb'
2022-03-13 00:51:34.473  INFO 44828 --- [    Test worker] o.hibernate.jpa.internal.util.LogHelper  : HHH000204: Processing PersistenceUnitInfo [name: default]
2022-03-13 00:51:34.476 DEBUG 44828 --- [    Test worker] org.hibernate.type.BasicTypeRegistry     : Adding type registration boolean -> org.hibernate.type.BooleanType@7e2c6702
2022-03-13 00:51:34.476 DEBUG 44828 --- [    Test worker] org.hibernate.type.BasicTypeRegistry     : Adding type registration boolean -> org.hibernate.type.BooleanType@7e2c6702
2022-03-13 00:51:34.476 DEBUG 44828 --- [    Test worker] org.hibernate.type.BasicTypeRegistry     : Adding type registration java.lang.Boolean -> org.hibernate.type.BooleanType@7e2c6702
2022-03-13 00:51:34.476 DEBUG 44828 --- [    Test worker] org.hibernate.type.BasicTypeRegistry     : Adding type registration numeric_boolean -> org.hibernate.type.NumericBooleanType@4ce267cc
2022-03-13 00:51:34.476 DEBUG 44828 --- [    Test worker] org.hibernate.type.BasicTypeRegistry     : Adding type registration true_false -> org.hibernate.type.TrueFalseType@38f617f4
2022-03-13 00:51:34.476 DEBUG 44828 --- [    Test worker] org.hibernate.type.BasicTypeRegistry     : Adding type registration yes_no -> org.hibernate.type.YesNoType@7c91fe86
2022-03-13 00:51:34.476 DEBUG 44828 --- [    Test worker] org.hibernate.type.BasicTypeRegistry     : Adding type registration byte -> org.hibernate.type.ByteType@12cd129c
2022-03-13 00:51:34.476 DEBUG 44828 --- [    Test worker] org.hibernate.type.BasicTypeRegistry     : Adding type registration byte -> org.hibernate.type.ByteType@12cd129c
2022-03-13 00:51:34.476 DEBUG 44828 --- [    Test worker] org.hibernate.type.BasicTypeRegistry     : Adding type registration java.lang.Byte -> org.hibernate.type.ByteType@12cd129c
2022-03-13 00:51:34.476 DEBUG 44828 --- [    Test worker] org.hibernate.type.BasicTypeRegistry     : Adding type registration character -> org.hibernate.type.CharacterType@51ed2f68
2022-03-13 00:51:34.476 DEBUG 44828 --- [    Test worker] org.hibernate.type.BasicTypeRegistry     : Adding type registration char -> org.hibernate.type.CharacterType@51ed2f68
2022-03-13 00:51:34.476 DEBUG 44828 --- [    Test worker] org.hibernate.type.BasicTypeRegistry     : Adding type registration java.lang.Character -> org.hibernate.type.CharacterType@51ed2f68
2022-03-13 00:51:34.476 DEBUG 44828 --- [    Test worker] org.hibernate.type.BasicTypeRegistry     : Adding type registration short -> org.hibernate.type.ShortType@4fbaa7f5
2022-03-13 00:51:34.476 DEBUG 44828 --- [    Test worker] org.hibernate.type.BasicTypeRegistry     : Adding type registration short -> org.hibernate.type.ShortType@4fbaa7f5
2022-03-13 00:51:34.476 DEBUG 44828 --- [    Test worker] org.hibernate.type.BasicTypeRegistry     : Adding type registration java.lang.Short -> org.hibernate.type.ShortType@4fbaa7f5
2022-03-13 00:51:34.477 DEBUG 44828 --- [    Test worker] org.hibernate.type.BasicTypeRegistry     : Adding type registration integer -> org.hibernate.type.IntegerType@597a7afa
2022-03-13 00:51:34.477 DEBUG 44828 --- [    Test worker] org.hibernate.type.BasicTypeRegistry     : Adding type registration int -> org.hibernate.type.IntegerType@597a7afa
2022-03-13 00:51:34.477 DEBUG 44828 --- [    Test worker] org.hibernate.type.BasicTypeRegistry     : Adding type registration java.lang.Integer -> org.hibernate.type.IntegerType@597a7afa
2022-03-13 00:51:34.477 DEBUG 44828 --- [    Test worker] org.hibernate.type.BasicTypeRegistry     : Adding type registration long -> org.hibernate.type.LongType@5599b5bb
2022-03-13 00:51:34.477 DEBUG 44828 --- [    Test worker] org.hibernate.type.BasicTypeRegistry     : Adding type registration long -> org.hibernate.type.LongType@5599b5bb
2022-03-13 00:51:34.477 DEBUG 44828 --- [    Test worker] org.hibernate.type.BasicTypeRegistry     : Adding type registration java.lang.Long -> org.hibernate.type.LongType@5599b5bb
2022-03-13 00:51:34.477 DEBUG 44828 --- [    Test worker] org.hibernate.type.BasicTypeRegistry     : Adding type registration float -> org.hibernate.type.FloatType@7ead1d80
2022-03-13 00:51:34.477 DEBUG 44828 --- [    Test worker] org.hibernate.type.BasicTypeRegistry     : Adding type registration float -> org.hibernate.type.FloatType@7ead1d80
2022-03-13 00:51:34.477 DEBUG 44828 --- [    Test worker] org.hibernate.type.BasicTypeRegistry     : Adding type registration java.lang.Float -> org.hibernate.type.FloatType@7ead1d80
2022-03-13 00:51:34.477 DEBUG 44828 --- [    Test worker] org.hibernate.type.BasicTypeRegistry     : Adding type registration double -> org.hibernate.type.DoubleType@4a660b34
2022-03-13 00:51:34.477 DEBUG 44828 --- [    Test worker] org.hibernate.type.BasicTypeRegistry     : Adding type registration double -> org.hibernate.type.DoubleType@4a660b34
2022-03-13 00:51:34.477 DEBUG 44828 --- [    Test worker] org.hibernate.type.BasicTypeRegistry     : Adding type registration java.lang.Double -> org.hibernate.type.DoubleType@4a660b34
2022-03-13 00:51:34.477 DEBUG 44828 --- [    Test worker] org.hibernate.type.BasicTypeRegistry     : Adding type registration big_decimal -> org.hibernate.type.BigDecimalType@40c76f5a
2022-03-13 00:51:34.477 DEBUG 44828 --- [    Test worker] org.hibernate.type.BasicTypeRegistry     : Adding type registration java.math.BigDecimal -> org.hibernate.type.BigDecimalType@40c76f5a
2022-03-13 00:51:34.478 DEBUG 44828 --- [    Test worker] org.hibernate.type.BasicTypeRegistry     : Adding type registration big_integer -> org.hibernate.type.BigIntegerType@7f642bf
2022-03-13 00:51:34.478 DEBUG 44828 --- [    Test worker] org.hibernate.type.BasicTypeRegistry     : Adding type registration java.math.BigInteger -> org.hibernate.type.BigIntegerType@7f642bf
2022-03-13 00:51:34.478 DEBUG 44828 --- [    Test worker] org.hibernate.type.BasicTypeRegistry     : Adding type registration string -> org.hibernate.type.StringType@19bfbe28
2022-03-13 00:51:34.478 DEBUG 44828 --- [    Test worker] org.hibernate.type.BasicTypeRegistry     : Adding type registration java.lang.String -> org.hibernate.type.StringType@19bfbe28
2022-03-13 00:51:34.478 DEBUG 44828 --- [    Test worker] org.hibernate.type.BasicTypeRegistry     : Adding type registration nstring -> org.hibernate.type.StringNVarcharType@75ed125a
2022-03-13 00:51:34.478 DEBUG 44828 --- [    Test worker] org.hibernate.type.BasicTypeRegistry     : Adding type registration ncharacter -> org.hibernate.type.CharacterNCharType@6b09ce57
2022-03-13 00:51:34.478 DEBUG 44828 --- [    Test worker] org.hibernate.type.BasicTypeRegistry     : Adding type registration url -> org.hibernate.type.UrlType@5bb2fb2b
2022-03-13 00:51:34.478 DEBUG 44828 --- [    Test worker] org.hibernate.type.BasicTypeRegistry     : Adding type registration java.net.URL -> org.hibernate.type.UrlType@5bb2fb2b
2022-03-13 00:51:34.478 DEBUG 44828 --- [    Test worker] org.hibernate.type.BasicTypeRegistry     : Adding type registration Duration -> org.hibernate.type.DurationType@3d512652
2022-03-13 00:51:34.478 DEBUG 44828 --- [    Test worker] org.hibernate.type.BasicTypeRegistry     : Adding type registration java.time.Duration -> org.hibernate.type.DurationType@3d512652
2022-03-13 00:51:34.478 DEBUG 44828 --- [    Test worker] org.hibernate.type.BasicTypeRegistry     : Adding type registration Instant -> org.hibernate.type.InstantType@5d829ef0
2022-03-13 00:51:34.478 DEBUG 44828 --- [    Test worker] org.hibernate.type.BasicTypeRegistry     : Adding type registration java.time.Instant -> org.hibernate.type.InstantType@5d829ef0
2022-03-13 00:51:34.478 DEBUG 44828 --- [    Test worker] org.hibernate.type.BasicTypeRegistry     : Adding type registration LocalDateTime -> org.hibernate.type.LocalDateTimeType@439d545c
2022-03-13 00:51:34.478 DEBUG 44828 --- [    Test worker] org.hibernate.type.BasicTypeRegistry     : Adding type registration java.time.LocalDateTime -> org.hibernate.type.LocalDateTimeType@439d545c
2022-03-13 00:51:34.479 DEBUG 44828 --- [    Test worker] org.hibernate.type.BasicTypeRegistry     : Adding type registration LocalDate -> org.hibernate.type.LocalDateType@7a1371
2022-03-13 00:51:34.479 DEBUG 44828 --- [    Test worker] org.hibernate.type.BasicTypeRegistry     : Adding type registration java.time.LocalDate -> org.hibernate.type.LocalDateType@7a1371
2022-03-13 00:51:34.479 DEBUG 44828 --- [    Test worker] org.hibernate.type.BasicTypeRegistry     : Adding type registration LocalTime -> org.hibernate.type.LocalTimeType@49038f97
2022-03-13 00:51:34.479 DEBUG 44828 --- [    Test worker] org.hibernate.type.BasicTypeRegistry     : Adding type registration java.time.LocalTime -> org.hibernate.type.LocalTimeType@49038f97
2022-03-13 00:51:34.479 DEBUG 44828 --- [    Test worker] org.hibernate.type.BasicTypeRegistry     : Adding type registration OffsetDateTime -> org.hibernate.type.OffsetDateTimeType@4fe8f2ae
2022-03-13 00:51:34.479 DEBUG 44828 --- [    Test worker] org.hibernate.type.BasicTypeRegistry     : Adding type registration java.time.OffsetDateTime -> org.hibernate.type.OffsetDateTimeType@4fe8f2ae
2022-03-13 00:51:34.479 DEBUG 44828 --- [    Test worker] org.hibernate.type.BasicTypeRegistry     : Adding type registration OffsetTime -> org.hibernate.type.OffsetTimeType@10bf1ec9
2022-03-13 00:51:34.479 DEBUG 44828 --- [    Test worker] org.hibernate.type.BasicTypeRegistry     : Adding type registration java.time.OffsetTime -> org.hibernate.type.OffsetTimeType@10bf1ec9
2022-03-13 00:51:34.479 DEBUG 44828 --- [    Test worker] org.hibernate.type.BasicTypeRegistry     : Adding type registration ZonedDateTime -> org.hibernate.type.ZonedDateTimeType@7606bd03
2022-03-13 00:51:34.479 DEBUG 44828 --- [    Test worker] org.hibernate.type.BasicTypeRegistry     : Adding type registration java.time.ZonedDateTime -> org.hibernate.type.ZonedDateTimeType@7606bd03
2022-03-13 00:51:34.479 DEBUG 44828 --- [    Test worker] org.hibernate.type.BasicTypeRegistry     : Adding type registration date -> org.hibernate.type.DateType@4c063cb9
2022-03-13 00:51:34.479 DEBUG 44828 --- [    Test worker] org.hibernate.type.BasicTypeRegistry     : Adding type registration java.sql.Date -> org.hibernate.type.DateType@4c063cb9
2022-03-13 00:51:34.479 DEBUG 44828 --- [    Test worker] org.hibernate.type.BasicTypeRegistry     : Adding type registration time -> org.hibernate.type.TimeType@7b1a30e5
2022-03-13 00:51:34.480 DEBUG 44828 --- [    Test worker] org.hibernate.type.BasicTypeRegistry     : Adding type registration java.sql.Time -> org.hibernate.type.TimeType@7b1a30e5
2022-03-13 00:51:34.480 DEBUG 44828 --- [    Test worker] org.hibernate.type.BasicTypeRegistry     : Adding type registration timestamp -> org.hibernate.type.TimestampType@2fba0dac
2022-03-13 00:51:34.480 DEBUG 44828 --- [    Test worker] org.hibernate.type.BasicTypeRegistry     : Adding type registration java.sql.Timestamp -> org.hibernate.type.TimestampType@2fba0dac
2022-03-13 00:51:34.480 DEBUG 44828 --- [    Test worker] org.hibernate.type.BasicTypeRegistry     : Adding type registration java.util.Date -> org.hibernate.type.TimestampType@2fba0dac
2022-03-13 00:51:34.480 DEBUG 44828 --- [    Test worker] org.hibernate.type.BasicTypeRegistry     : Adding type registration dbtimestamp -> org.hibernate.type.DbTimestampType@7be38eba
2022-03-13 00:51:34.480 DEBUG 44828 --- [    Test worker] org.hibernate.type.BasicTypeRegistry     : Adding type registration calendar -> org.hibernate.type.CalendarType@b5c902
2022-03-13 00:51:34.480 DEBUG 44828 --- [    Test worker] org.hibernate.type.BasicTypeRegistry     : Adding type registration java.util.Calendar -> org.hibernate.type.CalendarType@b5c902
2022-03-13 00:51:34.480 DEBUG 44828 --- [    Test worker] org.hibernate.type.BasicTypeRegistry     : Adding type registration java.util.GregorianCalendar -> org.hibernate.type.CalendarType@b5c902
2022-03-13 00:51:34.480 DEBUG 44828 --- [    Test worker] org.hibernate.type.BasicTypeRegistry     : Adding type registration calendar_date -> org.hibernate.type.CalendarDateType@56da96b3
2022-03-13 00:51:34.480 DEBUG 44828 --- [    Test worker] org.hibernate.type.BasicTypeRegistry     : Adding type registration calendar_time -> org.hibernate.type.CalendarTimeType@2ba9f986
2022-03-13 00:51:34.480 DEBUG 44828 --- [    Test worker] org.hibernate.type.BasicTypeRegistry     : Adding type registration locale -> org.hibernate.type.LocaleType@3302035b
2022-03-13 00:51:34.480 DEBUG 44828 --- [    Test worker] org.hibernate.type.BasicTypeRegistry     : Adding type registration java.util.Locale -> org.hibernate.type.LocaleType@3302035b
2022-03-13 00:51:34.480 DEBUG 44828 --- [    Test worker] org.hibernate.type.BasicTypeRegistry     : Adding type registration currency -> org.hibernate.type.CurrencyType@21be14c2
2022-03-13 00:51:34.480 DEBUG 44828 --- [    Test worker] org.hibernate.type.BasicTypeRegistry     : Adding type registration java.util.Currency -> org.hibernate.type.CurrencyType@21be14c2
2022-03-13 00:51:34.480 DEBUG 44828 --- [    Test worker] org.hibernate.type.BasicTypeRegistry     : Adding type registration timezone -> org.hibernate.type.TimeZoneType@22b82ddf
2022-03-13 00:51:34.480 DEBUG 44828 --- [    Test worker] org.hibernate.type.BasicTypeRegistry     : Adding type registration java.util.TimeZone -> org.hibernate.type.TimeZoneType@22b82ddf
2022-03-13 00:51:34.481 DEBUG 44828 --- [    Test worker] org.hibernate.type.BasicTypeRegistry     : Adding type registration class -> org.hibernate.type.ClassType@2de3b052
2022-03-13 00:51:34.481 DEBUG 44828 --- [    Test worker] org.hibernate.type.BasicTypeRegistry     : Adding type registration java.lang.Class -> org.hibernate.type.ClassType@2de3b052
2022-03-13 00:51:34.481 DEBUG 44828 --- [    Test worker] org.hibernate.type.BasicTypeRegistry     : Adding type registration uuid-binary -> org.hibernate.type.UUIDBinaryType@b3857e2
2022-03-13 00:51:34.481 DEBUG 44828 --- [    Test worker] org.hibernate.type.BasicTypeRegistry     : Adding type registration java.util.UUID -> org.hibernate.type.UUIDBinaryType@b3857e2
2022-03-13 00:51:34.481 DEBUG 44828 --- [    Test worker] org.hibernate.type.BasicTypeRegistry     : Adding type registration uuid-char -> org.hibernate.type.UUIDCharType@99c4993
2022-03-13 00:51:34.481 DEBUG 44828 --- [    Test worker] org.hibernate.type.BasicTypeRegistry     : Adding type registration binary -> org.hibernate.type.BinaryType@64bba0eb
2022-03-13 00:51:34.481 DEBUG 44828 --- [    Test worker] org.hibernate.type.BasicTypeRegistry     : Adding type registration byte[] -> org.hibernate.type.BinaryType@64bba0eb
2022-03-13 00:51:34.481 DEBUG 44828 --- [    Test worker] org.hibernate.type.BasicTypeRegistry     : Adding type registration [B -> org.hibernate.type.BinaryType@64bba0eb
2022-03-13 00:51:34.481 DEBUG 44828 --- [    Test worker] org.hibernate.type.BasicTypeRegistry     : Adding type registration wrapper-binary -> org.hibernate.type.WrapperBinaryType@729cd862
2022-03-13 00:51:34.481 DEBUG 44828 --- [    Test worker] org.hibernate.type.BasicTypeRegistry     : Adding type registration Byte[] -> org.hibernate.type.WrapperBinaryType@729cd862
2022-03-13 00:51:34.481 DEBUG 44828 --- [    Test worker] org.hibernate.type.BasicTypeRegistry     : Adding type registration [Ljava.lang.Byte; -> org.hibernate.type.WrapperBinaryType@729cd862
2022-03-13 00:51:34.481 DEBUG 44828 --- [    Test worker] org.hibernate.type.BasicTypeRegistry     : Adding type registration row_version -> org.hibernate.type.RowVersionType@100d0218
2022-03-13 00:51:34.481 DEBUG 44828 --- [    Test worker] org.hibernate.type.BasicTypeRegistry     : Adding type registration image -> org.hibernate.type.ImageType@4baf997
2022-03-13 00:51:34.481 DEBUG 44828 --- [    Test worker] org.hibernate.type.BasicTypeRegistry     : Adding type registration characters -> org.hibernate.type.CharArrayType@52c46334
2022-03-13 00:51:34.481 DEBUG 44828 --- [    Test worker] org.hibernate.type.BasicTypeRegistry     : Adding type registration char[] -> org.hibernate.type.CharArrayType@52c46334
2022-03-13 00:51:34.481 DEBUG 44828 --- [    Test worker] org.hibernate.type.BasicTypeRegistry     : Adding type registration [C -> org.hibernate.type.CharArrayType@52c46334
2022-03-13 00:51:34.481 DEBUG 44828 --- [    Test worker] org.hibernate.type.BasicTypeRegistry     : Adding type registration wrapper-characters -> org.hibernate.type.CharacterArrayType@6546371
2022-03-13 00:51:34.481 DEBUG 44828 --- [    Test worker] org.hibernate.type.BasicTypeRegistry     : Adding type registration [Ljava.lang.Character; -> org.hibernate.type.CharacterArrayType@6546371
2022-03-13 00:51:34.481 DEBUG 44828 --- [    Test worker] org.hibernate.type.BasicTypeRegistry     : Adding type registration Character[] -> org.hibernate.type.CharacterArrayType@6546371
2022-03-13 00:51:34.481 DEBUG 44828 --- [    Test worker] org.hibernate.type.BasicTypeRegistry     : Adding type registration text -> org.hibernate.type.TextType@227a933d
2022-03-13 00:51:34.481 DEBUG 44828 --- [    Test worker] org.hibernate.type.BasicTypeRegistry     : Adding type registration ntext -> org.hibernate.type.NTextType@7bc2ae16
2022-03-13 00:51:34.481 DEBUG 44828 --- [    Test worker] org.hibernate.type.BasicTypeRegistry     : Adding type registration blob -> org.hibernate.type.BlobType@334540a0
2022-03-13 00:51:34.481 DEBUG 44828 --- [    Test worker] org.hibernate.type.BasicTypeRegistry     : Adding type registration java.sql.Blob -> org.hibernate.type.BlobType@334540a0
2022-03-13 00:51:34.481 DEBUG 44828 --- [    Test worker] org.hibernate.type.BasicTypeRegistry     : Adding type registration materialized_blob -> org.hibernate.type.MaterializedBlobType@42aa1324
2022-03-13 00:51:34.482 DEBUG 44828 --- [    Test worker] org.hibernate.type.BasicTypeRegistry     : Adding type registration clob -> org.hibernate.type.ClobType@72eed547
2022-03-13 00:51:34.482 DEBUG 44828 --- [    Test worker] org.hibernate.type.BasicTypeRegistry     : Adding type registration java.sql.Clob -> org.hibernate.type.ClobType@72eed547
2022-03-13 00:51:34.482 DEBUG 44828 --- [    Test worker] org.hibernate.type.BasicTypeRegistry     : Adding type registration nclob -> org.hibernate.type.NClobType@3c17bd0b
2022-03-13 00:51:34.482 DEBUG 44828 --- [    Test worker] org.hibernate.type.BasicTypeRegistry     : Adding type registration java.sql.NClob -> org.hibernate.type.NClobType@3c17bd0b
2022-03-13 00:51:34.482 DEBUG 44828 --- [    Test worker] org.hibernate.type.BasicTypeRegistry     : Adding type registration materialized_clob -> org.hibernate.type.MaterializedClobType@d0b814d
2022-03-13 00:51:34.482 DEBUG 44828 --- [    Test worker] org.hibernate.type.BasicTypeRegistry     : Adding type registration materialized_nclob -> org.hibernate.type.MaterializedNClobType@7af0d91b
2022-03-13 00:51:34.482 DEBUG 44828 --- [    Test worker] org.hibernate.type.BasicTypeRegistry     : Adding type registration serializable -> org.hibernate.type.SerializableType@74f4a2ba
2022-03-13 00:51:34.482 DEBUG 44828 --- [    Test worker] org.hibernate.type.BasicTypeRegistry     : Adding type registration object -> org.hibernate.type.ObjectType@18026052
2022-03-13 00:51:34.482 DEBUG 44828 --- [    Test worker] org.hibernate.type.BasicTypeRegistry     : Adding type registration java.lang.Object -> org.hibernate.type.ObjectType@18026052
2022-03-13 00:51:34.482 DEBUG 44828 --- [    Test worker] org.hibernate.type.BasicTypeRegistry     : Adding type registration imm_date -> org.hibernate.type.AdaptedImmutableType@56e2f315
2022-03-13 00:51:34.482 DEBUG 44828 --- [    Test worker] org.hibernate.type.BasicTypeRegistry     : Adding type registration imm_time -> org.hibernate.type.AdaptedImmutableType@7e9079cf
2022-03-13 00:51:34.482 DEBUG 44828 --- [    Test worker] org.hibernate.type.BasicTypeRegistry     : Adding type registration imm_timestamp -> org.hibernate.type.AdaptedImmutableType@29e10870
2022-03-13 00:51:34.482 DEBUG 44828 --- [    Test worker] org.hibernate.type.BasicTypeRegistry     : Adding type registration imm_dbtimestamp -> org.hibernate.type.AdaptedImmutableType@36ad4b58
2022-03-13 00:51:34.482 DEBUG 44828 --- [    Test worker] org.hibernate.type.BasicTypeRegistry     : Adding type registration imm_calendar -> org.hibernate.type.AdaptedImmutableType@77966cc3
2022-03-13 00:51:34.483 DEBUG 44828 --- [    Test worker] org.hibernate.type.BasicTypeRegistry     : Adding type registration imm_calendar_date -> org.hibernate.type.AdaptedImmutableType@a353dff
2022-03-13 00:51:34.483 DEBUG 44828 --- [    Test worker] org.hibernate.type.BasicTypeRegistry     : Adding type registration imm_binary -> org.hibernate.type.AdaptedImmutableType@2b360641
2022-03-13 00:51:34.483 DEBUG 44828 --- [    Test worker] org.hibernate.type.BasicTypeRegistry     : Adding type registration imm_serializable -> org.hibernate.type.AdaptedImmutableType@779d7ff4
2022-03-13 00:51:34.486  INFO 44828 --- [    Test worker] org.hibernate.dialect.Dialect            : HHH000400: Using dialect: org.hibernate.dialect.H2Dialect
2022-03-13 00:51:34.491 DEBUG 44828 --- [    Test worker] o.h.type.spi.TypeConfiguration$Scope     : Scoping TypeConfiguration [org.hibernate.type.spi.TypeConfiguration@5ee29735] to MetadataBuildingContext [org.hibernate.boot.internal.MetadataBuildingContextRootImpl@431ac922]
2022-03-13 00:51:34.505 DEBUG 44828 --- [    Test worker] org.hibernate.type.EnumType              : Using NAMED-based conversion for Enum com.jan.web.security.role.RoleType
2022-03-13 00:51:34.506 DEBUG 44828 --- [    Test worker] o.h.type.spi.TypeConfiguration$Scope     : Scoping TypeConfiguration [org.hibernate.type.spi.TypeConfiguration@5ee29735] to SessionFactoryImpl [org.hibernate.internal.SessionFactoryImpl@5e4632cb]
Hibernate: 
    
    drop table if exists containers CASCADE 
Hibernate: 
    
    drop table if exists project CASCADE 
Hibernate: 
    
    drop table if exists result CASCADE 
Hibernate: 
    
    drop table if exists role CASCADE 
Hibernate: 
    
    drop table if exists runner CASCADE 
Hibernate: 
    
    drop table if exists user_roles CASCADE 
Hibernate: 
    
    drop table if exists users CASCADE 
Hibernate: 
    
    drop sequence if exists hibernate_sequence
Hibernate: 
    
    drop sequence if exists seq_post
Hibernate: create sequence hibernate_sequence start with 1 increment by 1
Hibernate: create sequence seq_post start with 20000 increment by 1
Hibernate: 
    
    create table containers (
       id bigint not null,
        user_id bigint,
        primary key (id)
    )
Hibernate: 
    
    create table project (
       id bigint not null,
        first_label varchar(255),
        first_label_folder varchar(255),
        name varchar(255),
        second_label varchar(255),
        second_label_folder varchar(255),
        selected_model varchar(255),
        user_id bigint,
        primary key (id)
    )
Hibernate: 
    
    create table result (
       id bigint generated by default as identity,
        first_label_result double not null,
        second_label_result double not null,
        runner_id bigint,
        primary key (id)
    )
Hibernate: 
    
    create table role (
       id integer generated by default as identity,
        name varchar(20),
        primary key (id)
    )
Hibernate: 
    
    create table runner (
       id bigint generated by default as identity,
        c_parameter double not null,
        gamma_parameter double not null,
        is_finished boolean not null,
        project_id bigint,
        primary key (id)
    )
Hibernate: 
    
    create table user_roles (
       user_id bigint not null,
        role_id integer not null,
        primary key (user_id, role_id)
    )
Hibernate: 
    
    create table users (
       id bigint generated by default as identity,
        password varchar(255),
        username varchar(255),
        primary key (id)
    )
Hibernate: 
    
    alter table users 
       add constraint UKr43af9ap4edm43mmtq01oddj6 unique (username)
Hibernate: 
    
    alter table containers 
       add constraint FKhbpjtq3c7kl92xdx31xxk40xe 
       foreign key (user_id) 
       references users
Hibernate: 
    
    alter table project 
       add constraint FKf1va93taog6qokr6sqmtgr93h 
       foreign key (user_id) 
       references users
Hibernate: 
    
    alter table result 
       add constraint FKt5ci3kune1ey9ycnj257g9nrw 
       foreign key (runner_id) 
       references runner
Hibernate: 
    
    alter table runner 
       add constraint FKa69kamy8ccjs0xffv9rdaukw4 
       foreign key (project_id) 
       references project
Hibernate: 
    
    alter table user_roles 
       add constraint FKrhfovtciq1l558cw6udg0h0d3 
       foreign key (role_id) 
       references role
Hibernate: 
    
    alter table user_roles 
       add constraint FKhfh9dx7w3ubf1co1vdev94g3f 
       foreign key (user_id) 
       references users
2022-03-13 00:51:34.560  INFO 44828 --- [    Test worker] o.h.t.schema.internal.SchemaCreatorImpl  : HHH000476: Executing import script 'file:/Users/jan/dev/thesis/ml_runner/java/web/build/resources/main/import.sql'
Hibernate: 
    INSERT INTO role(name) VALUES('ROLE_USER')
Hibernate: 
    INSERT INTO role(name) VALUES('ROLE_ADMIN')
2022-03-13 00:51:34.562  INFO 44828 --- [    Test worker] o.h.e.t.j.p.i.JtaPlatformInitiator       : HHH000490: Using JtaPlatform implementation: [org.hibernate.engine.transaction.jta.platform.internal.NoJtaPlatform]
2022-03-13 00:51:34.562 TRACE 44828 --- [    Test worker] o.h.type.spi.TypeConfiguration$Scope     : Handling #sessionFactoryCreated from [org.hibernate.internal.SessionFactoryImpl@5e4632cb] for TypeConfiguration
2022-03-13 00:51:34.562  INFO 44828 --- [    Test worker] j.LocalContainerEntityManagerFactoryBean : Initialized JPA EntityManagerFactory for persistence unit 'default'
2022-03-13 00:51:34.680  WARN 44828 --- [    Test worker] JpaBaseConfiguration$JpaWebConfiguration : spring.jpa.open-in-view is enabled by default. Therefore, database queries may be performed during view rendering. Explicitly configure spring.jpa.open-in-view to disable this warning
2022-03-13 00:51:34.806  WARN 44828 --- [    Test worker] c.g.dockerjava.core.DockerClientBuilder  : 'dockerHttpClient' should be set.Falling back to Jersey, will be an error in future releases.
2022-03-13 00:51:35.124  INFO 44828 --- [    Test worker] o.s.s.web.DefaultSecurityFilterChain     : Will secure any request with [org.springframework.security.web.context.request.async.WebAsyncManagerIntegrationFilter@46646e38, org.springframework.security.web.context.SecurityContextPersistenceFilter@34e10162, org.springframework.security.web.header.HeaderWriterFilter@ee6533, org.springframework.web.filter.CorsFilter@6862f883, org.springframework.security.web.authentication.logout.LogoutFilter@29eeb1bb, com.jan.web.security.authentication.AuthorizationTokenFilter@63583bde, org.springframework.security.web.savedrequest.RequestCacheAwareFilter@35019e56, org.springframework.security.web.servletapi.SecurityContextHolderAwareRequestFilter@46b5b238, org.springframework.security.web.authentication.AnonymousAuthenticationFilter@6b22bd04, org.springframework.security.web.session.SessionManagementFilter@97b54ad, org.springframework.security.web.access.ExceptionTranslationFilter@3aa768c0, org.springframework.security.web.access.intercept.FilterSecurityInterceptor@769c4312]
2022-03-13 00:51:35.333  INFO 44828 --- [    Test worker] o.s.b.w.embedded.tomcat.TomcatWebServer  : Tomcat started on port(s): 51076 (http) with context path ''
2022-03-13 00:51:35.338  INFO 44828 --- [    Test worker] com.jan.web.api.ApiTest                  : Started ApiTest in 1.614 seconds (JVM running for 232.044)
Hibernate: 
    /* select
        generatedAlias0 
    from
        Role as generatedAlias0 
    where
        generatedAlias0.name=:param0 */ select
            role0_.id as id1_3_,
            role0_.name as name2_3_ 
        from
            role role0_ 
        where
            role0_.name=?
2022-03-13 00:51:35.498 TRACE 44828 --- [    Test worker] o.h.type.descriptor.sql.BasicBinder      : binding parameter [1] as [VARCHAR] - [ROLE_USER]
2022-03-13 00:51:35.499 TRACE 44828 --- [    Test worker] o.h.type.descriptor.sql.BasicExtractor   : extracted value ([id1_3_] : [INTEGER]) - [1]
2022-03-13 00:51:35.500 TRACE 44828 --- [    Test worker] o.h.type.descriptor.sql.BasicExtractor   : extracted value ([name2_3_] : [VARCHAR]) - [ROLE_USER]
Hibernate: 
    /* insert com.jan.web.security.user.User
        */ insert 
        into
            users
            (id, password, username) 
        values
            (null, ?, ?)
2022-03-13 00:51:35.503 TRACE 44828 --- [    Test worker] o.h.type.descriptor.sql.BasicBinder      : binding parameter [1] as [VARCHAR] - [$2a$10$Vvs0yfhvIN2vICCpNytQj.q7N8pDpMNe1nL5Fp0vazj0d/nS.zFlq]
2022-03-13 00:51:35.503 TRACE 44828 --- [    Test worker] o.h.type.descriptor.sql.BasicBinder      : binding parameter [2] as [VARCHAR] - [test_user]
Hibernate: 
    /* insert collection
        row com.jan.web.security.user.User.roles */ insert 
        into
            user_roles
            (user_id, role_id) 
        values
            (?, ?)
2022-03-13 00:51:35.513 TRACE 44828 --- [    Test worker] o.h.type.descriptor.sql.BasicBinder      : binding parameter [1] as [BIGINT] - [1]
2022-03-13 00:51:35.514 TRACE 44828 --- [    Test worker] o.h.type.descriptor.sql.BasicBinder      : binding parameter [2] as [INTEGER] - [1]
Hibernate: 
    /* select
        generatedAlias0 
    from
        User as generatedAlias0 
    where
        generatedAlias0.username=:param0 */ select
            user0_.id as id1_6_,
            user0_.password as password2_6_,
            user0_.username as username3_6_ 
        from
            users user0_ 
        where
            user0_.username=?
2022-03-13 00:51:35.605 TRACE 44828 --- [    Test worker] o.h.type.descriptor.sql.BasicBinder      : binding parameter [1] as [VARCHAR] - [test_user]
2022-03-13 00:51:35.606 TRACE 44828 --- [    Test worker] o.h.type.descriptor.sql.BasicExtractor   : extracted value ([id1_6_] : [BIGINT]) - [1]
2022-03-13 00:51:35.606 TRACE 44828 --- [    Test worker] o.h.type.descriptor.sql.BasicExtractor   : extracted value ([password2_6_] : [VARCHAR]) - [$2a$10$Vvs0yfhvIN2vICCpNytQj.q7N8pDpMNe1nL5Fp0vazj0d/nS.zFlq]
2022-03-13 00:51:35.606 TRACE 44828 --- [    Test worker] o.h.type.descriptor.sql.BasicExtractor   : extracted value ([username3_6_] : [VARCHAR]) - [test_user]
2022-03-13 00:51:35.606 TRACE 44828 --- [    Test worker] org.hibernate.type.CollectionType        : Created collection wrapper: [com.jan.web.security.user.User.roles#1]
Hibernate: 
    select
        roles0_.user_id as user_id1_5_0_,
        roles0_.role_id as role_id2_5_0_,
        role1_.id as id1_3_1_,
        role1_.name as name2_3_1_ 
    from
        user_roles roles0_ 
    inner join
        role role1_ 
            on roles0_.role_id=role1_.id 
    where
        roles0_.user_id=?
2022-03-13 00:51:35.607 TRACE 44828 --- [    Test worker] o.h.type.descriptor.sql.BasicBinder      : binding parameter [1] as [BIGINT] - [1]
2022-03-13 00:51:35.608 TRACE 44828 --- [    Test worker] o.h.type.descriptor.sql.BasicExtractor   : extracted value ([id1_3_1_] : [INTEGER]) - [1]
2022-03-13 00:51:35.609 TRACE 44828 --- [    Test worker] o.h.type.descriptor.sql.BasicExtractor   : extracted value ([name2_3_1_] : [VARCHAR]) - [ROLE_USER]
2022-03-13 00:51:35.609 TRACE 44828 --- [    Test worker] o.h.type.descriptor.sql.BasicExtractor   : extracted value ([user_id1_5_0_] : [BIGINT]) - [1]
2022-03-13 00:51:35.609 TRACE 44828 --- [    Test worker] o.h.type.descriptor.sql.BasicExtractor   : extracted value ([role_id2_5_0_] : [INTEGER]) - [1]
2022-03-13 00:51:35.714  WARN 44828 --- [    Test worker] c.g.dockerjava.core.DockerClientBuilder  : 'dockerHttpClient' should be set.Falling back to Jersey, will be an error in future releases.
2022-03-13 00:51:35.778  INFO 44828 --- [o-auto-1-exec-1] o.a.c.c.C.[Tomcat].[localhost].[/]       : Initializing Spring DispatcherServlet 'dispatcherServlet'
2022-03-13 00:51:35.778  INFO 44828 --- [o-auto-1-exec-1] o.s.web.servlet.DispatcherServlet        : Initializing Servlet 'dispatcherServlet'
2022-03-13 00:51:35.779  INFO 44828 --- [o-auto-1-exec-1] o.s.web.servlet.DispatcherServlet        : Completed initialization in 1 ms
Hibernate: 
    /* select
        generatedAlias0 
    from
        Project as generatedAlias0 
    where
        generatedAlias0.user=:param0 */ select
            project0_.id as id1_1_,
            project0_.first_label as first_la2_1_,
            project0_.first_label_folder as first_la3_1_,
            project0_.name as name4_1_,
            project0_.second_label as second_l5_1_,
            project0_.second_label_folder as second_l6_1_,
            project0_.selected_model as selected7_1_,
            project0_.user_id as user_id8_1_ 
        from
            project project0_ 
        where
            project0_.user_id=?
2022-03-13 00:51:35.807 TRACE 44828 --- [    Test worker] o.h.type.descriptor.sql.BasicBinder      : binding parameter [1] as [BIGINT] - [1]
Hibernate: 
    select
        user0_.id as id1_6_0_,
        user0_.password as password2_6_0_,
        user0_.username as username3_6_0_ 
    from
        users user0_ 
    where
        user0_.id=?
2022-03-13 00:51:35.812 TRACE 44828 --- [    Test worker] o.h.type.descriptor.sql.BasicBinder      : binding parameter [1] as [BIGINT] - [1]
2022-03-13 00:51:35.812 TRACE 44828 --- [    Test worker] o.h.type.descriptor.sql.BasicExtractor   : extracted value ([password2_6_0_] : [VARCHAR]) - [$2a$10$Vvs0yfhvIN2vICCpNytQj.q7N8pDpMNe1nL5Fp0vazj0d/nS.zFlq]
2022-03-13 00:51:35.812 TRACE 44828 --- [    Test worker] o.h.type.descriptor.sql.BasicExtractor   : extracted value ([username3_6_0_] : [VARCHAR]) - [test_user]
2022-03-13 00:51:35.813 TRACE 44828 --- [    Test worker] org.hibernate.type.CollectionType        : Created collection wrapper: [com.jan.web.security.user.User.roles#1]
Hibernate: 
    select
        roles0_.user_id as user_id1_5_0_,
        roles0_.role_id as role_id2_5_0_,
        role1_.id as id1_3_1_,
        role1_.name as name2_3_1_ 
    from
        user_roles roles0_ 
    inner join
        role role1_ 
            on roles0_.role_id=role1_.id 
    where
        roles0_.user_id=?
2022-03-13 00:51:35.817 TRACE 44828 --- [    Test worker] o.h.type.descriptor.sql.BasicBinder      : binding parameter [1] as [BIGINT] - [1]
2022-03-13 00:51:35.817 TRACE 44828 --- [    Test worker] o.h.type.descriptor.sql.BasicExtractor   : extracted value ([id1_3_1_] : [INTEGER]) - [1]
2022-03-13 00:51:35.817 TRACE 44828 --- [    Test worker] o.h.type.descriptor.sql.BasicExtractor   : extracted value ([name2_3_1_] : [VARCHAR]) - [ROLE_USER]
2022-03-13 00:51:35.817 TRACE 44828 --- [    Test worker] o.h.type.descriptor.sql.BasicExtractor   : extracted value ([user_id1_5_0_] : [BIGINT]) - [1]
2022-03-13 00:51:35.817 TRACE 44828 --- [    Test worker] o.h.type.descriptor.sql.BasicExtractor   : extracted value ([role_id2_5_0_] : [INTEGER]) - [1]
Hibernate: 
    /* delete collection com.jan.web.security.user.User.roles */ delete 
        from
            user_roles 
        where
            user_id=?
2022-03-13 00:51:35.821 TRACE 44828 --- [    Test worker] o.h.type.descriptor.sql.BasicBinder      : binding parameter [1] as [BIGINT] - [1]
Hibernate: 
    /* delete com.jan.web.security.user.User */ delete 
        from
            users 
        where
            id=?
2022-03-13 00:51:35.823 TRACE 44828 --- [    Test worker] o.h.type.descriptor.sql.BasicBinder      : binding parameter [1] as [BIGINT] - [1]
Hibernate: 
    /* select
        generatedAlias0 
    from
        Role as generatedAlias0 
    where
        generatedAlias0.name=:param0 */ select
            role0_.id as id1_3_,
            role0_.name as name2_3_ 
        from
            role role0_ 
        where
            role0_.name=?
2022-03-13 00:51:35.908 TRACE 44828 --- [    Test worker] o.h.type.descriptor.sql.BasicBinder      : binding parameter [1] as [VARCHAR] - [ROLE_USER]
2022-03-13 00:51:35.908 TRACE 44828 --- [    Test worker] o.h.type.descriptor.sql.BasicExtractor   : extracted value ([id1_3_] : [INTEGER]) - [1]
2022-03-13 00:51:35.908 TRACE 44828 --- [    Test worker] o.h.type.descriptor.sql.BasicExtractor   : extracted value ([name2_3_] : [VARCHAR]) - [ROLE_USER]
Hibernate: 
    /* insert com.jan.web.security.user.User
        */ insert 
        into
            users
            (id, password, username) 
        values
            (null, ?, ?)
2022-03-13 00:51:35.909 TRACE 44828 --- [    Test worker] o.h.type.descriptor.sql.BasicBinder      : binding parameter [1] as [VARCHAR] - [$2a$10$Ux0iZfOXVFFJPpewn7VO2u7VlumUP/6IstbmEBtEGO3o4fxYGxvK.]
2022-03-13 00:51:35.910 TRACE 44828 --- [    Test worker] o.h.type.descriptor.sql.BasicBinder      : binding parameter [2] as [VARCHAR] - [test_user]
Hibernate: 
    /* insert collection
        row com.jan.web.security.user.User.roles */ insert 
        into
            user_roles
            (user_id, role_id) 
        values
            (?, ?)
2022-03-13 00:51:35.910 TRACE 44828 --- [    Test worker] o.h.type.descriptor.sql.BasicBinder      : binding parameter [1] as [BIGINT] - [2]
2022-03-13 00:51:35.910 TRACE 44828 --- [    Test worker] o.h.type.descriptor.sql.BasicBinder      : binding parameter [2] as [INTEGER] - [1]
Hibernate: 
    /* select
        generatedAlias0 
    from
        User as generatedAlias0 
    where
        generatedAlias0.username=:param0 */ select
            user0_.id as id1_6_,
            user0_.password as password2_6_,
            user0_.username as username3_6_ 
        from
            users user0_ 
        where
            user0_.username=?
2022-03-13 00:51:35.912 TRACE 44828 --- [    Test worker] o.h.type.descriptor.sql.BasicBinder      : binding parameter [1] as [VARCHAR] - [test_user]
2022-03-13 00:51:35.913 TRACE 44828 --- [    Test worker] o.h.type.descriptor.sql.BasicExtractor   : extracted value ([id1_6_] : [BIGINT]) - [2]
2022-03-13 00:51:35.913 TRACE 44828 --- [    Test worker] o.h.type.descriptor.sql.BasicExtractor   : extracted value ([password2_6_] : [VARCHAR]) - [$2a$10$Ux0iZfOXVFFJPpewn7VO2u7VlumUP/6IstbmEBtEGO3o4fxYGxvK.]
2022-03-13 00:51:35.913 TRACE 44828 --- [    Test worker] o.h.type.descriptor.sql.BasicExtractor   : extracted value ([username3_6_] : [VARCHAR]) - [test_user]
2022-03-13 00:51:35.914 TRACE 44828 --- [    Test worker] org.hibernate.type.CollectionType        : Created collection wrapper: [com.jan.web.security.user.User.roles#2]
Hibernate: 
    select
        roles0_.user_id as user_id1_5_0_,
        roles0_.role_id as role_id2_5_0_,
        role1_.id as id1_3_1_,
        role1_.name as name2_3_1_ 
    from
        user_roles roles0_ 
    inner join
        role role1_ 
            on roles0_.role_id=role1_.id 
    where
        roles0_.user_id=?
2022-03-13 00:51:35.914 TRACE 44828 --- [    Test worker] o.h.type.descriptor.sql.BasicBinder      : binding parameter [1] as [BIGINT] - [2]
2022-03-13 00:51:35.915 TRACE 44828 --- [    Test worker] o.h.type.descriptor.sql.BasicExtractor   : extracted value ([id1_3_1_] : [INTEGER]) - [1]
2022-03-13 00:51:35.915 TRACE 44828 --- [    Test worker] o.h.type.descriptor.sql.BasicExtractor   : extracted value ([name2_3_1_] : [VARCHAR]) - [ROLE_USER]
2022-03-13 00:51:35.915 TRACE 44828 --- [    Test worker] o.h.type.descriptor.sql.BasicExtractor   : extracted value ([user_id1_5_0_] : [BIGINT]) - [2]
2022-03-13 00:51:35.915 TRACE 44828 --- [    Test worker] o.h.type.descriptor.sql.BasicExtractor   : extracted value ([role_id2_5_0_] : [INTEGER]) - [1]
2022-03-13 00:51:35.996  WARN 44828 --- [    Test worker] c.g.dockerjava.core.DockerClientBuilder  : 'dockerHttpClient' should be set.Falling back to Jersey, will be an error in future releases.
Hibernate: 
    /* select
        generatedAlias0 
    from
        User as generatedAlias0 
    where
        generatedAlias0.username=:param0 */ select
            user0_.id as id1_6_,
            user0_.password as password2_6_,
            user0_.username as username3_6_ 
        from
            users user0_ 
        where
            user0_.username=?
2022-03-13 00:51:36.011 TRACE 44828 --- [o-auto-1-exec-2] o.h.type.descriptor.sql.BasicBinder      : binding parameter [1] as [VARCHAR] - [test_user]
2022-03-13 00:51:36.011 TRACE 44828 --- [o-auto-1-exec-2] o.h.type.descriptor.sql.BasicExtractor   : extracted value ([id1_6_] : [BIGINT]) - [2]
2022-03-13 00:51:36.011 TRACE 44828 --- [o-auto-1-exec-2] o.h.type.descriptor.sql.BasicExtractor   : extracted value ([password2_6_] : [VARCHAR]) - [$2a$10$Ux0iZfOXVFFJPpewn7VO2u7VlumUP/6IstbmEBtEGO3o4fxYGxvK.]
2022-03-13 00:51:36.011 TRACE 44828 --- [o-auto-1-exec-2] o.h.type.descriptor.sql.BasicExtractor   : extracted value ([username3_6_] : [VARCHAR]) - [test_user]
2022-03-13 00:51:36.011 TRACE 44828 --- [o-auto-1-exec-2] org.hibernate.type.CollectionType        : Created collection wrapper: [com.jan.web.security.user.User.roles#2]
Hibernate: 
    select
        roles0_.user_id as user_id1_5_0_,
        roles0_.role_id as role_id2_5_0_,
        role1_.id as id1_3_1_,
        role1_.name as name2_3_1_ 
    from
        user_roles roles0_ 
    inner join
        role role1_ 
            on roles0_.role_id=role1_.id 
    where
        roles0_.user_id=?
2022-03-13 00:51:36.012 TRACE 44828 --- [o-auto-1-exec-2] o.h.type.descriptor.sql.BasicBinder      : binding parameter [1] as [BIGINT] - [2]
2022-03-13 00:51:36.012 TRACE 44828 --- [o-auto-1-exec-2] o.h.type.descriptor.sql.BasicExtractor   : extracted value ([id1_3_1_] : [INTEGER]) - [1]
2022-03-13 00:51:36.012 TRACE 44828 --- [o-auto-1-exec-2] o.h.type.descriptor.sql.BasicExtractor   : extracted value ([name2_3_1_] : [VARCHAR]) - [ROLE_USER]
2022-03-13 00:51:36.012 TRACE 44828 --- [o-auto-1-exec-2] o.h.type.descriptor.sql.BasicExtractor   : extracted value ([user_id1_5_0_] : [BIGINT]) - [2]
2022-03-13 00:51:36.013 TRACE 44828 --- [o-auto-1-exec-2] o.h.type.descriptor.sql.BasicExtractor   : extracted value ([role_id2_5_0_] : [INTEGER]) - [1]
Hibernate: 
    /* select
        generatedAlias0 
    from
        User as generatedAlias0 
    where
        generatedAlias0.username=:param0 */ select
            user0_.id as id1_6_,
            user0_.password as password2_6_,
            user0_.username as username3_6_ 
        from
            users user0_ 
        where
            user0_.username=?
2022-03-13 00:51:36.036 TRACE 44828 --- [o-auto-1-exec-2] o.h.type.descriptor.sql.BasicBinder      : binding parameter [1] as [VARCHAR] - [test_user]
2022-03-13 00:51:36.036 TRACE 44828 --- [o-auto-1-exec-2] o.h.type.descriptor.sql.BasicExtractor   : extracted value ([id1_6_] : [BIGINT]) - [2]
2022-03-13 00:51:36.036 TRACE 44828 --- [o-auto-1-exec-2] o.h.type.descriptor.sql.BasicExtractor   : extracted value ([password2_6_] : [VARCHAR]) - [$2a$10$Ux0iZfOXVFFJPpewn7VO2u7VlumUP/6IstbmEBtEGO3o4fxYGxvK.]
2022-03-13 00:51:36.036 TRACE 44828 --- [o-auto-1-exec-2] o.h.type.descriptor.sql.BasicExtractor   : extracted value ([username3_6_] : [VARCHAR]) - [test_user]
2022-03-13 00:51:36.036 TRACE 44828 --- [o-auto-1-exec-2] org.hibernate.type.CollectionType        : Created collection wrapper: [com.jan.web.security.user.User.roles#2]
Hibernate: 
    call next value for hibernate_sequence
Hibernate: 
    /* insert com.jan.web.project.Project
        */ insert 
        into
            project
            (first_label, first_label_folder, name, second_label, second_label_folder, selected_model, user_id, id) 
        values
            (?, ?, ?, ?, ?, ?, ?, ?)
2022-03-13 00:51:36.043 TRACE 44828 --- [o-auto-1-exec-2] o.h.type.descriptor.sql.BasicBinder      : binding parameter [1] as [VARCHAR] - [null]
2022-03-13 00:51:36.043 TRACE 44828 --- [o-auto-1-exec-2] o.h.type.descriptor.sql.BasicBinder      : binding parameter [2] as [VARCHAR] - [null]
2022-03-13 00:51:36.043 TRACE 44828 --- [o-auto-1-exec-2] o.h.type.descriptor.sql.BasicBinder      : binding parameter [3] as [VARCHAR] - [random name]
2022-03-13 00:51:36.043 TRACE 44828 --- [o-auto-1-exec-2] o.h.type.descriptor.sql.BasicBinder      : binding parameter [4] as [VARCHAR] - [null]
2022-03-13 00:51:36.043 TRACE 44828 --- [o-auto-1-exec-2] o.h.type.descriptor.sql.BasicBinder      : binding parameter [5] as [VARCHAR] - [null]
2022-03-13 00:51:36.043 TRACE 44828 --- [o-auto-1-exec-2] o.h.type.descriptor.sql.BasicBinder      : binding parameter [6] as [VARCHAR] - [null]
2022-03-13 00:51:36.043 TRACE 44828 --- [o-auto-1-exec-2] o.h.type.descriptor.sql.BasicBinder      : binding parameter [7] as [BIGINT] - [2]
2022-03-13 00:51:36.043 TRACE 44828 --- [o-auto-1-exec-2] o.h.type.descriptor.sql.BasicBinder      : binding parameter [8] as [BIGINT] - [1]
Hibernate: 
    /* select
        generatedAlias0 
    from
        User as generatedAlias0 
    where
        generatedAlias0.username=:param0 */ select
            user0_.id as id1_6_,
            user0_.password as password2_6_,
            user0_.username as username3_6_ 
        from
            users user0_ 
        where
            user0_.username=?
2022-03-13 00:51:36.052 TRACE 44828 --- [o-auto-1-exec-3] o.h.type.descriptor.sql.BasicBinder      : binding parameter [1] as [VARCHAR] - [test_user]
2022-03-13 00:51:36.052 TRACE 44828 --- [o-auto-1-exec-3] o.h.type.descriptor.sql.BasicExtractor   : extracted value ([id1_6_] : [BIGINT]) - [2]
2022-03-13 00:51:36.053 TRACE 44828 --- [o-auto-1-exec-3] o.h.type.descriptor.sql.BasicExtractor   : extracted value ([password2_6_] : [VARCHAR]) - [$2a$10$Ux0iZfOXVFFJPpewn7VO2u7VlumUP/6IstbmEBtEGO3o4fxYGxvK.]
2022-03-13 00:51:36.053 TRACE 44828 --- [o-auto-1-exec-3] o.h.type.descriptor.sql.BasicExtractor   : extracted value ([username3_6_] : [VARCHAR]) - [test_user]
2022-03-13 00:51:36.053 TRACE 44828 --- [o-auto-1-exec-3] org.hibernate.type.CollectionType        : Created collection wrapper: [com.jan.web.security.user.User.roles#2]
Hibernate: 
    select
        roles0_.user_id as user_id1_5_0_,
        roles0_.role_id as role_id2_5_0_,
        role1_.id as id1_3_1_,
        role1_.name as name2_3_1_ 
    from
        user_roles roles0_ 
    inner join
        role role1_ 
            on roles0_.role_id=role1_.id 
    where
        roles0_.user_id=?
2022-03-13 00:51:36.053 TRACE 44828 --- [o-auto-1-exec-3] o.h.type.descriptor.sql.BasicBinder      : binding parameter [1] as [BIGINT] - [2]
2022-03-13 00:51:36.054 TRACE 44828 --- [o-auto-1-exec-3] o.h.type.descriptor.sql.BasicExtractor   : extracted value ([id1_3_1_] : [INTEGER]) - [1]
2022-03-13 00:51:36.054 TRACE 44828 --- [o-auto-1-exec-3] o.h.type.descriptor.sql.BasicExtractor   : extracted value ([name2_3_1_] : [VARCHAR]) - [ROLE_USER]
2022-03-13 00:51:36.054 TRACE 44828 --- [o-auto-1-exec-3] o.h.type.descriptor.sql.BasicExtractor   : extracted value ([user_id1_5_0_] : [BIGINT]) - [2]
2022-03-13 00:51:36.054 TRACE 44828 --- [o-auto-1-exec-3] o.h.type.descriptor.sql.BasicExtractor   : extracted value ([role_id2_5_0_] : [INTEGER]) - [1]
Hibernate: 
    /* select
        generatedAlias0 
    from
        User as generatedAlias0 
    where
        generatedAlias0.username=:param0 */ select
            user0_.id as id1_6_,
            user0_.password as password2_6_,
            user0_.username as username3_6_ 
        from
            users user0_ 
        where
            user0_.username=?
2022-03-13 00:51:36.057 TRACE 44828 --- [o-auto-1-exec-3] o.h.type.descriptor.sql.BasicBinder      : binding parameter [1] as [VARCHAR] - [test_user]
2022-03-13 00:51:36.057 TRACE 44828 --- [o-auto-1-exec-3] o.h.type.descriptor.sql.BasicExtractor   : extracted value ([id1_6_] : [BIGINT]) - [2]
2022-03-13 00:51:36.058 TRACE 44828 --- [o-auto-1-exec-3] o.h.type.descriptor.sql.BasicExtractor   : extracted value ([password2_6_] : [VARCHAR]) - [$2a$10$Ux0iZfOXVFFJPpewn7VO2u7VlumUP/6IstbmEBtEGO3o4fxYGxvK.]
2022-03-13 00:51:36.058 TRACE 44828 --- [o-auto-1-exec-3] o.h.type.descriptor.sql.BasicExtractor   : extracted value ([username3_6_] : [VARCHAR]) - [test_user]
2022-03-13 00:51:36.058 TRACE 44828 --- [o-auto-1-exec-3] org.hibernate.type.CollectionType        : Created collection wrapper: [com.jan.web.security.user.User.roles#2]
Hibernate: 
    /* select
        generatedAlias0 
    from
        Project as generatedAlias0 
    where
        generatedAlias0.user=:param0 */ select
            project0_.id as id1_1_,
            project0_.first_label as first_la2_1_,
            project0_.first_label_folder as first_la3_1_,
            project0_.name as name4_1_,
            project0_.second_label as second_l5_1_,
            project0_.second_label_folder as second_l6_1_,
            project0_.selected_model as selected7_1_,
            project0_.user_id as user_id8_1_ 
        from
            project project0_ 
        where
            project0_.user_id=?
2022-03-13 00:51:36.059 TRACE 44828 --- [o-auto-1-exec-3] o.h.type.descriptor.sql.BasicBinder      : binding parameter [1] as [BIGINT] - [2]
2022-03-13 00:51:36.059 TRACE 44828 --- [o-auto-1-exec-3] o.h.type.descriptor.sql.BasicExtractor   : extracted value ([id1_1_] : [BIGINT]) - [1]
2022-03-13 00:51:36.059 TRACE 44828 --- [o-auto-1-exec-3] o.h.type.descriptor.sql.BasicExtractor   : extracted value ([first_la2_1_] : [VARCHAR]) - [null]
2022-03-13 00:51:36.059 TRACE 44828 --- [o-auto-1-exec-3] o.h.type.descriptor.sql.BasicExtractor   : extracted value ([first_la3_1_] : [VARCHAR]) - [null]
2022-03-13 00:51:36.060 TRACE 44828 --- [o-auto-1-exec-3] o.h.type.descriptor.sql.BasicExtractor   : extracted value ([name4_1_] : [VARCHAR]) - [random name]
2022-03-13 00:51:36.060 TRACE 44828 --- [o-auto-1-exec-3] o.h.type.descriptor.sql.BasicExtractor   : extracted value ([second_l5_1_] : [VARCHAR]) - [null]
2022-03-13 00:51:36.060 TRACE 44828 --- [o-auto-1-exec-3] o.h.type.descriptor.sql.BasicExtractor   : extracted value ([second_l6_1_] : [VARCHAR]) - [null]
2022-03-13 00:51:36.060 TRACE 44828 --- [o-auto-1-exec-3] o.h.type.descriptor.sql.BasicExtractor   : extracted value ([selected7_1_] : [VARCHAR]) - [null]
2022-03-13 00:51:36.060 TRACE 44828 --- [o-auto-1-exec-3] o.h.type.descriptor.sql.BasicExtractor   : extracted value ([user_id8_1_] : [BIGINT]) - [2]
Hibernate: 
    select
        roles0_.user_id as user_id1_5_0_,
        roles0_.role_id as role_id2_5_0_,
        role1_.id as id1_3_1_,
        role1_.name as name2_3_1_ 
    from
        user_roles roles0_ 
    inner join
        role role1_ 
            on roles0_.role_id=role1_.id 
    where
        roles0_.user_id=?
2022-03-13 00:51:36.069 TRACE 44828 --- [o-auto-1-exec-3] o.h.type.descriptor.sql.BasicBinder      : binding parameter [1] as [BIGINT] - [2]
2022-03-13 00:51:36.069 TRACE 44828 --- [o-auto-1-exec-3] o.h.type.descriptor.sql.BasicExtractor   : extracted value ([id1_3_1_] : [INTEGER]) - [1]
2022-03-13 00:51:36.070 TRACE 44828 --- [o-auto-1-exec-3] o.h.type.descriptor.sql.BasicExtractor   : extracted value ([name2_3_1_] : [VARCHAR]) - [ROLE_USER]
2022-03-13 00:51:36.070 TRACE 44828 --- [o-auto-1-exec-3] o.h.type.descriptor.sql.BasicExtractor   : extracted value ([user_id1_5_0_] : [BIGINT]) - [2]
2022-03-13 00:51:36.070 TRACE 44828 --- [o-auto-1-exec-3] o.h.type.descriptor.sql.BasicExtractor   : extracted value ([role_id2_5_0_] : [INTEGER]) - [1]
Hibernate: 
    /* select
        generatedAlias0 
    from
        Project as generatedAlias0 
    where
        generatedAlias0.user=:param0 */ select
            project0_.id as id1_1_,
            project0_.first_label as first_la2_1_,
            project0_.first_label_folder as first_la3_1_,
            project0_.name as name4_1_,
            project0_.second_label as second_l5_1_,
            project0_.second_label_folder as second_l6_1_,
            project0_.selected_model as selected7_1_,
            project0_.user_id as user_id8_1_ 
        from
            project project0_ 
        where
            project0_.user_id=?
2022-03-13 00:51:36.081 TRACE 44828 --- [    Test worker] o.h.type.descriptor.sql.BasicBinder      : binding parameter [1] as [BIGINT] - [2]
2022-03-13 00:51:36.082 TRACE 44828 --- [    Test worker] o.h.type.descriptor.sql.BasicExtractor   : extracted value ([id1_1_] : [BIGINT]) - [1]
2022-03-13 00:51:36.082 TRACE 44828 --- [    Test worker] o.h.type.descriptor.sql.BasicExtractor   : extracted value ([first_la2_1_] : [VARCHAR]) - [null]
2022-03-13 00:51:36.082 TRACE 44828 --- [    Test worker] o.h.type.descriptor.sql.BasicExtractor   : extracted value ([first_la3_1_] : [VARCHAR]) - [null]
2022-03-13 00:51:36.082 TRACE 44828 --- [    Test worker] o.h.type.descriptor.sql.BasicExtractor   : extracted value ([name4_1_] : [VARCHAR]) - [random name]
2022-03-13 00:51:36.082 TRACE 44828 --- [    Test worker] o.h.type.descriptor.sql.BasicExtractor   : extracted value ([second_l5_1_] : [VARCHAR]) - [null]
2022-03-13 00:51:36.082 TRACE 44828 --- [    Test worker] o.h.type.descriptor.sql.BasicExtractor   : extracted value ([second_l6_1_] : [VARCHAR]) - [null]
2022-03-13 00:51:36.082 TRACE 44828 --- [    Test worker] o.h.type.descriptor.sql.BasicExtractor   : extracted value ([selected7_1_] : [VARCHAR]) - [null]
2022-03-13 00:51:36.082 TRACE 44828 --- [    Test worker] o.h.type.descriptor.sql.BasicExtractor   : extracted value ([user_id8_1_] : [BIGINT]) - [2]
Hibernate: 
    select
        user0_.id as id1_6_0_,
        user0_.password as password2_6_0_,
        user0_.username as username3_6_0_ 
    from
        users user0_ 
    where
        user0_.id=?
2022-03-13 00:51:36.083 TRACE 44828 --- [    Test worker] o.h.type.descriptor.sql.BasicBinder      : binding parameter [1] as [BIGINT] - [2]
2022-03-13 00:51:36.083 TRACE 44828 --- [    Test worker] o.h.type.descriptor.sql.BasicExtractor   : extracted value ([password2_6_0_] : [VARCHAR]) - [$2a$10$Ux0iZfOXVFFJPpewn7VO2u7VlumUP/6IstbmEBtEGO3o4fxYGxvK.]
2022-03-13 00:51:36.083 TRACE 44828 --- [    Test worker] o.h.type.descriptor.sql.BasicExtractor   : extracted value ([username3_6_0_] : [VARCHAR]) - [test_user]
2022-03-13 00:51:36.083 TRACE 44828 --- [    Test worker] org.hibernate.type.CollectionType        : Created collection wrapper: [com.jan.web.security.user.User.roles#2]
Hibernate: 
    select
        project0_.id as id1_1_0_,
        project0_.first_label as first_la2_1_0_,
        project0_.first_label_folder as first_la3_1_0_,
        project0_.name as name4_1_0_,
        project0_.second_label as second_l5_1_0_,
        project0_.second_label_folder as second_l6_1_0_,
        project0_.selected_model as selected7_1_0_,
        project0_.user_id as user_id8_1_0_,
        user1_.id as id1_6_1_,
        user1_.password as password2_6_1_,
        user1_.username as username3_6_1_ 
    from
        project project0_ 
    left outer join
        users user1_ 
            on project0_.user_id=user1_.id 
    where
        project0_.id=?
2022-03-13 00:51:36.085 TRACE 44828 --- [    Test worker] o.h.type.descriptor.sql.BasicBinder      : binding parameter [1] as [BIGINT] - [1]
2022-03-13 00:51:36.086 TRACE 44828 --- [    Test worker] o.h.type.descriptor.sql.BasicExtractor   : extracted value ([id1_6_1_] : [BIGINT]) - [2]
2022-03-13 00:51:36.086 TRACE 44828 --- [    Test worker] o.h.type.descriptor.sql.BasicExtractor   : extracted value ([first_la2_1_0_] : [VARCHAR]) - [null]
2022-03-13 00:51:36.086 TRACE 44828 --- [    Test worker] o.h.type.descriptor.sql.BasicExtractor   : extracted value ([first_la3_1_0_] : [VARCHAR]) - [null]
2022-03-13 00:51:36.086 TRACE 44828 --- [    Test worker] o.h.type.descriptor.sql.BasicExtractor   : extracted value ([name4_1_0_] : [VARCHAR]) - [random name]
2022-03-13 00:51:36.086 TRACE 44828 --- [    Test worker] o.h.type.descriptor.sql.BasicExtractor   : extracted value ([second_l5_1_0_] : [VARCHAR]) - [null]
2022-03-13 00:51:36.086 TRACE 44828 --- [    Test worker] o.h.type.descriptor.sql.BasicExtractor   : extracted value ([second_l6_1_0_] : [VARCHAR]) - [null]
2022-03-13 00:51:36.086 TRACE 44828 --- [    Test worker] o.h.type.descriptor.sql.BasicExtractor   : extracted value ([selected7_1_0_] : [VARCHAR]) - [null]
2022-03-13 00:51:36.086 TRACE 44828 --- [    Test worker] o.h.type.descriptor.sql.BasicExtractor   : extracted value ([user_id8_1_0_] : [BIGINT]) - [2]
2022-03-13 00:51:36.086 TRACE 44828 --- [    Test worker] o.h.type.descriptor.sql.BasicExtractor   : extracted value ([password2_6_1_] : [VARCHAR]) - [$2a$10$Ux0iZfOXVFFJPpewn7VO2u7VlumUP/6IstbmEBtEGO3o4fxYGxvK.]
2022-03-13 00:51:36.086 TRACE 44828 --- [    Test worker] o.h.type.descriptor.sql.BasicExtractor   : extracted value ([username3_6_1_] : [VARCHAR]) - [test_user]
2022-03-13 00:51:36.087 TRACE 44828 --- [    Test worker] org.hibernate.type.CollectionType        : Created collection wrapper: [com.jan.web.security.user.User.roles#2]
Hibernate: 
    /* delete com.jan.web.project.Project */ delete 
        from
            project 
        where
            id=?
2022-03-13 00:51:36.088 TRACE 44828 --- [    Test worker] o.h.type.descriptor.sql.BasicBinder      : binding parameter [1] as [BIGINT] - [1]
Hibernate: 
    select
        user0_.id as id1_6_0_,
        user0_.password as password2_6_0_,
        user0_.username as username3_6_0_ 
    from
        users user0_ 
    where
        user0_.id=?
2022-03-13 00:51:36.089 TRACE 44828 --- [    Test worker] o.h.type.descriptor.sql.BasicBinder      : binding parameter [1] as [BIGINT] - [2]
2022-03-13 00:51:36.089 TRACE 44828 --- [    Test worker] o.h.type.descriptor.sql.BasicExtractor   : extracted value ([password2_6_0_] : [VARCHAR]) - [$2a$10$Ux0iZfOXVFFJPpewn7VO2u7VlumUP/6IstbmEBtEGO3o4fxYGxvK.]
2022-03-13 00:51:36.089 TRACE 44828 --- [    Test worker] o.h.type.descriptor.sql.BasicExtractor   : extracted value ([username3_6_0_] : [VARCHAR]) - [test_user]
2022-03-13 00:51:36.089 TRACE 44828 --- [    Test worker] org.hibernate.type.CollectionType        : Created collection wrapper: [com.jan.web.security.user.User.roles#2]
Hibernate: 
    select
        roles0_.user_id as user_id1_5_0_,
        roles0_.role_id as role_id2_5_0_,
        role1_.id as id1_3_1_,
        role1_.name as name2_3_1_ 
    from
        user_roles roles0_ 
    inner join
        role role1_ 
            on roles0_.role_id=role1_.id 
    where
        roles0_.user_id=?
2022-03-13 00:51:36.090 TRACE 44828 --- [    Test worker] o.h.type.descriptor.sql.BasicBinder      : binding parameter [1] as [BIGINT] - [2]
2022-03-13 00:51:36.090 TRACE 44828 --- [    Test worker] o.h.type.descriptor.sql.BasicExtractor   : extracted value ([id1_3_1_] : [INTEGER]) - [1]
2022-03-13 00:51:36.090 TRACE 44828 --- [    Test worker] o.h.type.descriptor.sql.BasicExtractor   : extracted value ([name2_3_1_] : [VARCHAR]) - [ROLE_USER]
2022-03-13 00:51:36.090 TRACE 44828 --- [    Test worker] o.h.type.descriptor.sql.BasicExtractor   : extracted value ([user_id1_5_0_] : [BIGINT]) - [2]
2022-03-13 00:51:36.090 TRACE 44828 --- [    Test worker] o.h.type.descriptor.sql.BasicExtractor   : extracted value ([role_id2_5_0_] : [INTEGER]) - [1]
Hibernate: 
    /* delete collection com.jan.web.security.user.User.roles */ delete 
        from
            user_roles 
        where
            user_id=?
2022-03-13 00:51:36.091 TRACE 44828 --- [    Test worker] o.h.type.descriptor.sql.BasicBinder      : binding parameter [1] as [BIGINT] - [2]
Hibernate: 
    /* delete com.jan.web.security.user.User */ delete 
        from
            users 
        where
            id=?
2022-03-13 00:51:36.092 TRACE 44828 --- [    Test worker] o.h.type.descriptor.sql.BasicBinder      : binding parameter [1] as [BIGINT] - [2]
Hibernate: 
    /* select
        generatedAlias0 
    from
        Role as generatedAlias0 
    where
        generatedAlias0.name=:param0 */ select
            role0_.id as id1_3_,
            role0_.name as name2_3_ 
        from
            role role0_ 
        where
            role0_.name=?
2022-03-13 00:51:36.174 TRACE 44828 --- [    Test worker] o.h.type.descriptor.sql.BasicBinder      : binding parameter [1] as [VARCHAR] - [ROLE_USER]
2022-03-13 00:51:36.174 TRACE 44828 --- [    Test worker] o.h.type.descriptor.sql.BasicExtractor   : extracted value ([id1_3_] : [INTEGER]) - [1]
2022-03-13 00:51:36.174 TRACE 44828 --- [    Test worker] o.h.type.descriptor.sql.BasicExtractor   : extracted value ([name2_3_] : [VARCHAR]) - [ROLE_USER]
Hibernate: 
    /* insert com.jan.web.security.user.User
        */ insert 
        into
            users
            (id, password, username) 
        values
            (null, ?, ?)
2022-03-13 00:51:36.176 TRACE 44828 --- [    Test worker] o.h.type.descriptor.sql.BasicBinder      : binding parameter [1] as [VARCHAR] - [$2a$10$cq3qblNubcIwhJUOxOZ.fu2tlCNNS1E4ICOo3hUwVbxlAvl4HTJAy]
2022-03-13 00:51:36.176 TRACE 44828 --- [    Test worker] o.h.type.descriptor.sql.BasicBinder      : binding parameter [2] as [VARCHAR] - [test_user]
Hibernate: 
    /* insert collection
        row com.jan.web.security.user.User.roles */ insert 
        into
            user_roles
            (user_id, role_id) 
        values
            (?, ?)
2022-03-13 00:51:36.177 TRACE 44828 --- [    Test worker] o.h.type.descriptor.sql.BasicBinder      : binding parameter [1] as [BIGINT] - [3]
2022-03-13 00:51:36.177 TRACE 44828 --- [    Test worker] o.h.type.descriptor.sql.BasicBinder      : binding parameter [2] as [INTEGER] - [1]
Hibernate: 
    /* select
        generatedAlias0 
    from
        User as generatedAlias0 
    where
        generatedAlias0.username=:param0 */ select
            user0_.id as id1_6_,
            user0_.password as password2_6_,
            user0_.username as username3_6_ 
        from
            users user0_ 
        where
            user0_.username=?
2022-03-13 00:51:36.178 TRACE 44828 --- [    Test worker] o.h.type.descriptor.sql.BasicBinder      : binding parameter [1] as [VARCHAR] - [test_user]
2022-03-13 00:51:36.179 TRACE 44828 --- [    Test worker] o.h.type.descriptor.sql.BasicExtractor   : extracted value ([id1_6_] : [BIGINT]) - [3]
2022-03-13 00:51:36.179 TRACE 44828 --- [    Test worker] o.h.type.descriptor.sql.BasicExtractor   : extracted value ([password2_6_] : [VARCHAR]) - [$2a$10$cq3qblNubcIwhJUOxOZ.fu2tlCNNS1E4ICOo3hUwVbxlAvl4HTJAy]
2022-03-13 00:51:36.179 TRACE 44828 --- [    Test worker] o.h.type.descriptor.sql.BasicExtractor   : extracted value ([username3_6_] : [VARCHAR]) - [test_user]
2022-03-13 00:51:36.179 TRACE 44828 --- [    Test worker] org.hibernate.type.CollectionType        : Created collection wrapper: [com.jan.web.security.user.User.roles#3]
Hibernate: 
    select
        roles0_.user_id as user_id1_5_0_,
        roles0_.role_id as role_id2_5_0_,
        role1_.id as id1_3_1_,
        role1_.name as name2_3_1_ 
    from
        user_roles roles0_ 
    inner join
        role role1_ 
            on roles0_.role_id=role1_.id 
    where
        roles0_.user_id=?
2022-03-13 00:51:36.180 TRACE 44828 --- [    Test worker] o.h.type.descriptor.sql.BasicBinder      : binding parameter [1] as [BIGINT] - [3]
2022-03-13 00:51:36.180 TRACE 44828 --- [    Test worker] o.h.type.descriptor.sql.BasicExtractor   : extracted value ([id1_3_1_] : [INTEGER]) - [1]
2022-03-13 00:51:36.180 TRACE 44828 --- [    Test worker] o.h.type.descriptor.sql.BasicExtractor   : extracted value ([name2_3_1_] : [VARCHAR]) - [ROLE_USER]
2022-03-13 00:51:36.180 TRACE 44828 --- [    Test worker] o.h.type.descriptor.sql.BasicExtractor   : extracted value ([user_id1_5_0_] : [BIGINT]) - [3]
2022-03-13 00:51:36.180 TRACE 44828 --- [    Test worker] o.h.type.descriptor.sql.BasicExtractor   : extracted value ([role_id2_5_0_] : [INTEGER]) - [1]
2022-03-13 00:51:36.258  WARN 44828 --- [    Test worker] c.g.dockerjava.core.DockerClientBuilder  : 'dockerHttpClient' should be set.Falling back to Jersey, will be an error in future releases.
Hibernate: 
    /* select
        generatedAlias0 
    from
        User as generatedAlias0 
    where
        generatedAlias0.username=:param0 */ select
            user0_.id as id1_6_,
            user0_.password as password2_6_,
            user0_.username as username3_6_ 
        from
            users user0_ 
        where
            user0_.username=?
2022-03-13 00:51:36.264 TRACE 44828 --- [o-auto-1-exec-4] o.h.type.descriptor.sql.BasicBinder      : binding parameter [1] as [VARCHAR] - [test_user]
2022-03-13 00:51:36.265 TRACE 44828 --- [o-auto-1-exec-4] o.h.type.descriptor.sql.BasicExtractor   : extracted value ([id1_6_] : [BIGINT]) - [3]
2022-03-13 00:51:36.265 TRACE 44828 --- [o-auto-1-exec-4] o.h.type.descriptor.sql.BasicExtractor   : extracted value ([password2_6_] : [VARCHAR]) - [$2a$10$cq3qblNubcIwhJUOxOZ.fu2tlCNNS1E4ICOo3hUwVbxlAvl4HTJAy]
2022-03-13 00:51:36.265 TRACE 44828 --- [o-auto-1-exec-4] o.h.type.descriptor.sql.BasicExtractor   : extracted value ([username3_6_] : [VARCHAR]) - [test_user]
2022-03-13 00:51:36.265 TRACE 44828 --- [o-auto-1-exec-4] org.hibernate.type.CollectionType        : Created collection wrapper: [com.jan.web.security.user.User.roles#3]
Hibernate: 
    select
        roles0_.user_id as user_id1_5_0_,
        roles0_.role_id as role_id2_5_0_,
        role1_.id as id1_3_1_,
        role1_.name as name2_3_1_ 
    from
        user_roles roles0_ 
    inner join
        role role1_ 
            on roles0_.role_id=role1_.id 
    where
        roles0_.user_id=?
2022-03-13 00:51:36.266 TRACE 44828 --- [o-auto-1-exec-4] o.h.type.descriptor.sql.BasicBinder      : binding parameter [1] as [BIGINT] - [3]
2022-03-13 00:51:36.266 TRACE 44828 --- [o-auto-1-exec-4] o.h.type.descriptor.sql.BasicExtractor   : extracted value ([id1_3_1_] : [INTEGER]) - [1]
2022-03-13 00:51:36.266 TRACE 44828 --- [o-auto-1-exec-4] o.h.type.descriptor.sql.BasicExtractor   : extracted value ([name2_3_1_] : [VARCHAR]) - [ROLE_USER]
2022-03-13 00:51:36.266 TRACE 44828 --- [o-auto-1-exec-4] o.h.type.descriptor.sql.BasicExtractor   : extracted value ([user_id1_5_0_] : [BIGINT]) - [3]
2022-03-13 00:51:36.266 TRACE 44828 --- [o-auto-1-exec-4] o.h.type.descriptor.sql.BasicExtractor   : extracted value ([role_id2_5_0_] : [INTEGER]) - [1]
Hibernate: 
    /* select
        generatedAlias0 
    from
        Project as generatedAlias0 
    where
        generatedAlias0.user=:param0 */ select
            project0_.id as id1_1_,
            project0_.first_label as first_la2_1_,
            project0_.first_label_folder as first_la3_1_,
            project0_.name as name4_1_,
            project0_.second_label as second_l5_1_,
            project0_.second_label_folder as second_l6_1_,
            project0_.selected_model as selected7_1_,
            project0_.user_id as user_id8_1_ 
        from
            project project0_ 
        where
            project0_.user_id=?
2022-03-13 00:51:36.272 TRACE 44828 --- [    Test worker] o.h.type.descriptor.sql.BasicBinder      : binding parameter [1] as [BIGINT] - [3]
Hibernate: 
    select
        user0_.id as id1_6_0_,
        user0_.password as password2_6_0_,
        user0_.username as username3_6_0_ 
    from
        users user0_ 
    where
        user0_.id=?
2022-03-13 00:51:36.273 TRACE 44828 --- [    Test worker] o.h.type.descriptor.sql.BasicBinder      : binding parameter [1] as [BIGINT] - [3]
2022-03-13 00:51:36.274 TRACE 44828 --- [    Test worker] o.h.type.descriptor.sql.BasicExtractor   : extracted value ([password2_6_0_] : [VARCHAR]) - [$2a$10$cq3qblNubcIwhJUOxOZ.fu2tlCNNS1E4ICOo3hUwVbxlAvl4HTJAy]
2022-03-13 00:51:36.274 TRACE 44828 --- [    Test worker] o.h.type.descriptor.sql.BasicExtractor   : extracted value ([username3_6_0_] : [VARCHAR]) - [test_user]
2022-03-13 00:51:36.274 TRACE 44828 --- [    Test worker] org.hibernate.type.CollectionType        : Created collection wrapper: [com.jan.web.security.user.User.roles#3]
Hibernate: 
    select
        roles0_.user_id as user_id1_5_0_,
        roles0_.role_id as role_id2_5_0_,
        role1_.id as id1_3_1_,
        role1_.name as name2_3_1_ 
    from
        user_roles roles0_ 
    inner join
        role role1_ 
            on roles0_.role_id=role1_.id 
    where
        roles0_.user_id=?
2022-03-13 00:51:36.275 TRACE 44828 --- [    Test worker] o.h.type.descriptor.sql.BasicBinder      : binding parameter [1] as [BIGINT] - [3]
2022-03-13 00:51:36.275 TRACE 44828 --- [    Test worker] o.h.type.descriptor.sql.BasicExtractor   : extracted value ([id1_3_1_] : [INTEGER]) - [1]
2022-03-13 00:51:36.276 TRACE 44828 --- [    Test worker] o.h.type.descriptor.sql.BasicExtractor   : extracted value ([name2_3_1_] : [VARCHAR]) - [ROLE_USER]
2022-03-13 00:51:36.276 TRACE 44828 --- [    Test worker] o.h.type.descriptor.sql.BasicExtractor   : extracted value ([user_id1_5_0_] : [BIGINT]) - [3]
2022-03-13 00:51:36.276 TRACE 44828 --- [    Test worker] o.h.type.descriptor.sql.BasicExtractor   : extracted value ([role_id2_5_0_] : [INTEGER]) - [1]
Hibernate: 
    /* delete collection com.jan.web.security.user.User.roles */ delete 
        from
            user_roles 
        where
            user_id=?
2022-03-13 00:51:36.277 TRACE 44828 --- [    Test worker] o.h.type.descriptor.sql.BasicBinder      : binding parameter [1] as [BIGINT] - [3]
Hibernate: 
    /* delete com.jan.web.security.user.User */ delete 
        from
            users 
        where
            id=?
2022-03-13 00:51:36.278 TRACE 44828 --- [    Test worker] o.h.type.descriptor.sql.BasicBinder      : binding parameter [1] as [BIGINT] - [3]
Hibernate: 
    /* select
        generatedAlias0 
    from
        Role as generatedAlias0 
    where
        generatedAlias0.name=:param0 */ select
            role0_.id as id1_3_,
            role0_.name as name2_3_ 
        from
            role role0_ 
        where
            role0_.name=?
2022-03-13 00:51:36.355 TRACE 44828 --- [    Test worker] o.h.type.descriptor.sql.BasicBinder      : binding parameter [1] as [VARCHAR] - [ROLE_USER]
2022-03-13 00:51:36.355 TRACE 44828 --- [    Test worker] o.h.type.descriptor.sql.BasicExtractor   : extracted value ([id1_3_] : [INTEGER]) - [1]
2022-03-13 00:51:36.355 TRACE 44828 --- [    Test worker] o.h.type.descriptor.sql.BasicExtractor   : extracted value ([name2_3_] : [VARCHAR]) - [ROLE_USER]
Hibernate: 
    /* insert com.jan.web.security.user.User
        */ insert 
        into
            users
            (id, password, username) 
        values
            (null, ?, ?)
2022-03-13 00:51:36.357 TRACE 44828 --- [    Test worker] o.h.type.descriptor.sql.BasicBinder      : binding parameter [1] as [VARCHAR] - [$2a$10$Bz1aeNf7nHeZQhBBc/n1p.PMH9B0Z.OZ6hi8zorsyIZZPkrYkQnFq]
2022-03-13 00:51:36.357 TRACE 44828 --- [    Test worker] o.h.type.descriptor.sql.BasicBinder      : binding parameter [2] as [VARCHAR] - [test_user]
Hibernate: 
    /* insert collection
        row com.jan.web.security.user.User.roles */ insert 
        into
            user_roles
            (user_id, role_id) 
        values
            (?, ?)
2022-03-13 00:51:36.358 TRACE 44828 --- [    Test worker] o.h.type.descriptor.sql.BasicBinder      : binding parameter [1] as [BIGINT] - [4]
2022-03-13 00:51:36.358 TRACE 44828 --- [    Test worker] o.h.type.descriptor.sql.BasicBinder      : binding parameter [2] as [INTEGER] - [1]
Hibernate: 
    /* select
        generatedAlias0 
    from
        User as generatedAlias0 
    where
        generatedAlias0.username=:param0 */ select
            user0_.id as id1_6_,
            user0_.password as password2_6_,
            user0_.username as username3_6_ 
        from
            users user0_ 
        where
            user0_.username=?
2022-03-13 00:51:36.361 TRACE 44828 --- [    Test worker] o.h.type.descriptor.sql.BasicBinder      : binding parameter [1] as [VARCHAR] - [test_user]
2022-03-13 00:51:36.361 TRACE 44828 --- [    Test worker] o.h.type.descriptor.sql.BasicExtractor   : extracted value ([id1_6_] : [BIGINT]) - [4]
2022-03-13 00:51:36.361 TRACE 44828 --- [    Test worker] o.h.type.descriptor.sql.BasicExtractor   : extracted value ([password2_6_] : [VARCHAR]) - [$2a$10$Bz1aeNf7nHeZQhBBc/n1p.PMH9B0Z.OZ6hi8zorsyIZZPkrYkQnFq]
2022-03-13 00:51:36.361 TRACE 44828 --- [    Test worker] o.h.type.descriptor.sql.BasicExtractor   : extracted value ([username3_6_] : [VARCHAR]) - [test_user]
2022-03-13 00:51:36.361 TRACE 44828 --- [    Test worker] org.hibernate.type.CollectionType        : Created collection wrapper: [com.jan.web.security.user.User.roles#4]
Hibernate: 
    select
        roles0_.user_id as user_id1_5_0_,
        roles0_.role_id as role_id2_5_0_,
        role1_.id as id1_3_1_,
        role1_.name as name2_3_1_ 
    from
        user_roles roles0_ 
    inner join
        role role1_ 
            on roles0_.role_id=role1_.id 
    where
        roles0_.user_id=?
2022-03-13 00:51:36.362 TRACE 44828 --- [    Test worker] o.h.type.descriptor.sql.BasicBinder      : binding parameter [1] as [BIGINT] - [4]
2022-03-13 00:51:36.362 TRACE 44828 --- [    Test worker] o.h.type.descriptor.sql.BasicExtractor   : extracted value ([id1_3_1_] : [INTEGER]) - [1]
2022-03-13 00:51:36.362 TRACE 44828 --- [    Test worker] o.h.type.descriptor.sql.BasicExtractor   : extracted value ([name2_3_1_] : [VARCHAR]) - [ROLE_USER]
2022-03-13 00:51:36.363 TRACE 44828 --- [    Test worker] o.h.type.descriptor.sql.BasicExtractor   : extracted value ([user_id1_5_0_] : [BIGINT]) - [4]
2022-03-13 00:51:36.363 TRACE 44828 --- [    Test worker] o.h.type.descriptor.sql.BasicExtractor   : extracted value ([role_id2_5_0_] : [INTEGER]) - [1]
2022-03-13 00:51:36.442  WARN 44828 --- [    Test worker] c.g.dockerjava.core.DockerClientBuilder  : 'dockerHttpClient' should be set.Falling back to Jersey, will be an error in future releases.
Hibernate: 
    /* select
        generatedAlias0 
    from
        User as generatedAlias0 
    where
        generatedAlias0.username=:param0 */ select
            user0_.id as id1_6_,
            user0_.password as password2_6_,
            user0_.username as username3_6_ 
        from
            users user0_ 
        where
            user0_.username=?
2022-03-13 00:51:36.448 TRACE 44828 --- [o-auto-1-exec-5] o.h.type.descriptor.sql.BasicBinder      : binding parameter [1] as [VARCHAR] - [test_user]
2022-03-13 00:51:36.448 TRACE 44828 --- [o-auto-1-exec-5] o.h.type.descriptor.sql.BasicExtractor   : extracted value ([id1_6_] : [BIGINT]) - [4]
2022-03-13 00:51:36.449 TRACE 44828 --- [o-auto-1-exec-5] o.h.type.descriptor.sql.BasicExtractor   : extracted value ([password2_6_] : [VARCHAR]) - [$2a$10$Bz1aeNf7nHeZQhBBc/n1p.PMH9B0Z.OZ6hi8zorsyIZZPkrYkQnFq]
2022-03-13 00:51:36.449 TRACE 44828 --- [o-auto-1-exec-5] o.h.type.descriptor.sql.BasicExtractor   : extracted value ([username3_6_] : [VARCHAR]) - [test_user]
2022-03-13 00:51:36.449 TRACE 44828 --- [o-auto-1-exec-5] org.hibernate.type.CollectionType        : Created collection wrapper: [com.jan.web.security.user.User.roles#4]
Hibernate: 
    select
        roles0_.user_id as user_id1_5_0_,
        roles0_.role_id as role_id2_5_0_,
        role1_.id as id1_3_1_,
        role1_.name as name2_3_1_ 
    from
        user_roles roles0_ 
    inner join
        role role1_ 
            on roles0_.role_id=role1_.id 
    where
        roles0_.user_id=?
2022-03-13 00:51:36.449 TRACE 44828 --- [o-auto-1-exec-5] o.h.type.descriptor.sql.BasicBinder      : binding parameter [1] as [BIGINT] - [4]
2022-03-13 00:51:36.449 TRACE 44828 --- [o-auto-1-exec-5] o.h.type.descriptor.sql.BasicExtractor   : extracted value ([id1_3_1_] : [INTEGER]) - [1]
2022-03-13 00:51:36.449 TRACE 44828 --- [o-auto-1-exec-5] o.h.type.descriptor.sql.BasicExtractor   : extracted value ([name2_3_1_] : [VARCHAR]) - [ROLE_USER]
2022-03-13 00:51:36.449 TRACE 44828 --- [o-auto-1-exec-5] o.h.type.descriptor.sql.BasicExtractor   : extracted value ([user_id1_5_0_] : [BIGINT]) - [4]
2022-03-13 00:51:36.450 TRACE 44828 --- [o-auto-1-exec-5] o.h.type.descriptor.sql.BasicExtractor   : extracted value ([role_id2_5_0_] : [INTEGER]) - [1]
Hibernate: 
    /* select
        generatedAlias0 
    from
        User as generatedAlias0 
    where
        generatedAlias0.username=:param0 */ select
            user0_.id as id1_6_,
            user0_.password as password2_6_,
            user0_.username as username3_6_ 
        from
            users user0_ 
        where
            user0_.username=?
2022-03-13 00:51:36.453 TRACE 44828 --- [o-auto-1-exec-5] o.h.type.descriptor.sql.BasicBinder      : binding parameter [1] as [VARCHAR] - [test_user]
2022-03-13 00:51:36.453 TRACE 44828 --- [o-auto-1-exec-5] o.h.type.descriptor.sql.BasicExtractor   : extracted value ([id1_6_] : [BIGINT]) - [4]
2022-03-13 00:51:36.453 TRACE 44828 --- [o-auto-1-exec-5] o.h.type.descriptor.sql.BasicExtractor   : extracted value ([password2_6_] : [VARCHAR]) - [$2a$10$Bz1aeNf7nHeZQhBBc/n1p.PMH9B0Z.OZ6hi8zorsyIZZPkrYkQnFq]
2022-03-13 00:51:36.454 TRACE 44828 --- [o-auto-1-exec-5] o.h.type.descriptor.sql.BasicExtractor   : extracted value ([username3_6_] : [VARCHAR]) - [test_user]
2022-03-13 00:51:36.454 TRACE 44828 --- [o-auto-1-exec-5] org.hibernate.type.CollectionType        : Created collection wrapper: [com.jan.web.security.user.User.roles#4]
Hibernate: 
    call next value for hibernate_sequence
Hibernate: 
    /* insert com.jan.web.project.Project
        */ insert 
        into
            project
            (first_label, first_label_folder, name, second_label, second_label_folder, selected_model, user_id, id) 
        values
            (?, ?, ?, ?, ?, ?, ?, ?)
2022-03-13 00:51:36.455 TRACE 44828 --- [o-auto-1-exec-5] o.h.type.descriptor.sql.BasicBinder      : binding parameter [1] as [VARCHAR] - [null]
2022-03-13 00:51:36.455 TRACE 44828 --- [o-auto-1-exec-5] o.h.type.descriptor.sql.BasicBinder      : binding parameter [2] as [VARCHAR] - [null]
2022-03-13 00:51:36.455 TRACE 44828 --- [o-auto-1-exec-5] o.h.type.descriptor.sql.BasicBinder      : binding parameter [3] as [VARCHAR] - [random name]
2022-03-13 00:51:36.455 TRACE 44828 --- [o-auto-1-exec-5] o.h.type.descriptor.sql.BasicBinder      : binding parameter [4] as [VARCHAR] - [null]
2022-03-13 00:51:36.455 TRACE 44828 --- [o-auto-1-exec-5] o.h.type.descriptor.sql.BasicBinder      : binding parameter [5] as [VARCHAR] - [null]
2022-03-13 00:51:36.455 TRACE 44828 --- [o-auto-1-exec-5] o.h.type.descriptor.sql.BasicBinder      : binding parameter [6] as [VARCHAR] - [null]
2022-03-13 00:51:36.455 TRACE 44828 --- [o-auto-1-exec-5] o.h.type.descriptor.sql.BasicBinder      : binding parameter [7] as [BIGINT] - [4]
2022-03-13 00:51:36.455 TRACE 44828 --- [o-auto-1-exec-5] o.h.type.descriptor.sql.BasicBinder      : binding parameter [8] as [BIGINT] - [2]
Hibernate: 
    /* select
        generatedAlias0 
    from
        User as generatedAlias0 
    where
        generatedAlias0.username=:param0 */ select
            user0_.id as id1_6_,
            user0_.password as password2_6_,
            user0_.username as username3_6_ 
        from
            users user0_ 
        where
            user0_.username=?
2022-03-13 00:51:36.462 TRACE 44828 --- [o-auto-1-exec-6] o.h.type.descriptor.sql.BasicBinder      : binding parameter [1] as [VARCHAR] - [test_user]
2022-03-13 00:51:36.463 TRACE 44828 --- [o-auto-1-exec-6] o.h.type.descriptor.sql.BasicExtractor   : extracted value ([id1_6_] : [BIGINT]) - [4]
2022-03-13 00:51:36.463 TRACE 44828 --- [o-auto-1-exec-6] o.h.type.descriptor.sql.BasicExtractor   : extracted value ([password2_6_] : [VARCHAR]) - [$2a$10$Bz1aeNf7nHeZQhBBc/n1p.PMH9B0Z.OZ6hi8zorsyIZZPkrYkQnFq]
2022-03-13 00:51:36.463 TRACE 44828 --- [o-auto-1-exec-6] o.h.type.descriptor.sql.BasicExtractor   : extracted value ([username3_6_] : [VARCHAR]) - [test_user]
2022-03-13 00:51:36.463 TRACE 44828 --- [o-auto-1-exec-6] org.hibernate.type.CollectionType        : Created collection wrapper: [com.jan.web.security.user.User.roles#4]
Hibernate: 
    select
        roles0_.user_id as user_id1_5_0_,
        roles0_.role_id as role_id2_5_0_,
        role1_.id as id1_3_1_,
        role1_.name as name2_3_1_ 
    from
        user_roles roles0_ 
    inner join
        role role1_ 
            on roles0_.role_id=role1_.id 
    where
        roles0_.user_id=?
2022-03-13 00:51:36.464 TRACE 44828 --- [o-auto-1-exec-6] o.h.type.descriptor.sql.BasicBinder      : binding parameter [1] as [BIGINT] - [4]
2022-03-13 00:51:36.464 TRACE 44828 --- [o-auto-1-exec-6] o.h.type.descriptor.sql.BasicExtractor   : extracted value ([id1_3_1_] : [INTEGER]) - [1]
2022-03-13 00:51:36.464 TRACE 44828 --- [o-auto-1-exec-6] o.h.type.descriptor.sql.BasicExtractor   : extracted value ([name2_3_1_] : [VARCHAR]) - [ROLE_USER]
2022-03-13 00:51:36.464 TRACE 44828 --- [o-auto-1-exec-6] o.h.type.descriptor.sql.BasicExtractor   : extracted value ([user_id1_5_0_] : [BIGINT]) - [4]
2022-03-13 00:51:36.464 TRACE 44828 --- [o-auto-1-exec-6] o.h.type.descriptor.sql.BasicExtractor   : extracted value ([role_id2_5_0_] : [INTEGER]) - [1]
Hibernate: 
    /* select
        generatedAlias0 
    from
        User as generatedAlias0 
    where
        generatedAlias0.username=:param0 */ select
            user0_.id as id1_6_,
            user0_.password as password2_6_,
            user0_.username as username3_6_ 
        from
            users user0_ 
        where
            user0_.username=?
2022-03-13 00:51:36.467 TRACE 44828 --- [o-auto-1-exec-6] o.h.type.descriptor.sql.BasicBinder      : binding parameter [1] as [VARCHAR] - [test_user]
2022-03-13 00:51:36.467 TRACE 44828 --- [o-auto-1-exec-6] o.h.type.descriptor.sql.BasicExtractor   : extracted value ([id1_6_] : [BIGINT]) - [4]
2022-03-13 00:51:36.467 TRACE 44828 --- [o-auto-1-exec-6] o.h.type.descriptor.sql.BasicExtractor   : extracted value ([password2_6_] : [VARCHAR]) - [$2a$10$Bz1aeNf7nHeZQhBBc/n1p.PMH9B0Z.OZ6hi8zorsyIZZPkrYkQnFq]
2022-03-13 00:51:36.467 TRACE 44828 --- [o-auto-1-exec-6] o.h.type.descriptor.sql.BasicExtractor   : extracted value ([username3_6_] : [VARCHAR]) - [test_user]
2022-03-13 00:51:36.468 TRACE 44828 --- [o-auto-1-exec-6] org.hibernate.type.CollectionType        : Created collection wrapper: [com.jan.web.security.user.User.roles#4]
Hibernate: 
    /* select
        generatedAlias0 
    from
        Project as generatedAlias0 
    where
        generatedAlias0.user=:param0 */ select
            project0_.id as id1_1_,
            project0_.first_label as first_la2_1_,
            project0_.first_label_folder as first_la3_1_,
            project0_.name as name4_1_,
            project0_.second_label as second_l5_1_,
            project0_.second_label_folder as second_l6_1_,
            project0_.selected_model as selected7_1_,
            project0_.user_id as user_id8_1_ 
        from
            project project0_ 
        where
            project0_.user_id=?
2022-03-13 00:51:36.469 TRACE 44828 --- [o-auto-1-exec-6] o.h.type.descriptor.sql.BasicBinder      : binding parameter [1] as [BIGINT] - [4]
2022-03-13 00:51:36.469 TRACE 44828 --- [o-auto-1-exec-6] o.h.type.descriptor.sql.BasicExtractor   : extracted value ([id1_1_] : [BIGINT]) - [2]
2022-03-13 00:51:36.469 TRACE 44828 --- [o-auto-1-exec-6] o.h.type.descriptor.sql.BasicExtractor   : extracted value ([first_la2_1_] : [VARCHAR]) - [null]
2022-03-13 00:51:36.469 TRACE 44828 --- [o-auto-1-exec-6] o.h.type.descriptor.sql.BasicExtractor   : extracted value ([first_la3_1_] : [VARCHAR]) - [null]
2022-03-13 00:51:36.469 TRACE 44828 --- [o-auto-1-exec-6] o.h.type.descriptor.sql.BasicExtractor   : extracted value ([name4_1_] : [VARCHAR]) - [random name]
2022-03-13 00:51:36.469 TRACE 44828 --- [o-auto-1-exec-6] o.h.type.descriptor.sql.BasicExtractor   : extracted value ([second_l5_1_] : [VARCHAR]) - [null]
2022-03-13 00:51:36.469 TRACE 44828 --- [o-auto-1-exec-6] o.h.type.descriptor.sql.BasicExtractor   : extracted value ([second_l6_1_] : [VARCHAR]) - [null]
2022-03-13 00:51:36.469 TRACE 44828 --- [o-auto-1-exec-6] o.h.type.descriptor.sql.BasicExtractor   : extracted value ([selected7_1_] : [VARCHAR]) - [null]
2022-03-13 00:51:36.469 TRACE 44828 --- [o-auto-1-exec-6] o.h.type.descriptor.sql.BasicExtractor   : extracted value ([user_id8_1_] : [BIGINT]) - [4]
Hibernate: 
    select
        roles0_.user_id as user_id1_5_0_,
        roles0_.role_id as role_id2_5_0_,
        role1_.id as id1_3_1_,
        role1_.name as name2_3_1_ 
    from
        user_roles roles0_ 
    inner join
        role role1_ 
            on roles0_.role_id=role1_.id 
    where
        roles0_.user_id=?
2022-03-13 00:51:36.470 TRACE 44828 --- [o-auto-1-exec-6] o.h.type.descriptor.sql.BasicBinder      : binding parameter [1] as [BIGINT] - [4]
2022-03-13 00:51:36.471 TRACE 44828 --- [o-auto-1-exec-6] o.h.type.descriptor.sql.BasicExtractor   : extracted value ([id1_3_1_] : [INTEGER]) - [1]
2022-03-13 00:51:36.471 TRACE 44828 --- [o-auto-1-exec-6] o.h.type.descriptor.sql.BasicExtractor   : extracted value ([name2_3_1_] : [VARCHAR]) - [ROLE_USER]
2022-03-13 00:51:36.471 TRACE 44828 --- [o-auto-1-exec-6] o.h.type.descriptor.sql.BasicExtractor   : extracted value ([user_id1_5_0_] : [BIGINT]) - [4]
2022-03-13 00:51:36.471 TRACE 44828 --- [o-auto-1-exec-6] o.h.type.descriptor.sql.BasicExtractor   : extracted value ([role_id2_5_0_] : [INTEGER]) - [1]
Hibernate: 
    /* select
        generatedAlias0 
    from
        User as generatedAlias0 
    where
        generatedAlias0.username=:param0 */ select
            user0_.id as id1_6_,
            user0_.password as password2_6_,
            user0_.username as username3_6_ 
        from
            users user0_ 
        where
            user0_.username=?
2022-03-13 00:51:36.486 TRACE 44828 --- [o-auto-1-exec-7] o.h.type.descriptor.sql.BasicBinder      : binding parameter [1] as [VARCHAR] - [test_user]
2022-03-13 00:51:36.487 TRACE 44828 --- [o-auto-1-exec-7] o.h.type.descriptor.sql.BasicExtractor   : extracted value ([id1_6_] : [BIGINT]) - [4]
2022-03-13 00:51:36.487 TRACE 44828 --- [o-auto-1-exec-7] o.h.type.descriptor.sql.BasicExtractor   : extracted value ([password2_6_] : [VARCHAR]) - [$2a$10$Bz1aeNf7nHeZQhBBc/n1p.PMH9B0Z.OZ6hi8zorsyIZZPkrYkQnFq]
2022-03-13 00:51:36.487 TRACE 44828 --- [o-auto-1-exec-7] o.h.type.descriptor.sql.BasicExtractor   : extracted value ([username3_6_] : [VARCHAR]) - [test_user]
2022-03-13 00:51:36.487 TRACE 44828 --- [o-auto-1-exec-7] org.hibernate.type.CollectionType        : Created collection wrapper: [com.jan.web.security.user.User.roles#4]
Hibernate: 
    select
        roles0_.user_id as user_id1_5_0_,
        roles0_.role_id as role_id2_5_0_,
        role1_.id as id1_3_1_,
        role1_.name as name2_3_1_ 
    from
        user_roles roles0_ 
    inner join
        role role1_ 
            on roles0_.role_id=role1_.id 
    where
        roles0_.user_id=?
2022-03-13 00:51:36.488 TRACE 44828 --- [o-auto-1-exec-7] o.h.type.descriptor.sql.BasicBinder      : binding parameter [1] as [BIGINT] - [4]
2022-03-13 00:51:36.488 TRACE 44828 --- [o-auto-1-exec-7] o.h.type.descriptor.sql.BasicExtractor   : extracted value ([id1_3_1_] : [INTEGER]) - [1]
2022-03-13 00:51:36.488 TRACE 44828 --- [o-auto-1-exec-7] o.h.type.descriptor.sql.BasicExtractor   : extracted value ([name2_3_1_] : [VARCHAR]) - [ROLE_USER]
2022-03-13 00:51:36.488 TRACE 44828 --- [o-auto-1-exec-7] o.h.type.descriptor.sql.BasicExtractor   : extracted value ([user_id1_5_0_] : [BIGINT]) - [4]
2022-03-13 00:51:36.488 TRACE 44828 --- [o-auto-1-exec-7] o.h.type.descriptor.sql.BasicExtractor   : extracted value ([role_id2_5_0_] : [INTEGER]) - [1]
Hibernate: 
    /* select
        generatedAlias0 
    from
        User as generatedAlias0 
    where
        generatedAlias0.username=:param0 */ select
            user0_.id as id1_6_,
            user0_.password as password2_6_,
            user0_.username as username3_6_ 
        from
            users user0_ 
        where
            user0_.username=?
2022-03-13 00:51:36.495 TRACE 44828 --- [o-auto-1-exec-7] o.h.type.descriptor.sql.BasicBinder      : binding parameter [1] as [VARCHAR] - [test_user]
2022-03-13 00:51:36.495 TRACE 44828 --- [o-auto-1-exec-7] o.h.type.descriptor.sql.BasicExtractor   : extracted value ([id1_6_] : [BIGINT]) - [4]
2022-03-13 00:51:36.495 TRACE 44828 --- [o-auto-1-exec-7] o.h.type.descriptor.sql.BasicExtractor   : extracted value ([password2_6_] : [VARCHAR]) - [$2a$10$Bz1aeNf7nHeZQhBBc/n1p.PMH9B0Z.OZ6hi8zorsyIZZPkrYkQnFq]
2022-03-13 00:51:36.495 TRACE 44828 --- [o-auto-1-exec-7] o.h.type.descriptor.sql.BasicExtractor   : extracted value ([username3_6_] : [VARCHAR]) - [test_user]
2022-03-13 00:51:36.495 TRACE 44828 --- [o-auto-1-exec-7] org.hibernate.type.CollectionType        : Created collection wrapper: [com.jan.web.security.user.User.roles#4]
Hibernate: 
    select
        project0_.id as id1_1_0_,
        project0_.first_label as first_la2_1_0_,
        project0_.first_label_folder as first_la3_1_0_,
        project0_.name as name4_1_0_,
        project0_.second_label as second_l5_1_0_,
        project0_.second_label_folder as second_l6_1_0_,
        project0_.selected_model as selected7_1_0_,
        project0_.user_id as user_id8_1_0_,
        user1_.id as id1_6_1_,
        user1_.password as password2_6_1_,
        user1_.username as username3_6_1_ 
    from
        project project0_ 
    left outer join
        users user1_ 
            on project0_.user_id=user1_.id 
    where
        project0_.id=?
2022-03-13 00:51:36.500 TRACE 44828 --- [o-auto-1-exec-7] o.h.type.descriptor.sql.BasicBinder      : binding parameter [1] as [BIGINT] - [2]
2022-03-13 00:51:36.500 TRACE 44828 --- [o-auto-1-exec-7] o.h.type.descriptor.sql.BasicExtractor   : extracted value ([id1_6_1_] : [BIGINT]) - [4]
2022-03-13 00:51:36.500 TRACE 44828 --- [o-auto-1-exec-7] o.h.type.descriptor.sql.BasicExtractor   : extracted value ([first_la2_1_0_] : [VARCHAR]) - [null]
2022-03-13 00:51:36.500 TRACE 44828 --- [o-auto-1-exec-7] o.h.type.descriptor.sql.BasicExtractor   : extracted value ([first_la3_1_0_] : [VARCHAR]) - [null]
2022-03-13 00:51:36.501 TRACE 44828 --- [o-auto-1-exec-7] o.h.type.descriptor.sql.BasicExtractor   : extracted value ([name4_1_0_] : [VARCHAR]) - [random name]
2022-03-13 00:51:36.501 TRACE 44828 --- [o-auto-1-exec-7] o.h.type.descriptor.sql.BasicExtractor   : extracted value ([second_l5_1_0_] : [VARCHAR]) - [null]
2022-03-13 00:51:36.501 TRACE 44828 --- [o-auto-1-exec-7] o.h.type.descriptor.sql.BasicExtractor   : extracted value ([second_l6_1_0_] : [VARCHAR]) - [null]
2022-03-13 00:51:36.501 TRACE 44828 --- [o-auto-1-exec-7] o.h.type.descriptor.sql.BasicExtractor   : extracted value ([selected7_1_0_] : [VARCHAR]) - [null]
2022-03-13 00:51:36.501 TRACE 44828 --- [o-auto-1-exec-7] o.h.type.descriptor.sql.BasicExtractor   : extracted value ([user_id8_1_0_] : [BIGINT]) - [4]
Hibernate: 
    /* select
        generatedAlias0 
    from
        Runner as generatedAlias0 
    left join
        generatedAlias0.project as generatedAlias1 
    where
        generatedAlias1.id=:param0 */ select
            runner0_.id as id1_4_,
            runner0_.c_parameter as c_parame2_4_,
            runner0_.gamma_parameter as gamma_pa3_4_,
            runner0_.is_finished as is_finis4_4_,
            runner0_.project_id as project_5_4_ 
        from
            runner runner0_ 
        left outer join
            project project1_ 
                on runner0_.project_id=project1_.id 
        where
            project1_.id=?
2022-03-13 00:51:36.511 TRACE 44828 --- [o-auto-1-exec-7] o.h.type.descriptor.sql.BasicBinder      : binding parameter [1] as [BIGINT] - [2]
Hibernate: 
    /* select
        generatedAlias0 
    from
        Project as generatedAlias0 
    where
        generatedAlias0.user=:param0 */ select
            project0_.id as id1_1_,
            project0_.first_label as first_la2_1_,
            project0_.first_label_folder as first_la3_1_,
            project0_.name as name4_1_,
            project0_.second_label as second_l5_1_,
            project0_.second_label_folder as second_l6_1_,
            project0_.selected_model as selected7_1_,
            project0_.user_id as user_id8_1_ 
        from
            project project0_ 
        where
            project0_.user_id=?
2022-03-13 00:51:36.514 TRACE 44828 --- [    Test worker] o.h.type.descriptor.sql.BasicBinder      : binding parameter [1] as [BIGINT] - [4]
2022-03-13 00:51:36.515 TRACE 44828 --- [    Test worker] o.h.type.descriptor.sql.BasicExtractor   : extracted value ([id1_1_] : [BIGINT]) - [2]
2022-03-13 00:51:36.515 TRACE 44828 --- [    Test worker] o.h.type.descriptor.sql.BasicExtractor   : extracted value ([first_la2_1_] : [VARCHAR]) - [null]
2022-03-13 00:51:36.515 TRACE 44828 --- [    Test worker] o.h.type.descriptor.sql.BasicExtractor   : extracted value ([first_la3_1_] : [VARCHAR]) - [null]
2022-03-13 00:51:36.515 TRACE 44828 --- [    Test worker] o.h.type.descriptor.sql.BasicExtractor   : extracted value ([name4_1_] : [VARCHAR]) - [random name]
2022-03-13 00:51:36.515 TRACE 44828 --- [    Test worker] o.h.type.descriptor.sql.BasicExtractor   : extracted value ([second_l5_1_] : [VARCHAR]) - [null]
2022-03-13 00:51:36.515 TRACE 44828 --- [    Test worker] o.h.type.descriptor.sql.BasicExtractor   : extracted value ([second_l6_1_] : [VARCHAR]) - [null]
2022-03-13 00:51:36.515 TRACE 44828 --- [    Test worker] o.h.type.descriptor.sql.BasicExtractor   : extracted value ([selected7_1_] : [VARCHAR]) - [null]
2022-03-13 00:51:36.515 TRACE 44828 --- [    Test worker] o.h.type.descriptor.sql.BasicExtractor   : extracted value ([user_id8_1_] : [BIGINT]) - [4]
Hibernate: 
    select
        user0_.id as id1_6_0_,
        user0_.password as password2_6_0_,
        user0_.username as username3_6_0_ 
    from
        users user0_ 
    where
        user0_.id=?
2022-03-13 00:51:36.516 TRACE 44828 --- [    Test worker] o.h.type.descriptor.sql.BasicBinder      : binding parameter [1] as [BIGINT] - [4]
2022-03-13 00:51:36.516 TRACE 44828 --- [    Test worker] o.h.type.descriptor.sql.BasicExtractor   : extracted value ([password2_6_0_] : [VARCHAR]) - [$2a$10$Bz1aeNf7nHeZQhBBc/n1p.PMH9B0Z.OZ6hi8zorsyIZZPkrYkQnFq]
2022-03-13 00:51:36.516 TRACE 44828 --- [    Test worker] o.h.type.descriptor.sql.BasicExtractor   : extracted value ([username3_6_0_] : [VARCHAR]) - [test_user]
2022-03-13 00:51:36.516 TRACE 44828 --- [    Test worker] org.hibernate.type.CollectionType        : Created collection wrapper: [com.jan.web.security.user.User.roles#4]
Hibernate: 
    select
        project0_.id as id1_1_0_,
        project0_.first_label as first_la2_1_0_,
        project0_.first_label_folder as first_la3_1_0_,
        project0_.name as name4_1_0_,
        project0_.second_label as second_l5_1_0_,
        project0_.second_label_folder as second_l6_1_0_,
        project0_.selected_model as selected7_1_0_,
        project0_.user_id as user_id8_1_0_,
        user1_.id as id1_6_1_,
        user1_.password as password2_6_1_,
        user1_.username as username3_6_1_ 
    from
        project project0_ 
    left outer join
        users user1_ 
            on project0_.user_id=user1_.id 
    where
        project0_.id=?
2022-03-13 00:51:36.517 TRACE 44828 --- [    Test worker] o.h.type.descriptor.sql.BasicBinder      : binding parameter [1] as [BIGINT] - [2]
2022-03-13 00:51:36.518 TRACE 44828 --- [    Test worker] o.h.type.descriptor.sql.BasicExtractor   : extracted value ([id1_6_1_] : [BIGINT]) - [4]
2022-03-13 00:51:36.518 TRACE 44828 --- [    Test worker] o.h.type.descriptor.sql.BasicExtractor   : extracted value ([first_la2_1_0_] : [VARCHAR]) - [null]
2022-03-13 00:51:36.518 TRACE 44828 --- [    Test worker] o.h.type.descriptor.sql.BasicExtractor   : extracted value ([first_la3_1_0_] : [VARCHAR]) - [null]
2022-03-13 00:51:36.518 TRACE 44828 --- [    Test worker] o.h.type.descriptor.sql.BasicExtractor   : extracted value ([name4_1_0_] : [VARCHAR]) - [random name]
2022-03-13 00:51:36.518 TRACE 44828 --- [    Test worker] o.h.type.descriptor.sql.BasicExtractor   : extracted value ([second_l5_1_0_] : [VARCHAR]) - [null]
2022-03-13 00:51:36.518 TRACE 44828 --- [    Test worker] o.h.type.descriptor.sql.BasicExtractor   : extracted value ([second_l6_1_0_] : [VARCHAR]) - [null]
2022-03-13 00:51:36.518 TRACE 44828 --- [    Test worker] o.h.type.descriptor.sql.BasicExtractor   : extracted value ([selected7_1_0_] : [VARCHAR]) - [null]
2022-03-13 00:51:36.518 TRACE 44828 --- [    Test worker] o.h.type.descriptor.sql.BasicExtractor   : extracted value ([user_id8_1_0_] : [BIGINT]) - [4]
2022-03-13 00:51:36.518 TRACE 44828 --- [    Test worker] o.h.type.descriptor.sql.BasicExtractor   : extracted value ([password2_6_1_] : [VARCHAR]) - [$2a$10$Bz1aeNf7nHeZQhBBc/n1p.PMH9B0Z.OZ6hi8zorsyIZZPkrYkQnFq]
2022-03-13 00:51:36.518 TRACE 44828 --- [    Test worker] o.h.type.descriptor.sql.BasicExtractor   : extracted value ([username3_6_1_] : [VARCHAR]) - [test_user]
2022-03-13 00:51:36.518 TRACE 44828 --- [    Test worker] org.hibernate.type.CollectionType        : Created collection wrapper: [com.jan.web.security.user.User.roles#4]
Hibernate: 
    /* delete com.jan.web.project.Project */ delete 
        from
            project 
        where
            id=?
2022-03-13 00:51:36.519 TRACE 44828 --- [    Test worker] o.h.type.descriptor.sql.BasicBinder      : binding parameter [1] as [BIGINT] - [2]
Hibernate: 
    select
        user0_.id as id1_6_0_,
        user0_.password as password2_6_0_,
        user0_.username as username3_6_0_ 
    from
        users user0_ 
    where
        user0_.id=?
2022-03-13 00:51:36.520 TRACE 44828 --- [    Test worker] o.h.type.descriptor.sql.BasicBinder      : binding parameter [1] as [BIGINT] - [4]
2022-03-13 00:51:36.521 TRACE 44828 --- [    Test worker] o.h.type.descriptor.sql.BasicExtractor   : extracted value ([password2_6_0_] : [VARCHAR]) - [$2a$10$Bz1aeNf7nHeZQhBBc/n1p.PMH9B0Z.OZ6hi8zorsyIZZPkrYkQnFq]
2022-03-13 00:51:36.521 TRACE 44828 --- [    Test worker] o.h.type.descriptor.sql.BasicExtractor   : extracted value ([username3_6_0_] : [VARCHAR]) - [test_user]
2022-03-13 00:51:36.521 TRACE 44828 --- [    Test worker] org.hibernate.type.CollectionType        : Created collection wrapper: [com.jan.web.security.user.User.roles#4]
Hibernate: 
    select
        roles0_.user_id as user_id1_5_0_,
        roles0_.role_id as role_id2_5_0_,
        role1_.id as id1_3_1_,
        role1_.name as name2_3_1_ 
    from
        user_roles roles0_ 
    inner join
        role role1_ 
            on roles0_.role_id=role1_.id 
    where
        roles0_.user_id=?
2022-03-13 00:51:36.521 TRACE 44828 --- [    Test worker] o.h.type.descriptor.sql.BasicBinder      : binding parameter [1] as [BIGINT] - [4]
2022-03-13 00:51:36.521 TRACE 44828 --- [    Test worker] o.h.type.descriptor.sql.BasicExtractor   : extracted value ([id1_3_1_] : [INTEGER]) - [1]
2022-03-13 00:51:36.522 TRACE 44828 --- [    Test worker] o.h.type.descriptor.sql.BasicExtractor   : extracted value ([name2_3_1_] : [VARCHAR]) - [ROLE_USER]
2022-03-13 00:51:36.522 TRACE 44828 --- [    Test worker] o.h.type.descriptor.sql.BasicExtractor   : extracted value ([user_id1_5_0_] : [BIGINT]) - [4]
2022-03-13 00:51:36.522 TRACE 44828 --- [    Test worker] o.h.type.descriptor.sql.BasicExtractor   : extracted value ([role_id2_5_0_] : [INTEGER]) - [1]
Hibernate: 
    /* delete collection com.jan.web.security.user.User.roles */ delete 
        from
            user_roles 
        where
            user_id=?
2022-03-13 00:51:36.523 TRACE 44828 --- [    Test worker] o.h.type.descriptor.sql.BasicBinder      : binding parameter [1] as [BIGINT] - [4]
Hibernate: 
    /* delete com.jan.web.security.user.User */ delete 
        from
            users 
        where
            id=?
2022-03-13 00:51:36.523 TRACE 44828 --- [    Test worker] o.h.type.descriptor.sql.BasicBinder      : binding parameter [1] as [BIGINT] - [4]
Hibernate: 
    /* select
        generatedAlias0 
    from
        Role as generatedAlias0 
    where
        generatedAlias0.name=:param0 */ select
            role0_.id as id1_3_,
            role0_.name as name2_3_ 
        from
            role role0_ 
        where
            role0_.name=?
2022-03-13 00:51:36.607 TRACE 44828 --- [    Test worker] o.h.type.descriptor.sql.BasicBinder      : binding parameter [1] as [VARCHAR] - [ROLE_USER]
2022-03-13 00:51:36.607 TRACE 44828 --- [    Test worker] o.h.type.descriptor.sql.BasicExtractor   : extracted value ([id1_3_] : [INTEGER]) - [1]
2022-03-13 00:51:36.607 TRACE 44828 --- [    Test worker] o.h.type.descriptor.sql.BasicExtractor   : extracted value ([name2_3_] : [VARCHAR]) - [ROLE_USER]
Hibernate: 
    /* insert com.jan.web.security.user.User
        */ insert 
        into
            users
            (id, password, username) 
        values
            (null, ?, ?)
2022-03-13 00:51:36.608 TRACE 44828 --- [    Test worker] o.h.type.descriptor.sql.BasicBinder      : binding parameter [1] as [VARCHAR] - [$2a$10$8DOYUnHqApV7fJmuCee8aOx/Raa2OjESCQkJf6ds937rx.2hOX1gm]
2022-03-13 00:51:36.609 TRACE 44828 --- [    Test worker] o.h.type.descriptor.sql.BasicBinder      : binding parameter [2] as [VARCHAR] - [test_user]
Hibernate: 
    /* insert collection
        row com.jan.web.security.user.User.roles */ insert 
        into
            user_roles
            (user_id, role_id) 
        values
            (?, ?)
2022-03-13 00:51:36.610 TRACE 44828 --- [    Test worker] o.h.type.descriptor.sql.BasicBinder      : binding parameter [1] as [BIGINT] - [5]
2022-03-13 00:51:36.610 TRACE 44828 --- [    Test worker] o.h.type.descriptor.sql.BasicBinder      : binding parameter [2] as [INTEGER] - [1]
Hibernate: 
    /* select
        generatedAlias0 
    from
        User as generatedAlias0 
    where
        generatedAlias0.username=:param0 */ select
            user0_.id as id1_6_,
            user0_.password as password2_6_,
            user0_.username as username3_6_ 
        from
            users user0_ 
        where
            user0_.username=?
2022-03-13 00:51:36.612 TRACE 44828 --- [    Test worker] o.h.type.descriptor.sql.BasicBinder      : binding parameter [1] as [VARCHAR] - [test_user]
2022-03-13 00:51:36.612 TRACE 44828 --- [    Test worker] o.h.type.descriptor.sql.BasicExtractor   : extracted value ([id1_6_] : [BIGINT]) - [5]
2022-03-13 00:51:36.612 TRACE 44828 --- [    Test worker] o.h.type.descriptor.sql.BasicExtractor   : extracted value ([password2_6_] : [VARCHAR]) - [$2a$10$8DOYUnHqApV7fJmuCee8aOx/Raa2OjESCQkJf6ds937rx.2hOX1gm]
2022-03-13 00:51:36.613 TRACE 44828 --- [    Test worker] o.h.type.descriptor.sql.BasicExtractor   : extracted value ([username3_6_] : [VARCHAR]) - [test_user]
2022-03-13 00:51:36.613 TRACE 44828 --- [    Test worker] org.hibernate.type.CollectionType        : Created collection wrapper: [com.jan.web.security.user.User.roles#5]
Hibernate: 
    select
        roles0_.user_id as user_id1_5_0_,
        roles0_.role_id as role_id2_5_0_,
        role1_.id as id1_3_1_,
        role1_.name as name2_3_1_ 
    from
        user_roles roles0_ 
    inner join
        role role1_ 
            on roles0_.role_id=role1_.id 
    where
        roles0_.user_id=?
2022-03-13 00:51:36.613 TRACE 44828 --- [    Test worker] o.h.type.descriptor.sql.BasicBinder      : binding parameter [1] as [BIGINT] - [5]
2022-03-13 00:51:36.614 TRACE 44828 --- [    Test worker] o.h.type.descriptor.sql.BasicExtractor   : extracted value ([id1_3_1_] : [INTEGER]) - [1]
2022-03-13 00:51:36.614 TRACE 44828 --- [    Test worker] o.h.type.descriptor.sql.BasicExtractor   : extracted value ([name2_3_1_] : [VARCHAR]) - [ROLE_USER]
2022-03-13 00:51:36.614 TRACE 44828 --- [    Test worker] o.h.type.descriptor.sql.BasicExtractor   : extracted value ([user_id1_5_0_] : [BIGINT]) - [5]
2022-03-13 00:51:36.614 TRACE 44828 --- [    Test worker] o.h.type.descriptor.sql.BasicExtractor   : extracted value ([role_id2_5_0_] : [INTEGER]) - [1]
2022-03-13 00:51:36.695  WARN 44828 --- [    Test worker] c.g.dockerjava.core.DockerClientBuilder  : 'dockerHttpClient' should be set.Falling back to Jersey, will be an error in future releases.
Hibernate: 
    /* select
        generatedAlias0 
    from
        User as generatedAlias0 
    where
        generatedAlias0.username=:param0 */ select
            user0_.id as id1_6_,
            user0_.password as password2_6_,
            user0_.username as username3_6_ 
        from
            users user0_ 
        where
            user0_.username=?
2022-03-13 00:51:36.714 TRACE 44828 --- [o-auto-1-exec-8] o.h.type.descriptor.sql.BasicBinder      : binding parameter [1] as [VARCHAR] - [test_user]
2022-03-13 00:51:36.714 TRACE 44828 --- [o-auto-1-exec-8] o.h.type.descriptor.sql.BasicExtractor   : extracted value ([id1_6_] : [BIGINT]) - [5]
2022-03-13 00:51:36.714 TRACE 44828 --- [o-auto-1-exec-8] o.h.type.descriptor.sql.BasicExtractor   : extracted value ([password2_6_] : [VARCHAR]) - [$2a$10$8DOYUnHqApV7fJmuCee8aOx/Raa2OjESCQkJf6ds937rx.2hOX1gm]
2022-03-13 00:51:36.714 TRACE 44828 --- [o-auto-1-exec-8] o.h.type.descriptor.sql.BasicExtractor   : extracted value ([username3_6_] : [VARCHAR]) - [test_user]
2022-03-13 00:51:36.715 TRACE 44828 --- [o-auto-1-exec-8] org.hibernate.type.CollectionType        : Created collection wrapper: [com.jan.web.security.user.User.roles#5]
Hibernate: 
    select
        roles0_.user_id as user_id1_5_0_,
        roles0_.role_id as role_id2_5_0_,
        role1_.id as id1_3_1_,
        role1_.name as name2_3_1_ 
    from
        user_roles roles0_ 
    inner join
        role role1_ 
            on roles0_.role_id=role1_.id 
    where
        roles0_.user_id=?
2022-03-13 00:51:36.715 TRACE 44828 --- [o-auto-1-exec-8] o.h.type.descriptor.sql.BasicBinder      : binding parameter [1] as [BIGINT] - [5]
2022-03-13 00:51:36.715 TRACE 44828 --- [o-auto-1-exec-8] o.h.type.descriptor.sql.BasicExtractor   : extracted value ([id1_3_1_] : [INTEGER]) - [1]
2022-03-13 00:51:36.716 TRACE 44828 --- [o-auto-1-exec-8] o.h.type.descriptor.sql.BasicExtractor   : extracted value ([name2_3_1_] : [VARCHAR]) - [ROLE_USER]
2022-03-13 00:51:36.716 TRACE 44828 --- [o-auto-1-exec-8] o.h.type.descriptor.sql.BasicExtractor   : extracted value ([user_id1_5_0_] : [BIGINT]) - [5]
2022-03-13 00:51:36.716 TRACE 44828 --- [o-auto-1-exec-8] o.h.type.descriptor.sql.BasicExtractor   : extracted value ([role_id2_5_0_] : [INTEGER]) - [1]
Hibernate: 
    /* select
        generatedAlias0 
    from
        User as generatedAlias0 
    where
        generatedAlias0.username=:param0 */ select
            user0_.id as id1_6_,
            user0_.password as password2_6_,
            user0_.username as username3_6_ 
        from
            users user0_ 
        where
            user0_.username=?
2022-03-13 00:51:36.720 TRACE 44828 --- [o-auto-1-exec-8] o.h.type.descriptor.sql.BasicBinder      : binding parameter [1] as [VARCHAR] - [test_user]
2022-03-13 00:51:36.720 TRACE 44828 --- [o-auto-1-exec-8] o.h.type.descriptor.sql.BasicExtractor   : extracted value ([id1_6_] : [BIGINT]) - [5]
2022-03-13 00:51:36.720 TRACE 44828 --- [o-auto-1-exec-8] o.h.type.descriptor.sql.BasicExtractor   : extracted value ([password2_6_] : [VARCHAR]) - [$2a$10$8DOYUnHqApV7fJmuCee8aOx/Raa2OjESCQkJf6ds937rx.2hOX1gm]
2022-03-13 00:51:36.720 TRACE 44828 --- [o-auto-1-exec-8] o.h.type.descriptor.sql.BasicExtractor   : extracted value ([username3_6_] : [VARCHAR]) - [test_user]
2022-03-13 00:51:36.720 TRACE 44828 --- [o-auto-1-exec-8] org.hibernate.type.CollectionType        : Created collection wrapper: [com.jan.web.security.user.User.roles#5]
Hibernate: 
    call next value for hibernate_sequence
Hibernate: 
    /* insert com.jan.web.project.Project
        */ insert 
        into
            project
            (first_label, first_label_folder, name, second_label, second_label_folder, selected_model, user_id, id) 
        values
            (?, ?, ?, ?, ?, ?, ?, ?)
2022-03-13 00:51:36.722 TRACE 44828 --- [o-auto-1-exec-8] o.h.type.descriptor.sql.BasicBinder      : binding parameter [1] as [VARCHAR] - [null]
2022-03-13 00:51:36.722 TRACE 44828 --- [o-auto-1-exec-8] o.h.type.descriptor.sql.BasicBinder      : binding parameter [2] as [VARCHAR] - [null]
2022-03-13 00:51:36.722 TRACE 44828 --- [o-auto-1-exec-8] o.h.type.descriptor.sql.BasicBinder      : binding parameter [3] as [VARCHAR] - [random name]
2022-03-13 00:51:36.722 TRACE 44828 --- [o-auto-1-exec-8] o.h.type.descriptor.sql.BasicBinder      : binding parameter [4] as [VARCHAR] - [null]
2022-03-13 00:51:36.722 TRACE 44828 --- [o-auto-1-exec-8] o.h.type.descriptor.sql.BasicBinder      : binding parameter [5] as [VARCHAR] - [null]
2022-03-13 00:51:36.722 TRACE 44828 --- [o-auto-1-exec-8] o.h.type.descriptor.sql.BasicBinder      : binding parameter [6] as [VARCHAR] - [null]
2022-03-13 00:51:36.722 TRACE 44828 --- [o-auto-1-exec-8] o.h.type.descriptor.sql.BasicBinder      : binding parameter [7] as [BIGINT] - [5]
2022-03-13 00:51:36.722 TRACE 44828 --- [o-auto-1-exec-8] o.h.type.descriptor.sql.BasicBinder      : binding parameter [8] as [BIGINT] - [3]
Hibernate: 
    /* select
        generatedAlias0 
    from
        User as generatedAlias0 
    where
        generatedAlias0.username=:param0 */ select
            user0_.id as id1_6_,
            user0_.password as password2_6_,
            user0_.username as username3_6_ 
        from
            users user0_ 
        where
            user0_.username=?
2022-03-13 00:51:36.730 TRACE 44828 --- [o-auto-1-exec-9] o.h.type.descriptor.sql.BasicBinder      : binding parameter [1] as [VARCHAR] - [test_user]
2022-03-13 00:51:36.731 TRACE 44828 --- [o-auto-1-exec-9] o.h.type.descriptor.sql.BasicExtractor   : extracted value ([id1_6_] : [BIGINT]) - [5]
2022-03-13 00:51:36.731 TRACE 44828 --- [o-auto-1-exec-9] o.h.type.descriptor.sql.BasicExtractor   : extracted value ([password2_6_] : [VARCHAR]) - [$2a$10$8DOYUnHqApV7fJmuCee8aOx/Raa2OjESCQkJf6ds937rx.2hOX1gm]
2022-03-13 00:51:36.731 TRACE 44828 --- [o-auto-1-exec-9] o.h.type.descriptor.sql.BasicExtractor   : extracted value ([username3_6_] : [VARCHAR]) - [test_user]
2022-03-13 00:51:36.731 TRACE 44828 --- [o-auto-1-exec-9] org.hibernate.type.CollectionType        : Created collection wrapper: [com.jan.web.security.user.User.roles#5]
Hibernate: 
    select
        roles0_.user_id as user_id1_5_0_,
        roles0_.role_id as role_id2_5_0_,
        role1_.id as id1_3_1_,
        role1_.name as name2_3_1_ 
    from
        user_roles roles0_ 
    inner join
        role role1_ 
            on roles0_.role_id=role1_.id 
    where
        roles0_.user_id=?
2022-03-13 00:51:36.732 TRACE 44828 --- [o-auto-1-exec-9] o.h.type.descriptor.sql.BasicBinder      : binding parameter [1] as [BIGINT] - [5]
2022-03-13 00:51:36.732 TRACE 44828 --- [o-auto-1-exec-9] o.h.type.descriptor.sql.BasicExtractor   : extracted value ([id1_3_1_] : [INTEGER]) - [1]
2022-03-13 00:51:36.732 TRACE 44828 --- [o-auto-1-exec-9] o.h.type.descriptor.sql.BasicExtractor   : extracted value ([name2_3_1_] : [VARCHAR]) - [ROLE_USER]
2022-03-13 00:51:36.732 TRACE 44828 --- [o-auto-1-exec-9] o.h.type.descriptor.sql.BasicExtractor   : extracted value ([user_id1_5_0_] : [BIGINT]) - [5]
2022-03-13 00:51:36.732 TRACE 44828 --- [o-auto-1-exec-9] o.h.type.descriptor.sql.BasicExtractor   : extracted value ([role_id2_5_0_] : [INTEGER]) - [1]
Hibernate: 
    /* select
        generatedAlias0 
    from
        User as generatedAlias0 
    where
        generatedAlias0.username=:param0 */ select
            user0_.id as id1_6_,
            user0_.password as password2_6_,
            user0_.username as username3_6_ 
        from
            users user0_ 
        where
            user0_.username=?
2022-03-13 00:51:36.736 TRACE 44828 --- [o-auto-1-exec-9] o.h.type.descriptor.sql.BasicBinder      : binding parameter [1] as [VARCHAR] - [test_user]
2022-03-13 00:51:36.736 TRACE 44828 --- [o-auto-1-exec-9] o.h.type.descriptor.sql.BasicExtractor   : extracted value ([id1_6_] : [BIGINT]) - [5]
2022-03-13 00:51:36.736 TRACE 44828 --- [o-auto-1-exec-9] o.h.type.descriptor.sql.BasicExtractor   : extracted value ([password2_6_] : [VARCHAR]) - [$2a$10$8DOYUnHqApV7fJmuCee8aOx/Raa2OjESCQkJf6ds937rx.2hOX1gm]
2022-03-13 00:51:36.736 TRACE 44828 --- [o-auto-1-exec-9] o.h.type.descriptor.sql.BasicExtractor   : extracted value ([username3_6_] : [VARCHAR]) - [test_user]
2022-03-13 00:51:36.736 TRACE 44828 --- [o-auto-1-exec-9] org.hibernate.type.CollectionType        : Created collection wrapper: [com.jan.web.security.user.User.roles#5]
Hibernate: 
    /* select
        generatedAlias0 
    from
        Project as generatedAlias0 
    where
        generatedAlias0.user=:param0 */ select
            project0_.id as id1_1_,
            project0_.first_label as first_la2_1_,
            project0_.first_label_folder as first_la3_1_,
            project0_.name as name4_1_,
            project0_.second_label as second_l5_1_,
            project0_.second_label_folder as second_l6_1_,
            project0_.selected_model as selected7_1_,
            project0_.user_id as user_id8_1_ 
        from
            project project0_ 
        where
            project0_.user_id=?
2022-03-13 00:51:36.738 TRACE 44828 --- [o-auto-1-exec-9] o.h.type.descriptor.sql.BasicBinder      : binding parameter [1] as [BIGINT] - [5]
2022-03-13 00:51:36.738 TRACE 44828 --- [o-auto-1-exec-9] o.h.type.descriptor.sql.BasicExtractor   : extracted value ([id1_1_] : [BIGINT]) - [3]
2022-03-13 00:51:36.738 TRACE 44828 --- [o-auto-1-exec-9] o.h.type.descriptor.sql.BasicExtractor   : extracted value ([first_la2_1_] : [VARCHAR]) - [null]
2022-03-13 00:51:36.738 TRACE 44828 --- [o-auto-1-exec-9] o.h.type.descriptor.sql.BasicExtractor   : extracted value ([first_la3_1_] : [VARCHAR]) - [null]
2022-03-13 00:51:36.738 TRACE 44828 --- [o-auto-1-exec-9] o.h.type.descriptor.sql.BasicExtractor   : extracted value ([name4_1_] : [VARCHAR]) - [random name]
2022-03-13 00:51:36.738 TRACE 44828 --- [o-auto-1-exec-9] o.h.type.descriptor.sql.BasicExtractor   : extracted value ([second_l5_1_] : [VARCHAR]) - [null]
2022-03-13 00:51:36.738 TRACE 44828 --- [o-auto-1-exec-9] o.h.type.descriptor.sql.BasicExtractor   : extracted value ([second_l6_1_] : [VARCHAR]) - [null]
2022-03-13 00:51:36.739 TRACE 44828 --- [o-auto-1-exec-9] o.h.type.descriptor.sql.BasicExtractor   : extracted value ([selected7_1_] : [VARCHAR]) - [null]
2022-03-13 00:51:36.739 TRACE 44828 --- [o-auto-1-exec-9] o.h.type.descriptor.sql.BasicExtractor   : extracted value ([user_id8_1_] : [BIGINT]) - [5]
Hibernate: 
    select
        roles0_.user_id as user_id1_5_0_,
        roles0_.role_id as role_id2_5_0_,
        role1_.id as id1_3_1_,
        role1_.name as name2_3_1_ 
    from
        user_roles roles0_ 
    inner join
        role role1_ 
            on roles0_.role_id=role1_.id 
    where
        roles0_.user_id=?
2022-03-13 00:51:36.740 TRACE 44828 --- [o-auto-1-exec-9] o.h.type.descriptor.sql.BasicBinder      : binding parameter [1] as [BIGINT] - [5]
2022-03-13 00:51:36.740 TRACE 44828 --- [o-auto-1-exec-9] o.h.type.descriptor.sql.BasicExtractor   : extracted value ([id1_3_1_] : [INTEGER]) - [1]
2022-03-13 00:51:36.740 TRACE 44828 --- [o-auto-1-exec-9] o.h.type.descriptor.sql.BasicExtractor   : extracted value ([name2_3_1_] : [VARCHAR]) - [ROLE_USER]
2022-03-13 00:51:36.740 TRACE 44828 --- [o-auto-1-exec-9] o.h.type.descriptor.sql.BasicExtractor   : extracted value ([user_id1_5_0_] : [BIGINT]) - [5]
2022-03-13 00:51:36.740 TRACE 44828 --- [o-auto-1-exec-9] o.h.type.descriptor.sql.BasicExtractor   : extracted value ([role_id2_5_0_] : [INTEGER]) - [1]
Hibernate: 
    /* insert com.jan.web.runner.Runner
        */ insert 
        into
            runner
            (id, c_parameter, gamma_parameter, is_finished, project_id) 
        values
            (null, ?, ?, ?, ?)
2022-03-13 00:51:36.754 TRACE 44828 --- [    Test worker] o.h.type.descriptor.sql.BasicBinder      : binding parameter [1] as [DOUBLE] - [0.0]
2022-03-13 00:51:36.755 TRACE 44828 --- [    Test worker] o.h.type.descriptor.sql.BasicBinder      : binding parameter [2] as [DOUBLE] - [0.0]
2022-03-13 00:51:36.755 TRACE 44828 --- [    Test worker] o.h.type.descriptor.sql.BasicBinder      : binding parameter [3] as [BOOLEAN] - [false]
2022-03-13 00:51:36.756 TRACE 44828 --- [    Test worker] o.h.type.descriptor.sql.BasicBinder      : binding parameter [4] as [BIGINT] - [3]
Hibernate: 
    /* select
        generatedAlias0 
    from
        User as generatedAlias0 
    where
        generatedAlias0.username=:param0 */ select
            user0_.id as id1_6_,
            user0_.password as password2_6_,
            user0_.username as username3_6_ 
        from
            users user0_ 
        where
            user0_.username=?
2022-03-13 00:51:36.765 TRACE 44828 --- [-auto-1-exec-10] o.h.type.descriptor.sql.BasicBinder      : binding parameter [1] as [VARCHAR] - [test_user]
2022-03-13 00:51:36.767 TRACE 44828 --- [-auto-1-exec-10] o.h.type.descriptor.sql.BasicExtractor   : extracted value ([id1_6_] : [BIGINT]) - [5]
2022-03-13 00:51:36.767 TRACE 44828 --- [-auto-1-exec-10] o.h.type.descriptor.sql.BasicExtractor   : extracted value ([password2_6_] : [VARCHAR]) - [$2a$10$8DOYUnHqApV7fJmuCee8aOx/Raa2OjESCQkJf6ds937rx.2hOX1gm]
2022-03-13 00:51:36.767 TRACE 44828 --- [-auto-1-exec-10] o.h.type.descriptor.sql.BasicExtractor   : extracted value ([username3_6_] : [VARCHAR]) - [test_user]
2022-03-13 00:51:36.767 TRACE 44828 --- [-auto-1-exec-10] org.hibernate.type.CollectionType        : Created collection wrapper: [com.jan.web.security.user.User.roles#5]
Hibernate: 
    select
        roles0_.user_id as user_id1_5_0_,
        roles0_.role_id as role_id2_5_0_,
        role1_.id as id1_3_1_,
        role1_.name as name2_3_1_ 
    from
        user_roles roles0_ 
    inner join
        role role1_ 
            on roles0_.role_id=role1_.id 
    where
        roles0_.user_id=?
2022-03-13 00:51:36.768 TRACE 44828 --- [-auto-1-exec-10] o.h.type.descriptor.sql.BasicBinder      : binding parameter [1] as [BIGINT] - [5]
2022-03-13 00:51:36.768 TRACE 44828 --- [-auto-1-exec-10] o.h.type.descriptor.sql.BasicExtractor   : extracted value ([id1_3_1_] : [INTEGER]) - [1]
2022-03-13 00:51:36.768 TRACE 44828 --- [-auto-1-exec-10] o.h.type.descriptor.sql.BasicExtractor   : extracted value ([name2_3_1_] : [VARCHAR]) - [ROLE_USER]
2022-03-13 00:51:36.768 TRACE 44828 --- [-auto-1-exec-10] o.h.type.descriptor.sql.BasicExtractor   : extracted value ([user_id1_5_0_] : [BIGINT]) - [5]
2022-03-13 00:51:36.768 TRACE 44828 --- [-auto-1-exec-10] o.h.type.descriptor.sql.BasicExtractor   : extracted value ([role_id2_5_0_] : [INTEGER]) - [1]
Hibernate: 
    /* select
        generatedAlias0 
    from
        User as generatedAlias0 
    where
        generatedAlias0.username=:param0 */ select
            user0_.id as id1_6_,
            user0_.password as password2_6_,
            user0_.username as username3_6_ 
        from
            users user0_ 
        where
            user0_.username=?
2022-03-13 00:51:36.774 TRACE 44828 --- [-auto-1-exec-10] o.h.type.descriptor.sql.BasicBinder      : binding parameter [1] as [VARCHAR] - [test_user]
2022-03-13 00:51:36.774 TRACE 44828 --- [-auto-1-exec-10] o.h.type.descriptor.sql.BasicExtractor   : extracted value ([id1_6_] : [BIGINT]) - [5]
2022-03-13 00:51:36.774 TRACE 44828 --- [-auto-1-exec-10] o.h.type.descriptor.sql.BasicExtractor   : extracted value ([password2_6_] : [VARCHAR]) - [$2a$10$8DOYUnHqApV7fJmuCee8aOx/Raa2OjESCQkJf6ds937rx.2hOX1gm]
2022-03-13 00:51:36.774 TRACE 44828 --- [-auto-1-exec-10] o.h.type.descriptor.sql.BasicExtractor   : extracted value ([username3_6_] : [VARCHAR]) - [test_user]
2022-03-13 00:51:36.774 TRACE 44828 --- [-auto-1-exec-10] org.hibernate.type.CollectionType        : Created collection wrapper: [com.jan.web.security.user.User.roles#5]
Hibernate: 
    select
        project0_.id as id1_1_0_,
        project0_.first_label as first_la2_1_0_,
        project0_.first_label_folder as first_la3_1_0_,
        project0_.name as name4_1_0_,
        project0_.second_label as second_l5_1_0_,
        project0_.second_label_folder as second_l6_1_0_,
        project0_.selected_model as selected7_1_0_,
        project0_.user_id as user_id8_1_0_,
        user1_.id as id1_6_1_,
        user1_.password as password2_6_1_,
        user1_.username as username3_6_1_ 
    from
        project project0_ 
    left outer join
        users user1_ 
            on project0_.user_id=user1_.id 
    where
        project0_.id=?
2022-03-13 00:51:36.776 TRACE 44828 --- [-auto-1-exec-10] o.h.type.descriptor.sql.BasicBinder      : binding parameter [1] as [BIGINT] - [3]
2022-03-13 00:51:36.777 TRACE 44828 --- [-auto-1-exec-10] o.h.type.descriptor.sql.BasicExtractor   : extracted value ([id1_6_1_] : [BIGINT]) - [5]
2022-03-13 00:51:36.777 TRACE 44828 --- [-auto-1-exec-10] o.h.type.descriptor.sql.BasicExtractor   : extracted value ([first_la2_1_0_] : [VARCHAR]) - [null]
2022-03-13 00:51:36.777 TRACE 44828 --- [-auto-1-exec-10] o.h.type.descriptor.sql.BasicExtractor   : extracted value ([first_la3_1_0_] : [VARCHAR]) - [null]
2022-03-13 00:51:36.777 TRACE 44828 --- [-auto-1-exec-10] o.h.type.descriptor.sql.BasicExtractor   : extracted value ([name4_1_0_] : [VARCHAR]) - [random name]
2022-03-13 00:51:36.777 TRACE 44828 --- [-auto-1-exec-10] o.h.type.descriptor.sql.BasicExtractor   : extracted value ([second_l5_1_0_] : [VARCHAR]) - [null]
2022-03-13 00:51:36.777 TRACE 44828 --- [-auto-1-exec-10] o.h.type.descriptor.sql.BasicExtractor   : extracted value ([second_l6_1_0_] : [VARCHAR]) - [null]
2022-03-13 00:51:36.777 TRACE 44828 --- [-auto-1-exec-10] o.h.type.descriptor.sql.BasicExtractor   : extracted value ([selected7_1_0_] : [VARCHAR]) - [null]
2022-03-13 00:51:36.777 TRACE 44828 --- [-auto-1-exec-10] o.h.type.descriptor.sql.BasicExtractor   : extracted value ([user_id8_1_0_] : [BIGINT]) - [5]
Hibernate: 
    /* select
        generatedAlias0 
    from
        Runner as generatedAlias0 
    left join
        generatedAlias0.project as generatedAlias1 
    where
        generatedAlias1.id=:param0 */ select
            runner0_.id as id1_4_,
            runner0_.c_parameter as c_parame2_4_,
            runner0_.gamma_parameter as gamma_pa3_4_,
            runner0_.is_finished as is_finis4_4_,
            runner0_.project_id as project_5_4_ 
        from
            runner runner0_ 
        left outer join
            project project1_ 
                on runner0_.project_id=project1_.id 
        where
            project1_.id=?
2022-03-13 00:51:36.779 TRACE 44828 --- [-auto-1-exec-10] o.h.type.descriptor.sql.BasicBinder      : binding parameter [1] as [BIGINT] - [3]
2022-03-13 00:51:36.779 TRACE 44828 --- [-auto-1-exec-10] o.h.type.descriptor.sql.BasicExtractor   : extracted value ([id1_4_] : [BIGINT]) - [1]
2022-03-13 00:51:36.780 TRACE 44828 --- [-auto-1-exec-10] o.h.type.descriptor.sql.BasicExtractor   : extracted value ([c_parame2_4_] : [DOUBLE]) - [0.0]
2022-03-13 00:51:36.780 TRACE 44828 --- [-auto-1-exec-10] o.h.type.descriptor.sql.BasicExtractor   : extracted value ([gamma_pa3_4_] : [DOUBLE]) - [0.0]
2022-03-13 00:51:36.781 TRACE 44828 --- [-auto-1-exec-10] o.h.type.descriptor.sql.BasicExtractor   : extracted value ([is_finis4_4_] : [BOOLEAN]) - [false]
2022-03-13 00:51:36.781 TRACE 44828 --- [-auto-1-exec-10] o.h.type.descriptor.sql.BasicExtractor   : extracted value ([project_5_4_] : [BIGINT]) - [3]
Hibernate: 
    select
        roles0_.user_id as user_id1_5_0_,
        roles0_.role_id as role_id2_5_0_,
        role1_.id as id1_3_1_,
        role1_.name as name2_3_1_ 
    from
        user_roles roles0_ 
    inner join
        role role1_ 
            on roles0_.role_id=role1_.id 
    where
        roles0_.user_id=?
2022-03-13 00:51:36.783 TRACE 44828 --- [-auto-1-exec-10] o.h.type.descriptor.sql.BasicBinder      : binding parameter [1] as [BIGINT] - [5]
2022-03-13 00:51:36.783 TRACE 44828 --- [-auto-1-exec-10] o.h.type.descriptor.sql.BasicExtractor   : extracted value ([id1_3_1_] : [INTEGER]) - [1]
2022-03-13 00:51:36.784 TRACE 44828 --- [-auto-1-exec-10] o.h.type.descriptor.sql.BasicExtractor   : extracted value ([name2_3_1_] : [VARCHAR]) - [ROLE_USER]
2022-03-13 00:51:36.784 TRACE 44828 --- [-auto-1-exec-10] o.h.type.descriptor.sql.BasicExtractor   : extracted value ([user_id1_5_0_] : [BIGINT]) - [5]
2022-03-13 00:51:36.784 TRACE 44828 --- [-auto-1-exec-10] o.h.type.descriptor.sql.BasicExtractor   : extracted value ([role_id2_5_0_] : [INTEGER]) - [1]
Hibernate: 
    select
        runner0_.id as id1_4_0_,
        runner0_.c_parameter as c_parame2_4_0_,
        runner0_.gamma_parameter as gamma_pa3_4_0_,
        runner0_.is_finished as is_finis4_4_0_,
        runner0_.project_id as project_5_4_0_,
        project1_.id as id1_1_1_,
        project1_.first_label as first_la2_1_1_,
        project1_.first_label_folder as first_la3_1_1_,
        project1_.name as name4_1_1_,
        project1_.second_label as second_l5_1_1_,
        project1_.second_label_folder as second_l6_1_1_,
        project1_.selected_model as selected7_1_1_,
        project1_.user_id as user_id8_1_1_,
        user2_.id as id1_6_2_,
        user2_.password as password2_6_2_,
        user2_.username as username3_6_2_ 
    from
        runner runner0_ 
    left outer join
        project project1_ 
            on runner0_.project_id=project1_.id 
    left outer join
        users user2_ 
            on project1_.user_id=user2_.id 
    where
        runner0_.id=?
2022-03-13 00:51:36.789 TRACE 44828 --- [    Test worker] o.h.type.descriptor.sql.BasicBinder      : binding parameter [1] as [BIGINT] - [1]
2022-03-13 00:51:36.790 TRACE 44828 --- [    Test worker] o.h.type.descriptor.sql.BasicExtractor   : extracted value ([id1_1_1_] : [BIGINT]) - [3]
2022-03-13 00:51:36.790 TRACE 44828 --- [    Test worker] o.h.type.descriptor.sql.BasicExtractor   : extracted value ([id1_6_2_] : [BIGINT]) - [5]
2022-03-13 00:51:36.790 TRACE 44828 --- [    Test worker] o.h.type.descriptor.sql.BasicExtractor   : extracted value ([c_parame2_4_0_] : [DOUBLE]) - [0.0]
2022-03-13 00:51:36.790 TRACE 44828 --- [    Test worker] o.h.type.descriptor.sql.BasicExtractor   : extracted value ([gamma_pa3_4_0_] : [DOUBLE]) - [0.0]
2022-03-13 00:51:36.790 TRACE 44828 --- [    Test worker] o.h.type.descriptor.sql.BasicExtractor   : extracted value ([is_finis4_4_0_] : [BOOLEAN]) - [false]
2022-03-13 00:51:36.790 TRACE 44828 --- [    Test worker] o.h.type.descriptor.sql.BasicExtractor   : extracted value ([project_5_4_0_] : [BIGINT]) - [3]
2022-03-13 00:51:36.790 TRACE 44828 --- [    Test worker] o.h.type.descriptor.sql.BasicExtractor   : extracted value ([first_la2_1_1_] : [VARCHAR]) - [null]
2022-03-13 00:51:36.790 TRACE 44828 --- [    Test worker] o.h.type.descriptor.sql.BasicExtractor   : extracted value ([first_la3_1_1_] : [VARCHAR]) - [null]
2022-03-13 00:51:36.791 TRACE 44828 --- [    Test worker] o.h.type.descriptor.sql.BasicExtractor   : extracted value ([name4_1_1_] : [VARCHAR]) - [random name]
2022-03-13 00:51:36.791 TRACE 44828 --- [    Test worker] o.h.type.descriptor.sql.BasicExtractor   : extracted value ([second_l5_1_1_] : [VARCHAR]) - [null]
2022-03-13 00:51:36.791 TRACE 44828 --- [    Test worker] o.h.type.descriptor.sql.BasicExtractor   : extracted value ([second_l6_1_1_] : [VARCHAR]) - [null]
2022-03-13 00:51:36.791 TRACE 44828 --- [    Test worker] o.h.type.descriptor.sql.BasicExtractor   : extracted value ([selected7_1_1_] : [VARCHAR]) - [null]
2022-03-13 00:51:36.791 TRACE 44828 --- [    Test worker] o.h.type.descriptor.sql.BasicExtractor   : extracted value ([user_id8_1_1_] : [BIGINT]) - [5]
2022-03-13 00:51:36.791 TRACE 44828 --- [    Test worker] o.h.type.descriptor.sql.BasicExtractor   : extracted value ([password2_6_2_] : [VARCHAR]) - [$2a$10$8DOYUnHqApV7fJmuCee8aOx/Raa2OjESCQkJf6ds937rx.2hOX1gm]
2022-03-13 00:51:36.792 TRACE 44828 --- [    Test worker] o.h.type.descriptor.sql.BasicExtractor   : extracted value ([username3_6_2_] : [VARCHAR]) - [test_user]
2022-03-13 00:51:36.793 TRACE 44828 --- [    Test worker] org.hibernate.type.CollectionType        : Created collection wrapper: [com.jan.web.security.user.User.roles#5]
Hibernate: 
    /* delete com.jan.web.runner.Runner */ delete 
        from
            runner 
        where
            id=?
2022-03-13 00:51:36.794 TRACE 44828 --- [    Test worker] o.h.type.descriptor.sql.BasicBinder      : binding parameter [1] as [BIGINT] - [1]
Hibernate: 
    /* select
        generatedAlias0 
    from
        Project as generatedAlias0 
    where
        generatedAlias0.user=:param0 */ select
            project0_.id as id1_1_,
            project0_.first_label as first_la2_1_,
            project0_.first_label_folder as first_la3_1_,
            project0_.name as name4_1_,
            project0_.second_label as second_l5_1_,
            project0_.second_label_folder as second_l6_1_,
            project0_.selected_model as selected7_1_,
            project0_.user_id as user_id8_1_ 
        from
            project project0_ 
        where
            project0_.user_id=?
2022-03-13 00:51:36.796 TRACE 44828 --- [    Test worker] o.h.type.descriptor.sql.BasicBinder      : binding parameter [1] as [BIGINT] - [5]
2022-03-13 00:51:36.796 TRACE 44828 --- [    Test worker] o.h.type.descriptor.sql.BasicExtractor   : extracted value ([id1_1_] : [BIGINT]) - [3]
2022-03-13 00:51:36.796 TRACE 44828 --- [    Test worker] o.h.type.descriptor.sql.BasicExtractor   : extracted value ([first_la2_1_] : [VARCHAR]) - [null]
2022-03-13 00:51:36.796 TRACE 44828 --- [    Test worker] o.h.type.descriptor.sql.BasicExtractor   : extracted value ([first_la3_1_] : [VARCHAR]) - [null]
2022-03-13 00:51:36.796 TRACE 44828 --- [    Test worker] o.h.type.descriptor.sql.BasicExtractor   : extracted value ([name4_1_] : [VARCHAR]) - [random name]
2022-03-13 00:51:36.797 TRACE 44828 --- [    Test worker] o.h.type.descriptor.sql.BasicExtractor   : extracted value ([second_l5_1_] : [VARCHAR]) - [null]
2022-03-13 00:51:36.797 TRACE 44828 --- [    Test worker] o.h.type.descriptor.sql.BasicExtractor   : extracted value ([second_l6_1_] : [VARCHAR]) - [null]
2022-03-13 00:51:36.797 TRACE 44828 --- [    Test worker] o.h.type.descriptor.sql.BasicExtractor   : extracted value ([selected7_1_] : [VARCHAR]) - [null]
2022-03-13 00:51:36.797 TRACE 44828 --- [    Test worker] o.h.type.descriptor.sql.BasicExtractor   : extracted value ([user_id8_1_] : [BIGINT]) - [5]
Hibernate: 
    select
        user0_.id as id1_6_0_,
        user0_.password as password2_6_0_,
        user0_.username as username3_6_0_ 
    from
        users user0_ 
    where
        user0_.id=?
2022-03-13 00:51:36.797 TRACE 44828 --- [    Test worker] o.h.type.descriptor.sql.BasicBinder      : binding parameter [1] as [BIGINT] - [5]
2022-03-13 00:51:36.798 TRACE 44828 --- [    Test worker] o.h.type.descriptor.sql.BasicExtractor   : extracted value ([password2_6_0_] : [VARCHAR]) - [$2a$10$8DOYUnHqApV7fJmuCee8aOx/Raa2OjESCQkJf6ds937rx.2hOX1gm]
2022-03-13 00:51:36.798 TRACE 44828 --- [    Test worker] o.h.type.descriptor.sql.BasicExtractor   : extracted value ([username3_6_0_] : [VARCHAR]) - [test_user]
2022-03-13 00:51:36.798 TRACE 44828 --- [    Test worker] org.hibernate.type.CollectionType        : Created collection wrapper: [com.jan.web.security.user.User.roles#5]
Hibernate: 
    select
        project0_.id as id1_1_0_,
        project0_.first_label as first_la2_1_0_,
        project0_.first_label_folder as first_la3_1_0_,
        project0_.name as name4_1_0_,
        project0_.second_label as second_l5_1_0_,
        project0_.second_label_folder as second_l6_1_0_,
        project0_.selected_model as selected7_1_0_,
        project0_.user_id as user_id8_1_0_,
        user1_.id as id1_6_1_,
        user1_.password as password2_6_1_,
        user1_.username as username3_6_1_ 
    from
        project project0_ 
    left outer join
        users user1_ 
            on project0_.user_id=user1_.id 
    where
        project0_.id=?
2022-03-13 00:51:36.799 TRACE 44828 --- [    Test worker] o.h.type.descriptor.sql.BasicBinder      : binding parameter [1] as [BIGINT] - [3]
2022-03-13 00:51:36.799 TRACE 44828 --- [    Test worker] o.h.type.descriptor.sql.BasicExtractor   : extracted value ([id1_6_1_] : [BIGINT]) - [5]
2022-03-13 00:51:36.799 TRACE 44828 --- [    Test worker] o.h.type.descriptor.sql.BasicExtractor   : extracted value ([first_la2_1_0_] : [VARCHAR]) - [null]
2022-03-13 00:51:36.799 TRACE 44828 --- [    Test worker] o.h.type.descriptor.sql.BasicExtractor   : extracted value ([first_la3_1_0_] : [VARCHAR]) - [null]
2022-03-13 00:51:36.799 TRACE 44828 --- [    Test worker] o.h.type.descriptor.sql.BasicExtractor   : extracted value ([name4_1_0_] : [VARCHAR]) - [random name]
2022-03-13 00:51:36.800 TRACE 44828 --- [    Test worker] o.h.type.descriptor.sql.BasicExtractor   : extracted value ([second_l5_1_0_] : [VARCHAR]) - [null]
2022-03-13 00:51:36.800 TRACE 44828 --- [    Test worker] o.h.type.descriptor.sql.BasicExtractor   : extracted value ([second_l6_1_0_] : [VARCHAR]) - [null]
2022-03-13 00:51:36.800 TRACE 44828 --- [    Test worker] o.h.type.descriptor.sql.BasicExtractor   : extracted value ([selected7_1_0_] : [VARCHAR]) - [null]
2022-03-13 00:51:36.800 TRACE 44828 --- [    Test worker] o.h.type.descriptor.sql.BasicExtractor   : extracted value ([user_id8_1_0_] : [BIGINT]) - [5]
2022-03-13 00:51:36.800 TRACE 44828 --- [    Test worker] o.h.type.descriptor.sql.BasicExtractor   : extracted value ([password2_6_1_] : [VARCHAR]) - [$2a$10$8DOYUnHqApV7fJmuCee8aOx/Raa2OjESCQkJf6ds937rx.2hOX1gm]
2022-03-13 00:51:36.800 TRACE 44828 --- [    Test worker] o.h.type.descriptor.sql.BasicExtractor   : extracted value ([username3_6_1_] : [VARCHAR]) - [test_user]
2022-03-13 00:51:36.800 TRACE 44828 --- [    Test worker] org.hibernate.type.CollectionType        : Created collection wrapper: [com.jan.web.security.user.User.roles#5]
Hibernate: 
    /* delete com.jan.web.project.Project */ delete 
        from
            project 
        where
            id=?
2022-03-13 00:51:36.801 TRACE 44828 --- [    Test worker] o.h.type.descriptor.sql.BasicBinder      : binding parameter [1] as [BIGINT] - [3]
Hibernate: 
    select
        user0_.id as id1_6_0_,
        user0_.password as password2_6_0_,
        user0_.username as username3_6_0_ 
    from
        users user0_ 
    where
        user0_.id=?
2022-03-13 00:51:36.803 TRACE 44828 --- [    Test worker] o.h.type.descriptor.sql.BasicBinder      : binding parameter [1] as [BIGINT] - [5]
2022-03-13 00:51:36.803 TRACE 44828 --- [    Test worker] o.h.type.descriptor.sql.BasicExtractor   : extracted value ([password2_6_0_] : [VARCHAR]) - [$2a$10$8DOYUnHqApV7fJmuCee8aOx/Raa2OjESCQkJf6ds937rx.2hOX1gm]
2022-03-13 00:51:36.803 TRACE 44828 --- [    Test worker] o.h.type.descriptor.sql.BasicExtractor   : extracted value ([username3_6_0_] : [VARCHAR]) - [test_user]
2022-03-13 00:51:36.803 TRACE 44828 --- [    Test worker] org.hibernate.type.CollectionType        : Created collection wrapper: [com.jan.web.security.user.User.roles#5]
Hibernate: 
    select
        roles0_.user_id as user_id1_5_0_,
        roles0_.role_id as role_id2_5_0_,
        role1_.id as id1_3_1_,
        role1_.name as name2_3_1_ 
    from
        user_roles roles0_ 
    inner join
        role role1_ 
            on roles0_.role_id=role1_.id 
    where
        roles0_.user_id=?
2022-03-13 00:51:36.804 TRACE 44828 --- [    Test worker] o.h.type.descriptor.sql.BasicBinder      : binding parameter [1] as [BIGINT] - [5]
2022-03-13 00:51:36.804 TRACE 44828 --- [    Test worker] o.h.type.descriptor.sql.BasicExtractor   : extracted value ([id1_3_1_] : [INTEGER]) - [1]
2022-03-13 00:51:36.804 TRACE 44828 --- [    Test worker] o.h.type.descriptor.sql.BasicExtractor   : extracted value ([name2_3_1_] : [VARCHAR]) - [ROLE_USER]
2022-03-13 00:51:36.804 TRACE 44828 --- [    Test worker] o.h.type.descriptor.sql.BasicExtractor   : extracted value ([user_id1_5_0_] : [BIGINT]) - [5]
2022-03-13 00:51:36.805 TRACE 44828 --- [    Test worker] o.h.type.descriptor.sql.BasicExtractor   : extracted value ([role_id2_5_0_] : [INTEGER]) - [1]
Hibernate: 
    /* delete collection com.jan.web.security.user.User.roles */ delete 
        from
            user_roles 
        where
            user_id=?
2022-03-13 00:51:36.806 TRACE 44828 --- [    Test worker] o.h.type.descriptor.sql.BasicBinder      : binding parameter [1] as [BIGINT] - [5]
Hibernate: 
    /* delete com.jan.web.security.user.User */ delete 
        from
            users 
        where
            id=?
2022-03-13 00:51:36.807 TRACE 44828 --- [    Test worker] o.h.type.descriptor.sql.BasicBinder      : binding parameter [1] as [BIGINT] - [5]
Hibernate: 
    /* select
        generatedAlias0 
    from
        Role as generatedAlias0 
    where
        generatedAlias0.name=:param0 */ select
            role0_.id as id1_3_,
            role0_.name as name2_3_ 
        from
            role role0_ 
        where
            role0_.name=?
2022-03-13 00:51:36.893 TRACE 44828 --- [    Test worker] o.h.type.descriptor.sql.BasicBinder      : binding parameter [1] as [VARCHAR] - [ROLE_USER]
2022-03-13 00:51:36.894 TRACE 44828 --- [    Test worker] o.h.type.descriptor.sql.BasicExtractor   : extracted value ([id1_3_] : [INTEGER]) - [1]
2022-03-13 00:51:36.894 TRACE 44828 --- [    Test worker] o.h.type.descriptor.sql.BasicExtractor   : extracted value ([name2_3_] : [VARCHAR]) - [ROLE_USER]
Hibernate: 
    /* insert com.jan.web.security.user.User
        */ insert 
        into
            users
            (id, password, username) 
        values
            (null, ?, ?)
2022-03-13 00:51:36.895 TRACE 44828 --- [    Test worker] o.h.type.descriptor.sql.BasicBinder      : binding parameter [1] as [VARCHAR] - [$2a$10$846cKy.0i9KTytz2B9bA9Ol6M3L8lVwfvM35K3lPFI/gOcrjcDCHe]
2022-03-13 00:51:36.895 TRACE 44828 --- [    Test worker] o.h.type.descriptor.sql.BasicBinder      : binding parameter [2] as [VARCHAR] - [test_user]
Hibernate: 
    /* insert collection
        row com.jan.web.security.user.User.roles */ insert 
        into
            user_roles
            (user_id, role_id) 
        values
            (?, ?)
2022-03-13 00:51:36.896 TRACE 44828 --- [    Test worker] o.h.type.descriptor.sql.BasicBinder      : binding parameter [1] as [BIGINT] - [6]
2022-03-13 00:51:36.896 TRACE 44828 --- [    Test worker] o.h.type.descriptor.sql.BasicBinder      : binding parameter [2] as [INTEGER] - [1]
Hibernate: 
    /* select
        generatedAlias0 
    from
        User as generatedAlias0 
    where
        generatedAlias0.username=:param0 */ select
            user0_.id as id1_6_,
            user0_.password as password2_6_,
            user0_.username as username3_6_ 
        from
            users user0_ 
        where
            user0_.username=?
2022-03-13 00:51:36.897 TRACE 44828 --- [    Test worker] o.h.type.descriptor.sql.BasicBinder      : binding parameter [1] as [VARCHAR] - [test_user]
2022-03-13 00:51:36.898 TRACE 44828 --- [    Test worker] o.h.type.descriptor.sql.BasicExtractor   : extracted value ([id1_6_] : [BIGINT]) - [6]
2022-03-13 00:51:36.898 TRACE 44828 --- [    Test worker] o.h.type.descriptor.sql.BasicExtractor   : extracted value ([password2_6_] : [VARCHAR]) - [$2a$10$846cKy.0i9KTytz2B9bA9Ol6M3L8lVwfvM35K3lPFI/gOcrjcDCHe]
2022-03-13 00:51:36.898 TRACE 44828 --- [    Test worker] o.h.type.descriptor.sql.BasicExtractor   : extracted value ([username3_6_] : [VARCHAR]) - [test_user]
2022-03-13 00:51:36.898 TRACE 44828 --- [    Test worker] org.hibernate.type.CollectionType        : Created collection wrapper: [com.jan.web.security.user.User.roles#6]
Hibernate: 
    select
        roles0_.user_id as user_id1_5_0_,
        roles0_.role_id as role_id2_5_0_,
        role1_.id as id1_3_1_,
        role1_.name as name2_3_1_ 
    from
        user_roles roles0_ 
    inner join
        role role1_ 
            on roles0_.role_id=role1_.id 
    where
        roles0_.user_id=?
2022-03-13 00:51:36.898 TRACE 44828 --- [    Test worker] o.h.type.descriptor.sql.BasicBinder      : binding parameter [1] as [BIGINT] - [6]
2022-03-13 00:51:36.899 TRACE 44828 --- [    Test worker] o.h.type.descriptor.sql.BasicExtractor   : extracted value ([id1_3_1_] : [INTEGER]) - [1]
2022-03-13 00:51:36.899 TRACE 44828 --- [    Test worker] o.h.type.descriptor.sql.BasicExtractor   : extracted value ([name2_3_1_] : [VARCHAR]) - [ROLE_USER]
2022-03-13 00:51:36.899 TRACE 44828 --- [    Test worker] o.h.type.descriptor.sql.BasicExtractor   : extracted value ([user_id1_5_0_] : [BIGINT]) - [6]
2022-03-13 00:51:36.899 TRACE 44828 --- [    Test worker] o.h.type.descriptor.sql.BasicExtractor   : extracted value ([role_id2_5_0_] : [INTEGER]) - [1]
2022-03-13 00:51:36.980  WARN 44828 --- [    Test worker] c.g.dockerjava.core.DockerClientBuilder  : 'dockerHttpClient' should be set.Falling back to Jersey, will be an error in future releases.
Hibernate: 
    /* select
        generatedAlias0 
    from
        User as generatedAlias0 
    where
        generatedAlias0.username=:param0 */ select
            user0_.id as id1_6_,
            user0_.password as password2_6_,
            user0_.username as username3_6_ 
        from
            users user0_ 
        where
            user0_.username=?
2022-03-13 00:51:36.988 TRACE 44828 --- [o-auto-1-exec-1] o.h.type.descriptor.sql.BasicBinder      : binding parameter [1] as [VARCHAR] - [test_user]
2022-03-13 00:51:36.988 TRACE 44828 --- [o-auto-1-exec-1] o.h.type.descriptor.sql.BasicExtractor   : extracted value ([id1_6_] : [BIGINT]) - [6]
2022-03-13 00:51:36.989 TRACE 44828 --- [o-auto-1-exec-1] o.h.type.descriptor.sql.BasicExtractor   : extracted value ([password2_6_] : [VARCHAR]) - [$2a$10$846cKy.0i9KTytz2B9bA9Ol6M3L8lVwfvM35K3lPFI/gOcrjcDCHe]
2022-03-13 00:51:36.989 TRACE 44828 --- [o-auto-1-exec-1] o.h.type.descriptor.sql.BasicExtractor   : extracted value ([username3_6_] : [VARCHAR]) - [test_user]
2022-03-13 00:51:36.989 TRACE 44828 --- [o-auto-1-exec-1] org.hibernate.type.CollectionType        : Created collection wrapper: [com.jan.web.security.user.User.roles#6]
Hibernate: 
    select
        roles0_.user_id as user_id1_5_0_,
        roles0_.role_id as role_id2_5_0_,
        role1_.id as id1_3_1_,
        role1_.name as name2_3_1_ 
    from
        user_roles roles0_ 
    inner join
        role role1_ 
            on roles0_.role_id=role1_.id 
    where
        roles0_.user_id=?
2022-03-13 00:51:36.990 TRACE 44828 --- [o-auto-1-exec-1] o.h.type.descriptor.sql.BasicBinder      : binding parameter [1] as [BIGINT] - [6]
2022-03-13 00:51:36.991 TRACE 44828 --- [o-auto-1-exec-1] o.h.type.descriptor.sql.BasicExtractor   : extracted value ([id1_3_1_] : [INTEGER]) - [1]
2022-03-13 00:51:36.992 TRACE 44828 --- [o-auto-1-exec-1] o.h.type.descriptor.sql.BasicExtractor   : extracted value ([name2_3_1_] : [VARCHAR]) - [ROLE_USER]
2022-03-13 00:51:36.992 TRACE 44828 --- [o-auto-1-exec-1] o.h.type.descriptor.sql.BasicExtractor   : extracted value ([user_id1_5_0_] : [BIGINT]) - [6]
2022-03-13 00:51:36.992 TRACE 44828 --- [o-auto-1-exec-1] o.h.type.descriptor.sql.BasicExtractor   : extracted value ([role_id2_5_0_] : [INTEGER]) - [1]
Hibernate: 
    /* select
        generatedAlias0 
    from
        User as generatedAlias0 
    where
        generatedAlias0.username=:param0 */ select
            user0_.id as id1_6_,
            user0_.password as password2_6_,
            user0_.username as username3_6_ 
        from
            users user0_ 
        where
            user0_.username=?
2022-03-13 00:51:36.997 TRACE 44828 --- [o-auto-1-exec-1] o.h.type.descriptor.sql.BasicBinder      : binding parameter [1] as [VARCHAR] - [test_user]
2022-03-13 00:51:36.997 TRACE 44828 --- [o-auto-1-exec-1] o.h.type.descriptor.sql.BasicExtractor   : extracted value ([id1_6_] : [BIGINT]) - [6]
2022-03-13 00:51:36.997 TRACE 44828 --- [o-auto-1-exec-1] o.h.type.descriptor.sql.BasicExtractor   : extracted value ([password2_6_] : [VARCHAR]) - [$2a$10$846cKy.0i9KTytz2B9bA9Ol6M3L8lVwfvM35K3lPFI/gOcrjcDCHe]
2022-03-13 00:51:36.997 TRACE 44828 --- [o-auto-1-exec-1] o.h.type.descriptor.sql.BasicExtractor   : extracted value ([username3_6_] : [VARCHAR]) - [test_user]
2022-03-13 00:51:36.998 TRACE 44828 --- [o-auto-1-exec-1] org.hibernate.type.CollectionType        : Created collection wrapper: [com.jan.web.security.user.User.roles#6]
Hibernate: 
    call next value for hibernate_sequence
Hibernate: 
    /* insert com.jan.web.project.Project
        */ insert 
        into
            project
            (first_label, first_label_folder, name, second_label, second_label_folder, selected_model, user_id, id) 
        values
            (?, ?, ?, ?, ?, ?, ?, ?)
2022-03-13 00:51:36.999 TRACE 44828 --- [o-auto-1-exec-1] o.h.type.descriptor.sql.BasicBinder      : binding parameter [1] as [VARCHAR] - [null]
2022-03-13 00:51:37.000 TRACE 44828 --- [o-auto-1-exec-1] o.h.type.descriptor.sql.BasicBinder      : binding parameter [2] as [VARCHAR] - [null]
2022-03-13 00:51:37.000 TRACE 44828 --- [o-auto-1-exec-1] o.h.type.descriptor.sql.BasicBinder      : binding parameter [3] as [VARCHAR] - [random name]
2022-03-13 00:51:37.000 TRACE 44828 --- [o-auto-1-exec-1] o.h.type.descriptor.sql.BasicBinder      : binding parameter [4] as [VARCHAR] - [null]
2022-03-13 00:51:37.000 TRACE 44828 --- [o-auto-1-exec-1] o.h.type.descriptor.sql.BasicBinder      : binding parameter [5] as [VARCHAR] - [null]
2022-03-13 00:51:37.000 TRACE 44828 --- [o-auto-1-exec-1] o.h.type.descriptor.sql.BasicBinder      : binding parameter [6] as [VARCHAR] - [null]
2022-03-13 00:51:37.000 TRACE 44828 --- [o-auto-1-exec-1] o.h.type.descriptor.sql.BasicBinder      : binding parameter [7] as [BIGINT] - [6]
2022-03-13 00:51:37.000 TRACE 44828 --- [o-auto-1-exec-1] o.h.type.descriptor.sql.BasicBinder      : binding parameter [8] as [BIGINT] - [4]
Hibernate: 
    /* select
        generatedAlias0 
    from
        Project as generatedAlias0 
    where
        generatedAlias0.user=:param0 */ select
            project0_.id as id1_1_,
            project0_.first_label as first_la2_1_,
            project0_.first_label_folder as first_la3_1_,
            project0_.name as name4_1_,
            project0_.second_label as second_l5_1_,
            project0_.second_label_folder as second_l6_1_,
            project0_.selected_model as selected7_1_,
            project0_.user_id as user_id8_1_ 
        from
            project project0_ 
        where
            project0_.user_id=?
2022-03-13 00:51:37.003 TRACE 44828 --- [    Test worker] o.h.type.descriptor.sql.BasicBinder      : binding parameter [1] as [BIGINT] - [6]
2022-03-13 00:51:37.003 TRACE 44828 --- [    Test worker] o.h.type.descriptor.sql.BasicExtractor   : extracted value ([id1_1_] : [BIGINT]) - [4]
2022-03-13 00:51:37.003 TRACE 44828 --- [    Test worker] o.h.type.descriptor.sql.BasicExtractor   : extracted value ([first_la2_1_] : [VARCHAR]) - [null]
2022-03-13 00:51:37.004 TRACE 44828 --- [    Test worker] o.h.type.descriptor.sql.BasicExtractor   : extracted value ([first_la3_1_] : [VARCHAR]) - [null]
2022-03-13 00:51:37.004 TRACE 44828 --- [    Test worker] o.h.type.descriptor.sql.BasicExtractor   : extracted value ([name4_1_] : [VARCHAR]) - [random name]
2022-03-13 00:51:37.004 TRACE 44828 --- [    Test worker] o.h.type.descriptor.sql.BasicExtractor   : extracted value ([second_l5_1_] : [VARCHAR]) - [null]
2022-03-13 00:51:37.004 TRACE 44828 --- [    Test worker] o.h.type.descriptor.sql.BasicExtractor   : extracted value ([second_l6_1_] : [VARCHAR]) - [null]
2022-03-13 00:51:37.004 TRACE 44828 --- [    Test worker] o.h.type.descriptor.sql.BasicExtractor   : extracted value ([selected7_1_] : [VARCHAR]) - [null]
2022-03-13 00:51:37.004 TRACE 44828 --- [    Test worker] o.h.type.descriptor.sql.BasicExtractor   : extracted value ([user_id8_1_] : [BIGINT]) - [6]
Hibernate: 
    select
        user0_.id as id1_6_0_,
        user0_.password as password2_6_0_,
        user0_.username as username3_6_0_ 
    from
        users user0_ 
    where
        user0_.id=?
2022-03-13 00:51:37.004 TRACE 44828 --- [    Test worker] o.h.type.descriptor.sql.BasicBinder      : binding parameter [1] as [BIGINT] - [6]
2022-03-13 00:51:37.005 TRACE 44828 --- [    Test worker] o.h.type.descriptor.sql.BasicExtractor   : extracted value ([password2_6_0_] : [VARCHAR]) - [$2a$10$846cKy.0i9KTytz2B9bA9Ol6M3L8lVwfvM35K3lPFI/gOcrjcDCHe]
2022-03-13 00:51:37.005 TRACE 44828 --- [    Test worker] o.h.type.descriptor.sql.BasicExtractor   : extracted value ([username3_6_0_] : [VARCHAR]) - [test_user]
2022-03-13 00:51:37.005 TRACE 44828 --- [    Test worker] org.hibernate.type.CollectionType        : Created collection wrapper: [com.jan.web.security.user.User.roles#6]
Hibernate: 
    /* select
        generatedAlias0 
    from
        Project as generatedAlias0 
    where
        generatedAlias0.user=:param0 */ select
            project0_.id as id1_1_,
            project0_.first_label as first_la2_1_,
            project0_.first_label_folder as first_la3_1_,
            project0_.name as name4_1_,
            project0_.second_label as second_l5_1_,
            project0_.second_label_folder as second_l6_1_,
            project0_.selected_model as selected7_1_,
            project0_.user_id as user_id8_1_ 
        from
            project project0_ 
        where
            project0_.user_id=?
2022-03-13 00:51:37.006 TRACE 44828 --- [    Test worker] o.h.type.descriptor.sql.BasicBinder      : binding parameter [1] as [BIGINT] - [6]
2022-03-13 00:51:37.007 TRACE 44828 --- [    Test worker] o.h.type.descriptor.sql.BasicExtractor   : extracted value ([id1_1_] : [BIGINT]) - [4]
2022-03-13 00:51:37.007 TRACE 44828 --- [    Test worker] o.h.type.descriptor.sql.BasicExtractor   : extracted value ([first_la2_1_] : [VARCHAR]) - [null]
2022-03-13 00:51:37.007 TRACE 44828 --- [    Test worker] o.h.type.descriptor.sql.BasicExtractor   : extracted value ([first_la3_1_] : [VARCHAR]) - [null]
2022-03-13 00:51:37.007 TRACE 44828 --- [    Test worker] o.h.type.descriptor.sql.BasicExtractor   : extracted value ([name4_1_] : [VARCHAR]) - [random name]
2022-03-13 00:51:37.007 TRACE 44828 --- [    Test worker] o.h.type.descriptor.sql.BasicExtractor   : extracted value ([second_l5_1_] : [VARCHAR]) - [null]
2022-03-13 00:51:37.007 TRACE 44828 --- [    Test worker] o.h.type.descriptor.sql.BasicExtractor   : extracted value ([second_l6_1_] : [VARCHAR]) - [null]
2022-03-13 00:51:37.007 TRACE 44828 --- [    Test worker] o.h.type.descriptor.sql.BasicExtractor   : extracted value ([selected7_1_] : [VARCHAR]) - [null]
2022-03-13 00:51:37.007 TRACE 44828 --- [    Test worker] o.h.type.descriptor.sql.BasicExtractor   : extracted value ([user_id8_1_] : [BIGINT]) - [6]
Hibernate: 
    select
        user0_.id as id1_6_0_,
        user0_.password as password2_6_0_,
        user0_.username as username3_6_0_ 
    from
        users user0_ 
    where
        user0_.id=?
2022-03-13 00:51:37.007 TRACE 44828 --- [    Test worker] o.h.type.descriptor.sql.BasicBinder      : binding parameter [1] as [BIGINT] - [6]
2022-03-13 00:51:37.008 TRACE 44828 --- [    Test worker] o.h.type.descriptor.sql.BasicExtractor   : extracted value ([password2_6_0_] : [VARCHAR]) - [$2a$10$846cKy.0i9KTytz2B9bA9Ol6M3L8lVwfvM35K3lPFI/gOcrjcDCHe]
2022-03-13 00:51:37.008 TRACE 44828 --- [    Test worker] o.h.type.descriptor.sql.BasicExtractor   : extracted value ([username3_6_0_] : [VARCHAR]) - [test_user]
2022-03-13 00:51:37.008 TRACE 44828 --- [    Test worker] org.hibernate.type.CollectionType        : Created collection wrapper: [com.jan.web.security.user.User.roles#6]
Hibernate: 
    select
        project0_.id as id1_1_0_,
        project0_.first_label as first_la2_1_0_,
        project0_.first_label_folder as first_la3_1_0_,
        project0_.name as name4_1_0_,
        project0_.second_label as second_l5_1_0_,
        project0_.second_label_folder as second_l6_1_0_,
        project0_.selected_model as selected7_1_0_,
        project0_.user_id as user_id8_1_0_,
        user1_.id as id1_6_1_,
        user1_.password as password2_6_1_,
        user1_.username as username3_6_1_ 
    from
        project project0_ 
    left outer join
        users user1_ 
            on project0_.user_id=user1_.id 
    where
        project0_.id=?
2022-03-13 00:51:37.009 TRACE 44828 --- [    Test worker] o.h.type.descriptor.sql.BasicBinder      : binding parameter [1] as [BIGINT] - [4]
2022-03-13 00:51:37.010 TRACE 44828 --- [    Test worker] o.h.type.descriptor.sql.BasicExtractor   : extracted value ([id1_6_1_] : [BIGINT]) - [6]
2022-03-13 00:51:37.010 TRACE 44828 --- [    Test worker] o.h.type.descriptor.sql.BasicExtractor   : extracted value ([first_la2_1_0_] : [VARCHAR]) - [null]
2022-03-13 00:51:37.010 TRACE 44828 --- [    Test worker] o.h.type.descriptor.sql.BasicExtractor   : extracted value ([first_la3_1_0_] : [VARCHAR]) - [null]
2022-03-13 00:51:37.010 TRACE 44828 --- [    Test worker] o.h.type.descriptor.sql.BasicExtractor   : extracted value ([name4_1_0_] : [VARCHAR]) - [random name]
2022-03-13 00:51:37.010 TRACE 44828 --- [    Test worker] o.h.type.descriptor.sql.BasicExtractor   : extracted value ([second_l5_1_0_] : [VARCHAR]) - [null]
2022-03-13 00:51:37.010 TRACE 44828 --- [    Test worker] o.h.type.descriptor.sql.BasicExtractor   : extracted value ([second_l6_1_0_] : [VARCHAR]) - [null]
2022-03-13 00:51:37.010 TRACE 44828 --- [    Test worker] o.h.type.descriptor.sql.BasicExtractor   : extracted value ([selected7_1_0_] : [VARCHAR]) - [null]
2022-03-13 00:51:37.010 TRACE 44828 --- [    Test worker] o.h.type.descriptor.sql.BasicExtractor   : extracted value ([user_id8_1_0_] : [BIGINT]) - [6]
2022-03-13 00:51:37.010 TRACE 44828 --- [    Test worker] o.h.type.descriptor.sql.BasicExtractor   : extracted value ([password2_6_1_] : [VARCHAR]) - [$2a$10$846cKy.0i9KTytz2B9bA9Ol6M3L8lVwfvM35K3lPFI/gOcrjcDCHe]
2022-03-13 00:51:37.010 TRACE 44828 --- [    Test worker] o.h.type.descriptor.sql.BasicExtractor   : extracted value ([username3_6_1_] : [VARCHAR]) - [test_user]
2022-03-13 00:51:37.010 TRACE 44828 --- [    Test worker] org.hibernate.type.CollectionType        : Created collection wrapper: [com.jan.web.security.user.User.roles#6]
Hibernate: 
    /* delete com.jan.web.project.Project */ delete 
        from
            project 
        where
            id=?
2022-03-13 00:51:37.011 TRACE 44828 --- [    Test worker] o.h.type.descriptor.sql.BasicBinder      : binding parameter [1] as [BIGINT] - [4]
Hibernate: 
    select
        user0_.id as id1_6_0_,
        user0_.password as password2_6_0_,
        user0_.username as username3_6_0_ 
    from
        users user0_ 
    where
        user0_.id=?
2022-03-13 00:51:37.013 TRACE 44828 --- [    Test worker] o.h.type.descriptor.sql.BasicBinder      : binding parameter [1] as [BIGINT] - [6]
2022-03-13 00:51:37.013 TRACE 44828 --- [    Test worker] o.h.type.descriptor.sql.BasicExtractor   : extracted value ([password2_6_0_] : [VARCHAR]) - [$2a$10$846cKy.0i9KTytz2B9bA9Ol6M3L8lVwfvM35K3lPFI/gOcrjcDCHe]
2022-03-13 00:51:37.013 TRACE 44828 --- [    Test worker] o.h.type.descriptor.sql.BasicExtractor   : extracted value ([username3_6_0_] : [VARCHAR]) - [test_user]
2022-03-13 00:51:37.013 TRACE 44828 --- [    Test worker] org.hibernate.type.CollectionType        : Created collection wrapper: [com.jan.web.security.user.User.roles#6]
Hibernate: 
    select
        roles0_.user_id as user_id1_5_0_,
        roles0_.role_id as role_id2_5_0_,
        role1_.id as id1_3_1_,
        role1_.name as name2_3_1_ 
    from
        user_roles roles0_ 
    inner join
        role role1_ 
            on roles0_.role_id=role1_.id 
    where
        roles0_.user_id=?
2022-03-13 00:51:37.014 TRACE 44828 --- [    Test worker] o.h.type.descriptor.sql.BasicBinder      : binding parameter [1] as [BIGINT] - [6]
2022-03-13 00:51:37.014 TRACE 44828 --- [    Test worker] o.h.type.descriptor.sql.BasicExtractor   : extracted value ([id1_3_1_] : [INTEGER]) - [1]
2022-03-13 00:51:37.014 TRACE 44828 --- [    Test worker] o.h.type.descriptor.sql.BasicExtractor   : extracted value ([name2_3_1_] : [VARCHAR]) - [ROLE_USER]
2022-03-13 00:51:37.014 TRACE 44828 --- [    Test worker] o.h.type.descriptor.sql.BasicExtractor   : extracted value ([user_id1_5_0_] : [BIGINT]) - [6]
2022-03-13 00:51:37.014 TRACE 44828 --- [    Test worker] o.h.type.descriptor.sql.BasicExtractor   : extracted value ([role_id2_5_0_] : [INTEGER]) - [1]
Hibernate: 
    /* delete collection com.jan.web.security.user.User.roles */ delete 
        from
            user_roles 
        where
            user_id=?
2022-03-13 00:51:37.015 TRACE 44828 --- [    Test worker] o.h.type.descriptor.sql.BasicBinder      : binding parameter [1] as [BIGINT] - [6]
Hibernate: 
    /* delete com.jan.web.security.user.User */ delete 
        from
            users 
        where
            id=?
2022-03-13 00:51:37.016 TRACE 44828 --- [    Test worker] o.h.type.descriptor.sql.BasicBinder      : binding parameter [1] as [BIGINT] - [6]
Hibernate: 
    /* select
        generatedAlias0 
    from
        Role as generatedAlias0 
    where
        generatedAlias0.name=:param0 */ select
            role0_.id as id1_3_,
            role0_.name as name2_3_ 
        from
            role role0_ 
        where
            role0_.name=?
2022-03-13 00:51:37.099 TRACE 44828 --- [    Test worker] o.h.type.descriptor.sql.BasicBinder      : binding parameter [1] as [VARCHAR] - [ROLE_USER]
2022-03-13 00:51:37.100 TRACE 44828 --- [    Test worker] o.h.type.descriptor.sql.BasicExtractor   : extracted value ([id1_3_] : [INTEGER]) - [1]
2022-03-13 00:51:37.100 TRACE 44828 --- [    Test worker] o.h.type.descriptor.sql.BasicExtractor   : extracted value ([name2_3_] : [VARCHAR]) - [ROLE_USER]
Hibernate: 
    /* insert com.jan.web.security.user.User
        */ insert 
        into
            users
            (id, password, username) 
        values
            (null, ?, ?)
2022-03-13 00:51:37.101 TRACE 44828 --- [    Test worker] o.h.type.descriptor.sql.BasicBinder      : binding parameter [1] as [VARCHAR] - [$2a$10$/FyiQub.cbMxos/IoohIGente/vGkm7jlDnrDUqLirVWvDS2pFH2i]
2022-03-13 00:51:37.101 TRACE 44828 --- [    Test worker] o.h.type.descriptor.sql.BasicBinder      : binding parameter [2] as [VARCHAR] - [test_user]
Hibernate: 
    /* insert collection
        row com.jan.web.security.user.User.roles */ insert 
        into
            user_roles
            (user_id, role_id) 
        values
            (?, ?)
2022-03-13 00:51:37.102 TRACE 44828 --- [    Test worker] o.h.type.descriptor.sql.BasicBinder      : binding parameter [1] as [BIGINT] - [7]
2022-03-13 00:51:37.102 TRACE 44828 --- [    Test worker] o.h.type.descriptor.sql.BasicBinder      : binding parameter [2] as [INTEGER] - [1]
Hibernate: 
    /* select
        generatedAlias0 
    from
        User as generatedAlias0 
    where
        generatedAlias0.username=:param0 */ select
            user0_.id as id1_6_,
            user0_.password as password2_6_,
            user0_.username as username3_6_ 
        from
            users user0_ 
        where
            user0_.username=?
2022-03-13 00:51:37.103 TRACE 44828 --- [    Test worker] o.h.type.descriptor.sql.BasicBinder      : binding parameter [1] as [VARCHAR] - [test_user]
2022-03-13 00:51:37.103 TRACE 44828 --- [    Test worker] o.h.type.descriptor.sql.BasicExtractor   : extracted value ([id1_6_] : [BIGINT]) - [7]
2022-03-13 00:51:37.104 TRACE 44828 --- [    Test worker] o.h.type.descriptor.sql.BasicExtractor   : extracted value ([password2_6_] : [VARCHAR]) - [$2a$10$/FyiQub.cbMxos/IoohIGente/vGkm7jlDnrDUqLirVWvDS2pFH2i]
2022-03-13 00:51:37.104 TRACE 44828 --- [    Test worker] o.h.type.descriptor.sql.BasicExtractor   : extracted value ([username3_6_] : [VARCHAR]) - [test_user]
2022-03-13 00:51:37.104 TRACE 44828 --- [    Test worker] org.hibernate.type.CollectionType        : Created collection wrapper: [com.jan.web.security.user.User.roles#7]
Hibernate: 
    select
        roles0_.user_id as user_id1_5_0_,
        roles0_.role_id as role_id2_5_0_,
        role1_.id as id1_3_1_,
        role1_.name as name2_3_1_ 
    from
        user_roles roles0_ 
    inner join
        role role1_ 
            on roles0_.role_id=role1_.id 
    where
        roles0_.user_id=?
2022-03-13 00:51:37.104 TRACE 44828 --- [    Test worker] o.h.type.descriptor.sql.BasicBinder      : binding parameter [1] as [BIGINT] - [7]
2022-03-13 00:51:37.104 TRACE 44828 --- [    Test worker] o.h.type.descriptor.sql.BasicExtractor   : extracted value ([id1_3_1_] : [INTEGER]) - [1]
2022-03-13 00:51:37.104 TRACE 44828 --- [    Test worker] o.h.type.descriptor.sql.BasicExtractor   : extracted value ([name2_3_1_] : [VARCHAR]) - [ROLE_USER]
2022-03-13 00:51:37.104 TRACE 44828 --- [    Test worker] o.h.type.descriptor.sql.BasicExtractor   : extracted value ([user_id1_5_0_] : [BIGINT]) - [7]
2022-03-13 00:51:37.105 TRACE 44828 --- [    Test worker] o.h.type.descriptor.sql.BasicExtractor   : extracted value ([role_id2_5_0_] : [INTEGER]) - [1]
2022-03-13 00:51:37.180  WARN 44828 --- [    Test worker] c.g.dockerjava.core.DockerClientBuilder  : 'dockerHttpClient' should be set.Falling back to Jersey, will be an error in future releases.
Hibernate: 
    /* select
        generatedAlias0 
    from
        User as generatedAlias0 
    where
        generatedAlias0.username=:param0 */ select
            user0_.id as id1_6_,
            user0_.password as password2_6_,
            user0_.username as username3_6_ 
        from
            users user0_ 
        where
            user0_.username=?
2022-03-13 00:51:37.184 TRACE 44828 --- [o-auto-1-exec-2] o.h.type.descriptor.sql.BasicBinder      : binding parameter [1] as [VARCHAR] - [test_user]
2022-03-13 00:51:37.185 TRACE 44828 --- [o-auto-1-exec-2] o.h.type.descriptor.sql.BasicExtractor   : extracted value ([id1_6_] : [BIGINT]) - [7]
2022-03-13 00:51:37.185 TRACE 44828 --- [o-auto-1-exec-2] o.h.type.descriptor.sql.BasicExtractor   : extracted value ([password2_6_] : [VARCHAR]) - [$2a$10$/FyiQub.cbMxos/IoohIGente/vGkm7jlDnrDUqLirVWvDS2pFH2i]
2022-03-13 00:51:37.185 TRACE 44828 --- [o-auto-1-exec-2] o.h.type.descriptor.sql.BasicExtractor   : extracted value ([username3_6_] : [VARCHAR]) - [test_user]
2022-03-13 00:51:37.185 TRACE 44828 --- [o-auto-1-exec-2] org.hibernate.type.CollectionType        : Created collection wrapper: [com.jan.web.security.user.User.roles#7]
Hibernate: 
    select
        roles0_.user_id as user_id1_5_0_,
        roles0_.role_id as role_id2_5_0_,
        role1_.id as id1_3_1_,
        role1_.name as name2_3_1_ 
    from
        user_roles roles0_ 
    inner join
        role role1_ 
            on roles0_.role_id=role1_.id 
    where
        roles0_.user_id=?
2022-03-13 00:51:37.185 TRACE 44828 --- [o-auto-1-exec-2] o.h.type.descriptor.sql.BasicBinder      : binding parameter [1] as [BIGINT] - [7]
2022-03-13 00:51:37.186 TRACE 44828 --- [o-auto-1-exec-2] o.h.type.descriptor.sql.BasicExtractor   : extracted value ([id1_3_1_] : [INTEGER]) - [1]
2022-03-13 00:51:37.186 TRACE 44828 --- [o-auto-1-exec-2] o.h.type.descriptor.sql.BasicExtractor   : extracted value ([name2_3_1_] : [VARCHAR]) - [ROLE_USER]
2022-03-13 00:51:37.186 TRACE 44828 --- [o-auto-1-exec-2] o.h.type.descriptor.sql.BasicExtractor   : extracted value ([user_id1_5_0_] : [BIGINT]) - [7]
2022-03-13 00:51:37.186 TRACE 44828 --- [o-auto-1-exec-2] o.h.type.descriptor.sql.BasicExtractor   : extracted value ([role_id2_5_0_] : [INTEGER]) - [1]
Hibernate: 
    /* select
        generatedAlias0 
    from
        User as generatedAlias0 
    where
        generatedAlias0.username=:param0 */ select
            user0_.id as id1_6_,
            user0_.password as password2_6_,
            user0_.username as username3_6_ 
        from
            users user0_ 
        where
            user0_.username=?
2022-03-13 00:51:37.189 TRACE 44828 --- [o-auto-1-exec-2] o.h.type.descriptor.sql.BasicBinder      : binding parameter [1] as [VARCHAR] - [test_user]
2022-03-13 00:51:37.190 TRACE 44828 --- [o-auto-1-exec-2] o.h.type.descriptor.sql.BasicExtractor   : extracted value ([id1_6_] : [BIGINT]) - [7]
2022-03-13 00:51:37.190 TRACE 44828 --- [o-auto-1-exec-2] o.h.type.descriptor.sql.BasicExtractor   : extracted value ([password2_6_] : [VARCHAR]) - [$2a$10$/FyiQub.cbMxos/IoohIGente/vGkm7jlDnrDUqLirVWvDS2pFH2i]
2022-03-13 00:51:37.190 TRACE 44828 --- [o-auto-1-exec-2] o.h.type.descriptor.sql.BasicExtractor   : extracted value ([username3_6_] : [VARCHAR]) - [test_user]
2022-03-13 00:51:37.190 TRACE 44828 --- [o-auto-1-exec-2] org.hibernate.type.CollectionType        : Created collection wrapper: [com.jan.web.security.user.User.roles#7]
Hibernate: 
    /* select
        generatedAlias0 
    from
        Project as generatedAlias0 
    where
        generatedAlias0.user=:param0 */ select
            project0_.id as id1_1_,
            project0_.first_label as first_la2_1_,
            project0_.first_label_folder as first_la3_1_,
            project0_.name as name4_1_,
            project0_.second_label as second_l5_1_,
            project0_.second_label_folder as second_l6_1_,
            project0_.selected_model as selected7_1_,
            project0_.user_id as user_id8_1_ 
        from
            project project0_ 
        where
            project0_.user_id=?
2022-03-13 00:51:37.191 TRACE 44828 --- [o-auto-1-exec-2] o.h.type.descriptor.sql.BasicBinder      : binding parameter [1] as [BIGINT] - [7]
Hibernate: 
    /* select
        generatedAlias0 
    from
        Project as generatedAlias0 
    where
        generatedAlias0.user=:param0 */ select
            project0_.id as id1_1_,
            project0_.first_label as first_la2_1_,
            project0_.first_label_folder as first_la3_1_,
            project0_.name as name4_1_,
            project0_.second_label as second_l5_1_,
            project0_.second_label_folder as second_l6_1_,
            project0_.selected_model as selected7_1_,
            project0_.user_id as user_id8_1_ 
        from
            project project0_ 
        where
            project0_.user_id=?
2022-03-13 00:51:37.194 TRACE 44828 --- [    Test worker] o.h.type.descriptor.sql.BasicBinder      : binding parameter [1] as [BIGINT] - [7]
Hibernate: 
    select
        user0_.id as id1_6_0_,
        user0_.password as password2_6_0_,
        user0_.username as username3_6_0_ 
    from
        users user0_ 
    where
        user0_.id=?
2022-03-13 00:51:37.195 TRACE 44828 --- [    Test worker] o.h.type.descriptor.sql.BasicBinder      : binding parameter [1] as [BIGINT] - [7]
2022-03-13 00:51:37.196 TRACE 44828 --- [    Test worker] o.h.type.descriptor.sql.BasicExtractor   : extracted value ([password2_6_0_] : [VARCHAR]) - [$2a$10$/FyiQub.cbMxos/IoohIGente/vGkm7jlDnrDUqLirVWvDS2pFH2i]
2022-03-13 00:51:37.196 TRACE 44828 --- [    Test worker] o.h.type.descriptor.sql.BasicExtractor   : extracted value ([username3_6_0_] : [VARCHAR]) - [test_user]
2022-03-13 00:51:37.196 TRACE 44828 --- [    Test worker] org.hibernate.type.CollectionType        : Created collection wrapper: [com.jan.web.security.user.User.roles#7]
Hibernate: 
    select
        roles0_.user_id as user_id1_5_0_,
        roles0_.role_id as role_id2_5_0_,
        role1_.id as id1_3_1_,
        role1_.name as name2_3_1_ 
    from
        user_roles roles0_ 
    inner join
        role role1_ 
            on roles0_.role_id=role1_.id 
    where
        roles0_.user_id=?
2022-03-13 00:51:37.196 TRACE 44828 --- [    Test worker] o.h.type.descriptor.sql.BasicBinder      : binding parameter [1] as [BIGINT] - [7]
2022-03-13 00:51:37.197 TRACE 44828 --- [    Test worker] o.h.type.descriptor.sql.BasicExtractor   : extracted value ([id1_3_1_] : [INTEGER]) - [1]
2022-03-13 00:51:37.197 TRACE 44828 --- [    Test worker] o.h.type.descriptor.sql.BasicExtractor   : extracted value ([name2_3_1_] : [VARCHAR]) - [ROLE_USER]
2022-03-13 00:51:37.197 TRACE 44828 --- [    Test worker] o.h.type.descriptor.sql.BasicExtractor   : extracted value ([user_id1_5_0_] : [BIGINT]) - [7]
2022-03-13 00:51:37.197 TRACE 44828 --- [    Test worker] o.h.type.descriptor.sql.BasicExtractor   : extracted value ([role_id2_5_0_] : [INTEGER]) - [1]
Hibernate: 
    /* delete collection com.jan.web.security.user.User.roles */ delete 
        from
            user_roles 
        where
            user_id=?
2022-03-13 00:51:37.198 TRACE 44828 --- [    Test worker] o.h.type.descriptor.sql.BasicBinder      : binding parameter [1] as [BIGINT] - [7]
Hibernate: 
    /* delete com.jan.web.security.user.User */ delete 
        from
            users 
        where
            id=?
2022-03-13 00:51:37.199 TRACE 44828 --- [    Test worker] o.h.type.descriptor.sql.BasicBinder      : binding parameter [1] as [BIGINT] - [7]
]]></system-out>
  <system-err><![CDATA[]]></system-err>
</testsuite>
