<?xml version="1.0" encoding="UTF-8"?>
<testsuite name="com.jan.web.security.authentication.AuthenticationControllerTest" tests="9" skipped="0" failures="0" errors="0" timestamp="2022-03-12T23:51:33" hostname="jan-mac" time="0.137">
  <properties/>
  <testcase name="whenNotRegisteredUserTriesToSignIn_thenAuthenticationFails()" classname="com.jan.web.security.authentication.AuthenticationControllerTest" time="0.075"/>
  <testcase name="whenAlreadyRegisteredUsernameIsUsed_thenRegistrationProcessReturnsBadRequest()" classname="com.jan.web.security.authentication.AuthenticationControllerTest" time="0.002"/>
  <testcase name="whenUserIsSuccessfullySignedInWithPrepareEnvironentFlag_thenListenerWillBeCalled()" classname="com.jan.web.security.authentication.AuthenticationControllerTest" time="0.0"/>
  <testcase name="whenNewUserTriesToRegister_thenPasswordIsEncrypted()" classname="com.jan.web.security.authentication.AuthenticationControllerTest" time="0.011"/>
  <testcase name="whenUserIsRegistered_thenUserRoleShouldBeSetOnlyToUser()" classname="com.jan.web.security.authentication.AuthenticationControllerTest" time="0.001"/>
  <testcase name="whenNewUserTriesToRegister_thenUserIsRegistered()" classname="com.jan.web.security.authentication.AuthenticationControllerTest" time="0.002"/>
  <testcase name="whenUserTriesToSignIn_thenNewJWTTokenIsGenerated()" classname="com.jan.web.security.authentication.AuthenticationControllerTest" time="0.025"/>
  <testcase name="whenUserTriesToSignIn_thenSetOfGrantedAuthoritiesIsUsed()" classname="com.jan.web.security.authentication.AuthenticationControllerTest" time="0.015"/>
  <testcase name="whenUserTriesToSignIn_thenSecurityContextIsProperlySet()" classname="com.jan.web.security.authentication.AuthenticationControllerTest" time="0.001"/>
  <system-out><![CDATA[]]></system-out>
  <system-err><![CDATA[]]></system-err>
</testsuite>
