<?xml version="1.0" encoding="UTF-8"?>
<testsuite name="com.jan.web.WebApplicationTests" tests="1" skipped="0" failures="0" errors="0" timestamp="2022-03-12T23:51:37" hostname="jan-mac" time="0.003">
  <properties/>
  <testcase name="contextLoads()" classname="com.jan.web.WebApplicationTests" time="0.003"/>
  <system-out><![CDATA[2022-03-13 00:51:37.286  INFO 44828 --- [    Test worker] .b.t.c.SpringBootTestContextBootstrapper : Neither @ContextConfiguration nor @ContextHierarchy found for test class [com.jan.web.WebApplicationTests], using SpringBootContextLoader
2022-03-13 00:51:37.287  INFO 44828 --- [    Test worker] o.s.t.c.support.AbstractContextLoader    : Could not detect default resource locations for test class [com.jan.web.WebApplicationTests]: no resource found for suffixes {-context.xml, Context.groovy}.
2022-03-13 00:51:37.287  INFO 44828 --- [    Test worker] t.c.s.AnnotationConfigContextLoaderUtils : Could not detect default configuration classes for test class [com.jan.web.WebApplicationTests]: WebApplicationTests does not declare any static, non-private, non-final, nested classes annotated with @Configuration.
2022-03-13 00:51:37.289  INFO 44828 --- [    Test worker] .b.t.c.SpringBootTestContextBootstrapper : Found @SpringBootConfiguration com.jan.web.WebApplication for test class com.jan.web.WebApplicationTests
2022-03-13 00:51:37.290  INFO 44828 --- [    Test worker] .b.t.c.SpringBootTestContextBootstrapper : Loaded default TestExecutionListener class names from location [META-INF/spring.factories]: [org.springframework.security.test.context.support.WithSecurityContextTestExecutionListener, org.springframework.security.test.context.support.ReactorContextTestExecutionListener, org.springframework.boot.test.autoconfigure.restdocs.RestDocsTestExecutionListener, org.springframework.boot.test.autoconfigure.web.client.MockRestServiceServerResetTestExecutionListener, org.springframework.boot.test.autoconfigure.web.servlet.MockMvcPrintOnlyOnFailureTestExecutionListener, org.springframework.boot.test.autoconfigure.web.servlet.WebDriverTestExecutionListener, org.springframework.boot.test.autoconfigure.webservices.client.MockWebServiceServerTestExecutionListener, org.springframework.boot.test.mock.mockito.MockitoTestExecutionListener, org.springframework.boot.test.mock.mockito.ResetMocksTestExecutionListener, org.springframework.test.context.web.ServletTestExecutionListener, org.springframework.test.context.support.DirtiesContextBeforeModesTestExecutionListener, org.springframework.test.context.event.ApplicationEventsTestExecutionListener, org.springframework.test.context.support.DependencyInjectionTestExecutionListener, org.springframework.test.context.support.DirtiesContextTestExecutionListener, org.springframework.test.context.transaction.TransactionalTestExecutionListener, org.springframework.test.context.jdbc.SqlScriptsTestExecutionListener, org.springframework.test.context.event.EventPublishingTestExecutionListener]
2022-03-13 00:51:37.291  INFO 44828 --- [    Test worker] .b.t.c.SpringBootTestContextBootstrapper : Using TestExecutionListeners: [org.springframework.test.context.web.ServletTestExecutionListener@6799243b, org.springframework.test.context.support.DirtiesContextBeforeModesTestExecutionListener@4aa4a3e5, org.springframework.test.context.event.ApplicationEventsTestExecutionListener@2203fa4c, org.springframework.boot.test.mock.mockito.MockitoTestExecutionListener@a674645, org.springframework.boot.test.autoconfigure.SpringBootDependencyInjectionTestExecutionListener@247113ce, org.springframework.test.context.support.DirtiesContextTestExecutionListener@4ba5272e, org.springframework.test.context.transaction.TransactionalTestExecutionListener@76c9658c, org.springframework.test.context.jdbc.SqlScriptsTestExecutionListener@462c407e, org.springframework.security.test.context.support.WithSecurityContextTestExecutionListener@6a6fc416, org.springframework.test.context.event.EventPublishingTestExecutionListener@8911222, org.springframework.security.test.context.support.ReactorContextTestExecutionListener@35c9e3b9, org.springframework.boot.test.autoconfigure.restdocs.RestDocsTestExecutionListener@11c27ace, org.springframework.boot.test.autoconfigure.web.client.MockRestServiceServerResetTestExecutionListener@5194394, org.springframework.boot.test.autoconfigure.web.servlet.MockMvcPrintOnlyOnFailureTestExecutionListener@5195117, org.springframework.boot.test.autoconfigure.web.servlet.WebDriverTestExecutionListener@7fb7be26, org.springframework.boot.test.autoconfigure.webservices.client.MockWebServiceServerTestExecutionListener@7da1bf14, org.springframework.boot.test.mock.mockito.ResetMocksTestExecutionListener@32eb46d7]
]]></system-out>
  <system-err><![CDATA[]]></system-err>
</testsuite>
